2020-07-05 13:22:05,974 INFO o.s.b.StartupInfoLogger [restartedMain] Starting AuApplication on DESKTOP-5DRKUTM with PID 5828 (C:\Users\Rohit\Documents\eclipse-work\AU\target\classes started by Rohit in C:\Users\Rohit\Documents\eclipse-work\AU)
2020-07-05 13:22:06,121 INFO o.s.b.SpringApplication [restartedMain] No active profile set, falling back to default profiles: default
2020-07-05 13:22:06,398 INFO o.s.b.l.DeferredLog [restartedMain] Devtools property defaults active! Set 'spring.devtools.add-properties' to 'false' to disable
2020-07-05 13:22:06,401 INFO o.s.b.l.DeferredLog [restartedMain] For additional web related logging consider setting the 'logging.level.web' property to 'DEBUG'
2020-07-05 13:22:12,366 INFO o.s.d.r.c.RepositoryConfigurationDelegate [restartedMain] Bootstrapping Spring Data JPA repositories in DEFERRED mode.
2020-07-05 13:22:12,758 INFO o.s.d.r.c.RepositoryConfigurationDelegate [restartedMain] Finished Spring Data repository scanning in 188ms. Found 0 JPA repository interfaces.
2020-07-05 13:22:20,706 INFO o.s.b.w.e.t.TomcatWebServer [restartedMain] Tomcat initialized with port(s): 8080 (http)
2020-07-05 13:22:20,946 INFO o.a.j.l.DirectJDKLog [restartedMain] Initializing ProtocolHandler ["http-nio-8080"]
2020-07-05 13:22:20,948 INFO o.a.j.l.DirectJDKLog [restartedMain] Starting service [Tomcat]
2020-07-05 13:22:20,949 INFO o.a.j.l.DirectJDKLog [restartedMain] Starting Servlet engine: [Apache Tomcat/9.0.35]
2020-07-05 13:22:21,491 INFO o.a.j.l.DirectJDKLog [restartedMain] Initializing Spring embedded WebApplicationContext
2020-07-05 13:22:21,491 INFO o.s.b.w.s.c.ServletWebServerApplicationContext [restartedMain] Root WebApplicationContext: initialization completed in 15089 ms
2020-07-05 13:22:24,733 INFO o.s.s.c.ExecutorConfigurationSupport [restartedMain] Initializing ExecutorService 'applicationTaskExecutor'
2020-07-05 13:22:25,465 INFO o.h.j.i.u.LogHelper [task-1] HHH000204: Processing PersistenceUnitInfo [name: default]
2020-07-05 13:22:26,877 INFO o.h.Version [task-1] HHH000412: Hibernate ORM core version 5.4.15.Final
2020-07-05 13:22:30,406 INFO o.h.a.c.r.j.JavaReflectionManager [task-1] HCANN000001: Hibernate Commons Annotations {5.1.0.Final}
2020-07-05 13:22:31,829 INFO c.z.h.HikariDataSource [task-1] HikariPool-1 - Starting...
2020-07-05 13:22:33,925 INFO c.z.h.HikariDataSource [task-1] HikariPool-1 - Start completed.
2020-07-05 13:22:34,272 INFO o.h.d.Dialect [task-1] HHH000400: Using dialect: org.hibernate.dialect.MySQL5Dialect
2020-07-05 13:22:37,315 INFO o.h.e.t.j.p.i.JtaPlatformInitiator [task-1] HHH000490: Using JtaPlatform implementation: [org.hibernate.engine.transaction.jta.platform.internal.NoJtaPlatform]
2020-07-05 13:22:37,437 INFO o.s.o.j.AbstractEntityManagerFactoryBean [task-1] Initialized JPA EntityManagerFactory for persistence unit 'default'
2020-07-05 13:22:38,230 INFO o.s.b.d.a.OptionalLiveReloadServer [task-2] LiveReload server is running on port 35729
2020-07-05 13:22:40,877 WARN o.s.d.r.w.h.HalBrowser [restartedMain] ---
2020-07-05 13:22:40,878 WARN o.s.d.r.w.h.HalBrowser [restartedMain] Spring Data REST HAL Browser is deprecated! Prefer the HAL Explorer (artifactId: spring-data-rest-hal-explorer)!
2020-07-05 13:22:40,878 WARN o.s.d.r.w.h.HalBrowser [restartedMain] ---
2020-07-05 13:22:41,080 WARN o.s.b.a.o.j.JpaBaseConfiguration$JpaWebConfiguration [restartedMain] spring.jpa.open-in-view is enabled by default. Therefore, database queries may be performed during view rendering. Explicitly configure spring.jpa.open-in-view to disable this warning
2020-07-05 13:22:43,863 WARN o.s.b.a.t.ThymeleafAutoConfiguration$DefaultTemplateResolverConfiguration [restartedMain] Cannot find template location: classpath:/templates/ (please add some templates or check your Thymeleaf configuration)
2020-07-05 13:22:45,988 INFO o.s.b.a.e.w.EndpointLinksResolver [restartedMain] Exposing 2 endpoint(s) beneath base path '/actuator'
2020-07-05 13:22:46,298 INFO o.a.j.l.DirectJDKLog [restartedMain] Starting ProtocolHandler ["http-nio-8080"]
2020-07-05 13:22:46,984 INFO o.s.b.w.e.t.TomcatWebServer [restartedMain] Tomcat started on port(s): 8080 (http) with context path ''
2020-07-05 13:22:46,987 INFO o.s.d.r.c.DeferredRepositoryInitializationListener [restartedMain] Triggering deferred initialization of Spring Data repositories…
2020-07-05 13:22:46,988 INFO o.s.d.r.c.DeferredRepositoryInitializationListener [restartedMain] Spring Data repositories initialized!
2020-07-05 13:22:47,011 INFO o.s.b.StartupInfoLogger [restartedMain] Started AuApplication in 42.13 seconds (JVM running for 60.81)
2020-07-05 13:32:37,484 INFO o.s.o.j.AbstractEntityManagerFactoryBean [Thread-346] Closing JPA EntityManagerFactory for persistence unit 'default'
2020-07-05 13:32:37,488 INFO o.s.s.c.ExecutorConfigurationSupport [Thread-346] Shutting down ExecutorService 'applicationTaskExecutor'
2020-07-05 13:32:37,492 INFO c.z.h.HikariDataSource [Thread-346] HikariPool-1 - Shutdown initiated...
2020-07-05 13:32:37,529 INFO c.z.h.HikariDataSource [Thread-346] HikariPool-1 - Shutdown completed.
2020-07-05 13:34:01,121 INFO o.s.b.StartupInfoLogger [restartedMain] Starting AuApplication on DESKTOP-5DRKUTM with PID 5828 (C:\Users\Rohit\Documents\eclipse-work\AU\target\classes started by Rohit in C:\Users\Rohit\Documents\eclipse-work\AU)
2020-07-05 13:34:01,124 INFO o.s.b.SpringApplication [restartedMain] No active profile set, falling back to default profiles: default
2020-07-05 13:34:03,125 INFO o.s.d.r.c.RepositoryConfigurationDelegate [restartedMain] Bootstrapping Spring Data JPA repositories in DEFERRED mode.
2020-07-05 13:34:03,148 INFO o.s.d.r.c.RepositoryConfigurationDelegate [restartedMain] Finished Spring Data repository scanning in 21ms. Found 0 JPA repository interfaces.
2020-07-05 13:34:03,514 INFO o.s.b.w.e.t.TomcatWebServer [restartedMain] Tomcat initialized with port(s): 8080 (http)
2020-07-05 13:34:03,517 INFO o.a.j.l.DirectJDKLog [restartedMain] Initializing ProtocolHandler ["http-nio-8080"]
2020-07-05 13:34:03,517 INFO o.a.j.l.DirectJDKLog [restartedMain] Starting service [Tomcat]
2020-07-05 13:34:03,518 INFO o.a.j.l.DirectJDKLog [restartedMain] Starting Servlet engine: [Apache Tomcat/9.0.35]
2020-07-05 13:34:03,576 INFO o.a.j.l.DirectJDKLog [restartedMain] Initializing Spring embedded WebApplicationContext
2020-07-05 13:34:03,577 INFO o.s.b.w.s.c.ServletWebServerApplicationContext [restartedMain] Root WebApplicationContext: initialization completed in 2441 ms
2020-07-05 13:34:03,708 WARN o.s.c.s.AbstractApplicationContext [restartedMain] Exception encountered during context initialization - cancelling refresh attempt: org.springframework.beans.factory.UnsatisfiedDependencyException: Error creating bean with name 'inMemoryDatabaseShutdownExecutor' defined in class path resource [org/springframework/boot/devtools/autoconfigure/DevToolsDataSourceAutoConfiguration.class]: Unsatisfied dependency expressed through method 'inMemoryDatabaseShutdownExecutor' parameter 0; nested exception is org.springframework.beans.factory.BeanCreationException: Error creating bean with name 'dataSource' defined in class path resource [org/springframework/boot/autoconfigure/jdbc/DataSourceConfiguration$Hikari.class]: Bean instantiation via factory method failed; nested exception is org.springframework.beans.BeanInstantiationException: Failed to instantiate [com.zaxxer.hikari.HikariDataSource]: Factory method 'dataSource' threw exception; nested exception is org.springframework.boot.autoconfigure.jdbc.DataSourceProperties$DataSourceBeanCreationException: Failed to determine a suitable driver class
2020-07-05 13:34:03,712 INFO o.a.j.l.DirectJDKLog [restartedMain] Stopping service [Tomcat]
2020-07-05 13:34:03,731 INFO o.s.b.a.l.ConditionEvaluationReportLoggingListener [restartedMain] 

Error starting ApplicationContext. To display the conditions report re-run your application with 'debug' enabled.
2020-07-05 13:34:03,733 ERROR o.s.b.d.LoggingFailureAnalysisReporter [restartedMain] 

***************************
APPLICATION FAILED TO START
***************************

Description:

Failed to configure a DataSource: 'url' attribute is not specified and no embedded datasource could be configured.

Reason: Failed to determine a suitable driver class


Action:

Consider the following:
	If you want an embedded database (H2, HSQL or Derby), please put it on the classpath.
	If you have database settings to be loaded from a particular profile you may need to activate it (no profiles are currently active).

2020-07-05 13:34:03,735 WARN o.s.b.SpringApplication [restartedMain] Unable to close ApplicationContext
org.springframework.beans.factory.BeanCreationException: Error creating bean with name 'applicationAvailability' defined in class path resource [org/springframework/boot/autoconfigure/availability/ApplicationAvailabilityAutoConfiguration.class]: BeanPostProcessor before instantiation of bean failed; nested exception is org.springframework.beans.factory.BeanCreationException: Error creating bean with name 'org.springframework.transaction.annotation.ProxyTransactionManagementConfiguration': Initialization of bean failed; nested exception is org.springframework.beans.factory.NoSuchBeanDefinitionException: No bean named 'org.springframework.context.annotation.ConfigurationClassPostProcessor.importRegistry' available
	at org.springframework.beans.factory.support.AbstractAutowireCapableBeanFactory.createBean(AbstractAutowireCapableBeanFactory.java:512) ~[spring-beans-5.2.6.RELEASE.jar:5.2.6.RELEASE]
	at org.springframework.beans.factory.support.AbstractBeanFactory.lambda$doGetBean$0(AbstractBeanFactory.java:323) ~[spring-beans-5.2.6.RELEASE.jar:5.2.6.RELEASE]
	at org.springframework.beans.factory.support.DefaultSingletonBeanRegistry.getSingleton(DefaultSingletonBeanRegistry.java:226) ~[spring-beans-5.2.6.RELEASE.jar:5.2.6.RELEASE]
	at org.springframework.beans.factory.support.AbstractBeanFactory.doGetBean(AbstractBeanFactory.java:321) ~[spring-beans-5.2.6.RELEASE.jar:5.2.6.RELEASE]
	at org.springframework.beans.factory.support.AbstractBeanFactory.getBean(AbstractBeanFactory.java:207) ~[spring-beans-5.2.6.RELEASE.jar:5.2.6.RELEASE]
	at org.springframework.context.event.AbstractApplicationEventMulticaster.retrieveApplicationListeners(AbstractApplicationEventMulticaster.java:245) ~[spring-context-5.2.6.RELEASE.jar:5.2.6.RELEASE]
	at org.springframework.context.event.AbstractApplicationEventMulticaster.getApplicationListeners(AbstractApplicationEventMulticaster.java:197) ~[spring-context-5.2.6.RELEASE.jar:5.2.6.RELEASE]
	at org.springframework.context.event.SimpleApplicationEventMulticaster.multicastEvent(SimpleApplicationEventMulticaster.java:134) ~[spring-context-5.2.6.RELEASE.jar:5.2.6.RELEASE]
	at org.springframework.context.support.AbstractApplicationContext.publishEvent(AbstractApplicationContext.java:403) ~[spring-context-5.2.6.RELEASE.jar:5.2.6.RELEASE]
	at org.springframework.context.support.AbstractApplicationContext.publishEvent(AbstractApplicationContext.java:360) ~[spring-context-5.2.6.RELEASE.jar:5.2.6.RELEASE]
	at org.springframework.boot.availability.AvailabilityChangeEvent.publish(AvailabilityChangeEvent.java:81) ~[spring-boot-2.3.0.RELEASE.jar:2.3.0.RELEASE]
	at org.springframework.boot.availability.AvailabilityChangeEvent.publish(AvailabilityChangeEvent.java:67) ~[spring-boot-2.3.0.RELEASE.jar:2.3.0.RELEASE]
	at org.springframework.boot.web.servlet.context.ServletWebServerApplicationContext.doClose(ServletWebServerApplicationContext.java:167) ~[spring-boot-2.3.0.RELEASE.jar:2.3.0.RELEASE]
	at org.springframework.context.support.AbstractApplicationContext.close(AbstractApplicationContext.java:978) ~[spring-context-5.2.6.RELEASE.jar:5.2.6.RELEASE]
	at org.springframework.boot.SpringApplication.handleRunFailure(SpringApplication.java:814) [spring-boot-2.3.0.RELEASE.jar:2.3.0.RELEASE]
	at org.springframework.boot.SpringApplication.run(SpringApplication.java:325) [spring-boot-2.3.0.RELEASE.jar:2.3.0.RELEASE]
	at org.springframework.boot.SpringApplication.run(SpringApplication.java:1237) [spring-boot-2.3.0.RELEASE.jar:2.3.0.RELEASE]
	at org.springframework.boot.SpringApplication.run(SpringApplication.java:1226) [spring-boot-2.3.0.RELEASE.jar:2.3.0.RELEASE]
	at com.Accolite.AU.AuApplication.main(AuApplication.java:10) [classes/:?]
	at sun.reflect.NativeMethodAccessorImpl.invoke0(Native Method) ~[?:1.8.0_251]
	at sun.reflect.NativeMethodAccessorImpl.invoke(Unknown Source) ~[?:1.8.0_251]
	at sun.reflect.DelegatingMethodAccessorImpl.invoke(Unknown Source) ~[?:1.8.0_251]
	at java.lang.reflect.Method.invoke(Unknown Source) ~[?:1.8.0_251]
	at org.springframework.boot.devtools.restart.RestartLauncher.run(RestartLauncher.java:49) [spring-boot-devtools-2.3.0.RELEASE.jar:2.3.0.RELEASE]
Caused by: org.springframework.beans.factory.BeanCreationException: Error creating bean with name 'org.springframework.transaction.annotation.ProxyTransactionManagementConfiguration': Initialization of bean failed; nested exception is org.springframework.beans.factory.NoSuchBeanDefinitionException: No bean named 'org.springframework.context.annotation.ConfigurationClassPostProcessor.importRegistry' available
	at org.springframework.beans.factory.support.AbstractAutowireCapableBeanFactory.doCreateBean(AbstractAutowireCapableBeanFactory.java:603) ~[spring-beans-5.2.6.RELEASE.jar:5.2.6.RELEASE]
	at org.springframework.beans.factory.support.AbstractAutowireCapableBeanFactory.createBean(AbstractAutowireCapableBeanFactory.java:517) ~[spring-beans-5.2.6.RELEASE.jar:5.2.6.RELEASE]
	at org.springframework.beans.factory.support.AbstractBeanFactory.lambda$doGetBean$0(AbstractBeanFactory.java:323) ~[spring-beans-5.2.6.RELEASE.jar:5.2.6.RELEASE]
	at org.springframework.beans.factory.support.DefaultSingletonBeanRegistry.getSingleton(DefaultSingletonBeanRegistry.java:226) ~[spring-beans-5.2.6.RELEASE.jar:5.2.6.RELEASE]
	at org.springframework.beans.factory.support.AbstractBeanFactory.doGetBean(AbstractBeanFactory.java:321) ~[spring-beans-5.2.6.RELEASE.jar:5.2.6.RELEASE]
	at org.springframework.beans.factory.support.AbstractBeanFactory.getBean(AbstractBeanFactory.java:202) ~[spring-beans-5.2.6.RELEASE.jar:5.2.6.RELEASE]
	at org.springframework.beans.factory.support.ConstructorResolver.instantiateUsingFactoryMethod(ConstructorResolver.java:409) ~[spring-beans-5.2.6.RELEASE.jar:5.2.6.RELEASE]
	at org.springframework.beans.factory.support.AbstractAutowireCapableBeanFactory.instantiateUsingFactoryMethod(AbstractAutowireCapableBeanFactory.java:1338) ~[spring-beans-5.2.6.RELEASE.jar:5.2.6.RELEASE]
	at org.springframework.beans.factory.support.AbstractAutowireCapableBeanFactory.createBeanInstance(AbstractAutowireCapableBeanFactory.java:1177) ~[spring-beans-5.2.6.RELEASE.jar:5.2.6.RELEASE]
	at org.springframework.beans.factory.support.AbstractAutowireCapableBeanFactory.doCreateBean(AbstractAutowireCapableBeanFactory.java:557) ~[spring-beans-5.2.6.RELEASE.jar:5.2.6.RELEASE]
	at org.springframework.beans.factory.support.AbstractAutowireCapableBeanFactory.createBean(AbstractAutowireCapableBeanFactory.java:517) ~[spring-beans-5.2.6.RELEASE.jar:5.2.6.RELEASE]
	at org.springframework.beans.factory.support.AbstractBeanFactory.lambda$doGetBean$0(AbstractBeanFactory.java:323) ~[spring-beans-5.2.6.RELEASE.jar:5.2.6.RELEASE]
	at org.springframework.beans.factory.support.DefaultSingletonBeanRegistry.getSingleton(DefaultSingletonBeanRegistry.java:226) ~[spring-beans-5.2.6.RELEASE.jar:5.2.6.RELEASE]
	at org.springframework.beans.factory.support.AbstractBeanFactory.doGetBean(AbstractBeanFactory.java:321) ~[spring-beans-5.2.6.RELEASE.jar:5.2.6.RELEASE]
	at org.springframework.beans.factory.support.AbstractBeanFactory.getBean(AbstractBeanFactory.java:207) ~[spring-beans-5.2.6.RELEASE.jar:5.2.6.RELEASE]
	at org.springframework.aop.framework.autoproxy.BeanFactoryAdvisorRetrievalHelper.findAdvisorBeans(BeanFactoryAdvisorRetrievalHelper.java:91) ~[spring-aop-5.2.6.RELEASE.jar:5.2.6.RELEASE]
	at org.springframework.aop.framework.autoproxy.AbstractAdvisorAutoProxyCreator.findCandidateAdvisors(AbstractAdvisorAutoProxyCreator.java:109) ~[spring-aop-5.2.6.RELEASE.jar:5.2.6.RELEASE]
	at org.springframework.aop.aspectj.annotation.AnnotationAwareAspectJAutoProxyCreator.findCandidateAdvisors(AnnotationAwareAspectJAutoProxyCreator.java:92) ~[spring-aop-5.2.6.RELEASE.jar:5.2.6.RELEASE]
	at org.springframework.aop.aspectj.autoproxy.AspectJAwareAdvisorAutoProxyCreator.shouldSkip(AspectJAwareAdvisorAutoProxyCreator.java:101) ~[spring-aop-5.2.6.RELEASE.jar:5.2.6.RELEASE]
	at org.springframework.aop.framework.autoproxy.AbstractAutoProxyCreator.postProcessBeforeInstantiation(AbstractAutoProxyCreator.java:251) ~[spring-aop-5.2.6.RELEASE.jar:5.2.6.RELEASE]
	at org.springframework.beans.factory.support.AbstractAutowireCapableBeanFactory.applyBeanPostProcessorsBeforeInstantiation(AbstractAutowireCapableBeanFactory.java:1141) ~[spring-beans-5.2.6.RELEASE.jar:5.2.6.RELEASE]
	at org.springframework.beans.factory.support.AbstractAutowireCapableBeanFactory.resolveBeforeInstantiation(AbstractAutowireCapableBeanFactory.java:1114) ~[spring-beans-5.2.6.RELEASE.jar:5.2.6.RELEASE]
	at org.springframework.beans.factory.support.AbstractAutowireCapableBeanFactory.createBean(AbstractAutowireCapableBeanFactory.java:506) ~[spring-beans-5.2.6.RELEASE.jar:5.2.6.RELEASE]
	... 23 more
Caused by: org.springframework.beans.factory.NoSuchBeanDefinitionException: No bean named 'org.springframework.context.annotation.ConfigurationClassPostProcessor.importRegistry' available
	at org.springframework.beans.factory.support.DefaultListableBeanFactory.getBeanDefinition(DefaultListableBeanFactory.java:814) ~[spring-beans-5.2.6.RELEASE.jar:5.2.6.RELEASE]
	at org.springframework.beans.factory.support.AbstractBeanFactory.getMergedLocalBeanDefinition(AbstractBeanFactory.java:1282) ~[spring-beans-5.2.6.RELEASE.jar:5.2.6.RELEASE]
	at org.springframework.beans.factory.support.AbstractBeanFactory.doGetBean(AbstractBeanFactory.java:297) ~[spring-beans-5.2.6.RELEASE.jar:5.2.6.RELEASE]
	at org.springframework.beans.factory.support.AbstractBeanFactory.getBean(AbstractBeanFactory.java:207) ~[spring-beans-5.2.6.RELEASE.jar:5.2.6.RELEASE]
	at org.springframework.context.annotation.ConfigurationClassPostProcessor$ImportAwareBeanPostProcessor.postProcessBeforeInitialization(ConfigurationClassPostProcessor.java:456) ~[spring-context-5.2.6.RELEASE.jar:5.2.6.RELEASE]
	at org.springframework.beans.factory.support.AbstractAutowireCapableBeanFactory.applyBeanPostProcessorsBeforeInitialization(AbstractAutowireCapableBeanFactory.java:416) ~[spring-beans-5.2.6.RELEASE.jar:5.2.6.RELEASE]
	at org.springframework.beans.factory.support.AbstractAutowireCapableBeanFactory.initializeBean(AbstractAutowireCapableBeanFactory.java:1788) ~[spring-beans-5.2.6.RELEASE.jar:5.2.6.RELEASE]
	at org.springframework.beans.factory.support.AbstractAutowireCapableBeanFactory.doCreateBean(AbstractAutowireCapableBeanFactory.java:595) ~[spring-beans-5.2.6.RELEASE.jar:5.2.6.RELEASE]
	at org.springframework.beans.factory.support.AbstractAutowireCapableBeanFactory.createBean(AbstractAutowireCapableBeanFactory.java:517) ~[spring-beans-5.2.6.RELEASE.jar:5.2.6.RELEASE]
	at org.springframework.beans.factory.support.AbstractBeanFactory.lambda$doGetBean$0(AbstractBeanFactory.java:323) ~[spring-beans-5.2.6.RELEASE.jar:5.2.6.RELEASE]
	at org.springframework.beans.factory.support.DefaultSingletonBeanRegistry.getSingleton(DefaultSingletonBeanRegistry.java:226) ~[spring-beans-5.2.6.RELEASE.jar:5.2.6.RELEASE]
	at org.springframework.beans.factory.support.AbstractBeanFactory.doGetBean(AbstractBeanFactory.java:321) ~[spring-beans-5.2.6.RELEASE.jar:5.2.6.RELEASE]
	at org.springframework.beans.factory.support.AbstractBeanFactory.getBean(AbstractBeanFactory.java:202) ~[spring-beans-5.2.6.RELEASE.jar:5.2.6.RELEASE]
	at org.springframework.beans.factory.support.ConstructorResolver.instantiateUsingFactoryMethod(ConstructorResolver.java:409) ~[spring-beans-5.2.6.RELEASE.jar:5.2.6.RELEASE]
	at org.springframework.beans.factory.support.AbstractAutowireCapableBeanFactory.instantiateUsingFactoryMethod(AbstractAutowireCapableBeanFactory.java:1338) ~[spring-beans-5.2.6.RELEASE.jar:5.2.6.RELEASE]
	at org.springframework.beans.factory.support.AbstractAutowireCapableBeanFactory.createBeanInstance(AbstractAutowireCapableBeanFactory.java:1177) ~[spring-beans-5.2.6.RELEASE.jar:5.2.6.RELEASE]
	at org.springframework.beans.factory.support.AbstractAutowireCapableBeanFactory.doCreateBean(AbstractAutowireCapableBeanFactory.java:557) ~[spring-beans-5.2.6.RELEASE.jar:5.2.6.RELEASE]
	at org.springframework.beans.factory.support.AbstractAutowireCapableBeanFactory.createBean(AbstractAutowireCapableBeanFactory.java:517) ~[spring-beans-5.2.6.RELEASE.jar:5.2.6.RELEASE]
	at org.springframework.beans.factory.support.AbstractBeanFactory.lambda$doGetBean$0(AbstractBeanFactory.java:323) ~[spring-beans-5.2.6.RELEASE.jar:5.2.6.RELEASE]
	at org.springframework.beans.factory.support.DefaultSingletonBeanRegistry.getSingleton(DefaultSingletonBeanRegistry.java:226) ~[spring-beans-5.2.6.RELEASE.jar:5.2.6.RELEASE]
	at org.springframework.beans.factory.support.AbstractBeanFactory.doGetBean(AbstractBeanFactory.java:321) ~[spring-beans-5.2.6.RELEASE.jar:5.2.6.RELEASE]
	at org.springframework.beans.factory.support.AbstractBeanFactory.getBean(AbstractBeanFactory.java:207) ~[spring-beans-5.2.6.RELEASE.jar:5.2.6.RELEASE]
	at org.springframework.aop.framework.autoproxy.BeanFactoryAdvisorRetrievalHelper.findAdvisorBeans(BeanFactoryAdvisorRetrievalHelper.java:91) ~[spring-aop-5.2.6.RELEASE.jar:5.2.6.RELEASE]
	at org.springframework.aop.framework.autoproxy.AbstractAdvisorAutoProxyCreator.findCandidateAdvisors(AbstractAdvisorAutoProxyCreator.java:109) ~[spring-aop-5.2.6.RELEASE.jar:5.2.6.RELEASE]
	at org.springframework.aop.aspectj.annotation.AnnotationAwareAspectJAutoProxyCreator.findCandidateAdvisors(AnnotationAwareAspectJAutoProxyCreator.java:92) ~[spring-aop-5.2.6.RELEASE.jar:5.2.6.RELEASE]
	at org.springframework.aop.aspectj.autoproxy.AspectJAwareAdvisorAutoProxyCreator.shouldSkip(AspectJAwareAdvisorAutoProxyCreator.java:101) ~[spring-aop-5.2.6.RELEASE.jar:5.2.6.RELEASE]
	at org.springframework.aop.framework.autoproxy.AbstractAutoProxyCreator.postProcessBeforeInstantiation(AbstractAutoProxyCreator.java:251) ~[spring-aop-5.2.6.RELEASE.jar:5.2.6.RELEASE]
	at org.springframework.beans.factory.support.AbstractAutowireCapableBeanFactory.applyBeanPostProcessorsBeforeInstantiation(AbstractAutowireCapableBeanFactory.java:1141) ~[spring-beans-5.2.6.RELEASE.jar:5.2.6.RELEASE]
	at org.springframework.beans.factory.support.AbstractAutowireCapableBeanFactory.resolveBeforeInstantiation(AbstractAutowireCapableBeanFactory.java:1114) ~[spring-beans-5.2.6.RELEASE.jar:5.2.6.RELEASE]
	at org.springframework.beans.factory.support.AbstractAutowireCapableBeanFactory.createBean(AbstractAutowireCapableBeanFactory.java:506) ~[spring-beans-5.2.6.RELEASE.jar:5.2.6.RELEASE]
	... 23 more
2020-07-05 13:34:14,551 INFO o.s.b.StartupInfoLogger [restartedMain] Starting AuApplication on DESKTOP-5DRKUTM with PID 5828 (C:\Users\Rohit\Documents\eclipse-work\AU\target\classes started by Rohit in C:\Users\Rohit\Documents\eclipse-work\AU)
2020-07-05 13:34:14,553 INFO o.s.b.SpringApplication [restartedMain] No active profile set, falling back to default profiles: default
2020-07-05 13:34:15,932 INFO o.s.d.r.c.RepositoryConfigurationDelegate [restartedMain] Bootstrapping Spring Data JPA repositories in DEFERRED mode.
2020-07-05 13:34:15,947 INFO o.s.d.r.c.RepositoryConfigurationDelegate [restartedMain] Finished Spring Data repository scanning in 14ms. Found 0 JPA repository interfaces.
2020-07-05 13:34:16,245 INFO o.s.b.w.e.t.TomcatWebServer [restartedMain] Tomcat initialized with port(s): 8080 (http)
2020-07-05 13:34:16,246 INFO o.a.j.l.DirectJDKLog [restartedMain] Initializing ProtocolHandler ["http-nio-8080"]
2020-07-05 13:34:16,247 INFO o.a.j.l.DirectJDKLog [restartedMain] Starting service [Tomcat]
2020-07-05 13:34:16,247 INFO o.a.j.l.DirectJDKLog [restartedMain] Starting Servlet engine: [Apache Tomcat/9.0.35]
2020-07-05 13:34:16,270 INFO o.a.j.l.DirectJDKLog [restartedMain] Initializing Spring embedded WebApplicationContext
2020-07-05 13:34:16,271 INFO o.s.b.w.s.c.ServletWebServerApplicationContext [restartedMain] Root WebApplicationContext: initialization completed in 1714 ms
2020-07-05 13:34:16,439 INFO o.s.s.c.ExecutorConfigurationSupport [restartedMain] Initializing ExecutorService 'applicationTaskExecutor'
2020-07-05 13:34:16,458 INFO o.h.j.i.u.LogHelper [task-1] HHH000204: Processing PersistenceUnitInfo [name: default]
2020-07-05 13:34:16,467 INFO c.z.h.HikariDataSource [task-1] HikariPool-2 - Starting...
2020-07-05 13:34:16,475 INFO c.z.h.HikariDataSource [task-1] HikariPool-2 - Start completed.
2020-07-05 13:34:16,476 INFO o.h.d.Dialect [task-1] HHH000400: Using dialect: org.hibernate.dialect.MySQL5Dialect
2020-07-05 13:34:16,506 INFO o.h.e.t.j.p.i.JtaPlatformInitiator [task-1] HHH000490: Using JtaPlatform implementation: [org.hibernate.engine.transaction.jta.platform.internal.NoJtaPlatform]
2020-07-05 13:34:16,507 INFO o.s.o.j.AbstractEntityManagerFactoryBean [task-1] Initialized JPA EntityManagerFactory for persistence unit 'default'
2020-07-05 13:34:16,532 INFO o.s.b.d.a.OptionalLiveReloadServer [task-2] LiveReload server is running on port 35729
2020-07-05 13:34:16,775 WARN o.s.d.r.w.h.HalBrowser [restartedMain] ---
2020-07-05 13:34:16,776 WARN o.s.d.r.w.h.HalBrowser [restartedMain] Spring Data REST HAL Browser is deprecated! Prefer the HAL Explorer (artifactId: spring-data-rest-hal-explorer)!
2020-07-05 13:34:16,776 WARN o.s.d.r.w.h.HalBrowser [restartedMain] ---
2020-07-05 13:34:16,793 WARN o.s.b.a.o.j.JpaBaseConfiguration$JpaWebConfiguration [restartedMain] spring.jpa.open-in-view is enabled by default. Therefore, database queries may be performed during view rendering. Explicitly configure spring.jpa.open-in-view to disable this warning
2020-07-05 13:34:16,961 WARN o.s.b.a.t.ThymeleafAutoConfiguration$DefaultTemplateResolverConfiguration [restartedMain] Cannot find template location: classpath:/templates/ (please add some templates or check your Thymeleaf configuration)
2020-07-05 13:34:17,192 INFO o.s.b.a.e.w.EndpointLinksResolver [restartedMain] Exposing 2 endpoint(s) beneath base path '/actuator'
2020-07-05 13:34:17,224 INFO o.a.j.l.DirectJDKLog [restartedMain] Starting ProtocolHandler ["http-nio-8080"]
2020-07-05 13:34:17,231 INFO o.s.b.w.e.t.TomcatWebServer [restartedMain] Tomcat started on port(s): 8080 (http) with context path ''
2020-07-05 13:34:17,233 INFO o.s.d.r.c.DeferredRepositoryInitializationListener [restartedMain] Triggering deferred initialization of Spring Data repositories…
2020-07-05 13:34:17,234 INFO o.s.d.r.c.DeferredRepositoryInitializationListener [restartedMain] Spring Data repositories initialized!
2020-07-05 13:34:17,250 INFO o.s.b.StartupInfoLogger [restartedMain] Started AuApplication in 2.798 seconds (JVM running for 751.049)
2020-07-05 13:34:17,256 INFO o.s.b.d.a.ConditionEvaluationDeltaLoggingListener [restartedMain] Condition evaluation unchanged
2020-07-05 13:34:27,531 INFO o.a.j.l.DirectJDKLog [http-nio-8080-exec-2] Initializing Spring DispatcherServlet 'dispatcherServlet'
2020-07-05 13:34:27,531 INFO o.s.w.s.FrameworkServlet [http-nio-8080-exec-2] Initializing Servlet 'dispatcherServlet'
2020-07-05 13:34:27,626 INFO o.s.w.s.FrameworkServlet [http-nio-8080-exec-2] Completed initialization in 95 ms
2020-07-05 13:34:28,027 INFO c.A.A.c.TraineeController [http-nio-8080-exec-4] Get All Trainee Called
2020-07-05 13:34:28,027 INFO c.A.A.c.CourseController [http-nio-8080-exec-3] Get course Called
2020-07-05 13:34:28,027 INFO c.A.A.c.AssessmentController [http-nio-8080-exec-2] Get Assessment Called
2020-07-05 13:34:28,119 INFO c.A.A.c.AcademicController [http-nio-8080-exec-1] Get Assessment Called with id AU0120
2020-07-05 13:34:28,743 INFO c.A.A.c.AssessmentController [http-nio-8080-exec-5] Get Assessment Called
2020-07-05 13:34:28,743 INFO c.A.A.c.CourseController [http-nio-8080-exec-6] Get course Called
2020-07-05 13:34:28,782 INFO c.A.A.c.TraineeController [http-nio-8080-exec-5] Get All Trainee Called
2020-07-05 13:34:28,782 INFO c.A.A.c.AcademicController [http-nio-8080-exec-1] Get Assessment Called with id AU0120
2020-07-05 13:35:24,935 INFO c.A.A.c.CourseController [http-nio-8080-exec-7] Get course Called
2020-07-05 13:35:24,958 INFO c.A.A.c.AcademicController [http-nio-8080-exec-10] Get Assessment Called with id AU0120
2020-07-05 13:35:24,959 INFO c.A.A.c.TraineeController [http-nio-8080-exec-9] Get All Trainee Called
2020-07-05 13:35:24,958 INFO c.A.A.c.AssessmentController [http-nio-8080-exec-8] Get Assessment Called
2020-07-05 13:35:24,968 INFO c.A.A.c.CourseController [http-nio-8080-exec-6] Get course Called
2020-07-05 13:35:24,990 INFO c.A.A.c.AcademicController [http-nio-8080-exec-3] Get Assessment Called with id AU0120
2020-07-05 13:35:24,992 INFO c.A.A.c.TraineeController [http-nio-8080-exec-2] Get All Trainee Called
2020-07-05 13:35:24,998 INFO c.A.A.c.AssessmentController [http-nio-8080-exec-4] Get Assessment Called
2020-07-05 13:36:17,550 INFO c.A.A.c.AssessmentController [http-nio-8080-exec-10] Get Assessment Called
2020-07-05 13:36:17,550 INFO c.A.A.c.CourseController [http-nio-8080-exec-7] Get course Called
2020-07-05 13:36:17,570 INFO c.A.A.c.TraineeController [http-nio-8080-exec-9] Get All Trainee Called
2020-07-05 13:36:17,586 INFO c.A.A.c.AcademicController [http-nio-8080-exec-8] Get Assessment Called with id AU0120
2020-07-05 13:36:17,588 INFO c.A.A.c.CourseController [http-nio-8080-exec-6] Get course Called
2020-07-05 13:36:17,641 INFO c.A.A.c.AssessmentController [http-nio-8080-exec-3] Get Assessment Called
2020-07-05 13:36:17,651 INFO c.A.A.c.TraineeController [http-nio-8080-exec-3] Get All Trainee Called
2020-07-05 13:36:17,704 INFO c.A.A.c.AcademicController [http-nio-8080-exec-4] Get Assessment Called with id AU0120
2020-07-05 13:37:00,297 INFO c.A.A.c.CourseController [http-nio-8080-exec-5] Get course Called
2020-07-05 13:37:00,311 INFO c.A.A.c.AssessmentController [http-nio-8080-exec-1] Get Assessment Called
2020-07-05 13:37:00,312 INFO c.A.A.c.TraineeController [http-nio-8080-exec-7] Get All Trainee Called
2020-07-05 13:37:00,319 INFO c.A.A.c.CourseController [http-nio-8080-exec-10] Get course Called
2020-07-05 13:37:00,383 INFO c.A.A.c.AssessmentController [http-nio-8080-exec-9] Get Assessment Called
2020-07-05 13:37:00,426 INFO c.A.A.c.TraineeController [http-nio-8080-exec-8] Get All Trainee Called
2020-07-05 13:37:00,426 INFO c.A.A.c.AcademicController [http-nio-8080-exec-6] Get Assessment Called with id AU0120
2020-07-05 13:37:00,474 INFO c.A.A.c.AcademicController [http-nio-8080-exec-2] Get Assessment Called with id AU0120
2020-07-05 13:37:30,866 INFO c.A.A.c.CourseController [http-nio-8080-exec-3] Get course Called
2020-07-05 13:37:30,873 INFO c.A.A.c.AssessmentController [http-nio-8080-exec-4] Get Assessment Called
2020-07-05 13:37:30,887 INFO c.A.A.c.TraineeController [http-nio-8080-exec-5] Get All Trainee Called
2020-07-05 13:37:30,890 INFO c.A.A.c.CourseController [http-nio-8080-exec-1] Get course Called
2020-07-05 13:37:30,902 INFO c.A.A.c.AssessmentController [http-nio-8080-exec-7] Get Assessment Called
2020-07-05 13:37:30,916 INFO c.A.A.c.AcademicController [http-nio-8080-exec-9] Get Assessment Called with id AU0120
2020-07-05 13:37:30,930 INFO c.A.A.c.TraineeController [http-nio-8080-exec-10] Get All Trainee Called
2020-07-05 13:37:30,956 INFO c.A.A.c.AcademicController [http-nio-8080-exec-8] Get Assessment Called with id AU0120
2020-07-05 13:37:52,803 INFO c.A.A.c.CourseController [http-nio-8080-exec-6] Get course Called
2020-07-05 13:37:52,811 INFO c.A.A.c.AssessmentController [http-nio-8080-exec-2] Get Assessment Called
2020-07-05 13:37:52,821 INFO c.A.A.c.TraineeController [http-nio-8080-exec-3] Get All Trainee Called
2020-07-05 13:37:52,822 INFO c.A.A.c.AcademicController [http-nio-8080-exec-4] Get Assessment Called with id AU0120
2020-07-05 13:37:52,832 INFO c.A.A.c.AssessmentController [http-nio-8080-exec-1] Get Assessment Called
2020-07-05 13:37:52,832 INFO c.A.A.c.CourseController [http-nio-8080-exec-5] Get course Called
2020-07-05 13:37:52,840 INFO c.A.A.c.AcademicController [http-nio-8080-exec-7] Get Assessment Called with id AU0120
2020-07-05 13:37:52,841 INFO c.A.A.c.TraineeController [http-nio-8080-exec-9] Get All Trainee Called
2020-07-05 13:39:02,617 INFO c.A.A.c.CourseController [http-nio-8080-exec-4] Get course Called
2020-07-05 13:39:02,630 INFO c.A.A.c.CourseController [http-nio-8080-exec-3] Get course Called
2020-07-05 13:39:02,637 INFO c.A.A.c.AssessmentController [http-nio-8080-exec-5] Get Assessment Called
2020-07-05 13:39:02,652 INFO c.A.A.c.AssessmentController [http-nio-8080-exec-1] Get Assessment Called
2020-07-05 13:39:02,665 INFO c.A.A.c.TraineeController [http-nio-8080-exec-7] Get All Trainee Called
2020-07-05 13:39:02,672 INFO c.A.A.c.AcademicController [http-nio-8080-exec-9] Get Assessment Called with id AU0120
2020-07-05 13:39:02,688 INFO c.A.A.c.TraineeController [http-nio-8080-exec-10] Get All Trainee Called
2020-07-05 13:39:02,689 INFO c.A.A.c.AcademicController [http-nio-8080-exec-8] Get Assessment Called with id AU0120
2020-07-05 13:39:40,709 INFO c.A.A.c.CourseController [http-nio-8080-exec-4] Get course Called
2020-07-05 13:39:40,727 INFO c.A.A.c.AssessmentController [http-nio-8080-exec-3] Get Assessment Called
2020-07-05 13:39:40,752 INFO c.A.A.c.CourseController [http-nio-8080-exec-5] Get course Called
2020-07-05 13:39:40,772 INFO c.A.A.c.TraineeController [http-nio-8080-exec-1] Get All Trainee Called
2020-07-05 13:39:40,773 INFO c.A.A.c.AssessmentController [http-nio-8080-exec-7] Get Assessment Called
2020-07-05 13:39:40,802 INFO c.A.A.c.AcademicController [http-nio-8080-exec-9] Get Assessment Called with id AU0120
2020-07-05 13:39:40,816 INFO c.A.A.c.TraineeController [http-nio-8080-exec-10] Get All Trainee Called
2020-07-05 13:39:40,820 INFO c.A.A.c.AcademicController [http-nio-8080-exec-8] Get Assessment Called with id AU0120
2020-07-05 13:40:48,681 INFO c.A.A.c.CourseController [http-nio-8080-exec-5] Get course Called
2020-07-05 13:40:48,692 INFO c.A.A.c.AssessmentController [http-nio-8080-exec-7] Get Assessment Called
2020-07-05 13:40:48,703 INFO c.A.A.c.CourseController [http-nio-8080-exec-1] Get course Called
2020-07-05 13:40:48,713 INFO c.A.A.c.AssessmentController [http-nio-8080-exec-9] Get Assessment Called
2020-07-05 13:40:48,724 INFO c.A.A.c.TraineeController [http-nio-8080-exec-10] Get All Trainee Called
2020-07-05 13:40:48,751 INFO c.A.A.c.TraineeController [http-nio-8080-exec-6] Get All Trainee Called
2020-07-05 13:40:48,751 INFO c.A.A.c.AcademicController [http-nio-8080-exec-8] Get Assessment Called with id AU0120
2020-07-05 13:40:48,761 INFO c.A.A.c.AcademicController [http-nio-8080-exec-4] Get Assessment Called with id AU0120
2020-07-05 13:42:28,146 INFO c.A.A.c.CourseController [http-nio-8080-exec-7] Get course Called
2020-07-05 13:42:28,157 INFO c.A.A.c.CourseController [http-nio-8080-exec-1] Get course Called
2020-07-05 13:42:28,184 INFO c.A.A.c.TraineeController [http-nio-8080-exec-10] Get All Trainee Called
2020-07-05 13:42:28,184 INFO c.A.A.c.AssessmentController [http-nio-8080-exec-9] Get Assessment Called
2020-07-05 13:42:28,198 INFO c.A.A.c.AssessmentController [http-nio-8080-exec-8] Get Assessment Called
2020-07-05 13:42:28,198 INFO c.A.A.c.TraineeController [http-nio-8080-exec-6] Get All Trainee Called
2020-07-05 13:42:28,212 INFO c.A.A.c.AcademicController [http-nio-8080-exec-4] Get Assessment Called with id AU0120
2020-07-05 13:42:28,245 INFO c.A.A.c.AcademicController [http-nio-8080-exec-5] Get Assessment Called with id AU0120
2020-07-05 13:42:36,464 INFO c.A.A.c.AcademicController [http-nio-8080-exec-3] Get Assessment Called with id AU0120
2020-07-05 13:42:36,474 INFO c.A.A.c.AcademicController [http-nio-8080-exec-2] Get Assessment Called with id AU0120
2020-07-05 13:44:31,548 INFO c.A.A.c.CourseController [http-nio-8080-exec-9] Get course Called
2020-07-05 13:44:31,553 INFO c.A.A.c.AssessmentController [http-nio-8080-exec-6] Get Assessment Called
2020-07-05 13:44:31,569 INFO c.A.A.c.CourseController [http-nio-8080-exec-8] Get course Called
2020-07-05 13:44:31,569 INFO c.A.A.c.TraineeController [http-nio-8080-exec-4] Get All Trainee Called
2020-07-05 13:44:31,570 INFO c.A.A.c.AssessmentController [http-nio-8080-exec-5] Get Assessment Called
2020-07-05 13:44:31,581 INFO c.A.A.c.AcademicController [http-nio-8080-exec-3] Get Assessment Called with id AU0120
2020-07-05 13:44:31,592 INFO c.A.A.c.TraineeController [http-nio-8080-exec-2] Get All Trainee Called
2020-07-05 13:44:31,598 INFO c.A.A.c.AcademicController [http-nio-8080-exec-1] Get Assessment Called with id AU0120
2020-07-05 13:44:41,927 INFO c.A.A.c.AcademicController [http-nio-8080-exec-7] Get Assessment Called with id AU0120
2020-07-05 13:44:41,942 INFO c.A.A.c.AcademicController [http-nio-8080-exec-10] Get Assessment Called with id AU0120
2020-07-05 13:45:12,497 INFO c.A.A.c.CourseController [http-nio-8080-exec-9] Get course Called
2020-07-05 13:45:12,499 INFO c.A.A.c.AssessmentController [http-nio-8080-exec-6] Get Assessment Called
2020-07-05 13:45:12,512 INFO c.A.A.c.TraineeController [http-nio-8080-exec-8] Get All Trainee Called
2020-07-05 13:45:12,523 INFO c.A.A.c.AcademicController [http-nio-8080-exec-4] Get Assessment Called with id AU0120
2020-07-05 13:45:12,529 INFO c.A.A.c.AssessmentController [http-nio-8080-exec-3] Get Assessment Called
2020-07-05 13:45:12,529 INFO c.A.A.c.CourseController [http-nio-8080-exec-5] Get course Called
2020-07-05 13:45:12,543 INFO c.A.A.c.TraineeController [http-nio-8080-exec-2] Get All Trainee Called
2020-07-05 13:45:12,553 INFO c.A.A.c.AcademicController [http-nio-8080-exec-1] Get Assessment Called with id AU0120
2020-07-05 13:45:15,507 INFO c.A.A.c.AcademicController [http-nio-8080-exec-7] Get Assessment Called with id AU0130
2020-07-05 13:45:15,521 INFO c.A.A.c.AcademicController [http-nio-8080-exec-10] Get Assessment Called with id AU0130
2020-07-05 13:45:37,383 INFO c.A.A.c.CourseController [http-nio-8080-exec-9] Get course Called
2020-07-05 13:45:37,405 INFO c.A.A.c.AssessmentController [http-nio-8080-exec-6] Get Assessment Called
2020-07-05 13:45:37,406 INFO c.A.A.c.TraineeController [http-nio-8080-exec-8] Get All Trainee Called
2020-07-05 13:45:37,407 INFO c.A.A.c.AcademicController [http-nio-8080-exec-4] Get Assessment Called with id AU0120
2020-07-05 13:45:37,417 INFO c.A.A.c.CourseController [http-nio-8080-exec-3] Get course Called
2020-07-05 13:45:37,421 INFO c.A.A.c.AcademicController [http-nio-8080-exec-3] Get Assessment Called with id AU0120
2020-07-05 13:45:37,421 INFO c.A.A.c.TraineeController [http-nio-8080-exec-2] Get All Trainee Called
2020-07-05 13:45:37,421 INFO c.A.A.c.AssessmentController [http-nio-8080-exec-5] Get Assessment Called
2020-07-05 13:45:41,973 INFO c.A.A.c.AcademicController [http-nio-8080-exec-7] Get Assessment Called with id AU0120
2020-07-05 13:45:41,981 INFO c.A.A.c.AcademicController [http-nio-8080-exec-10] Get Assessment Called with id AU0120
2020-07-05 13:46:06,734 INFO c.A.A.c.CourseController [http-nio-8080-exec-9] Get course Called
2020-07-05 13:46:06,746 INFO c.A.A.c.AssessmentController [http-nio-8080-exec-8] Get Assessment Called
2020-07-05 13:46:06,761 INFO c.A.A.c.TraineeController [http-nio-8080-exec-6] Get All Trainee Called
2020-07-05 13:46:06,761 INFO c.A.A.c.CourseController [http-nio-8080-exec-4] Get course Called
2020-07-05 13:46:06,765 INFO c.A.A.c.AcademicController [http-nio-8080-exec-1] Get Assessment Called with id AU0120
2020-07-05 13:46:06,766 INFO c.A.A.c.AssessmentController [http-nio-8080-exec-2] Get Assessment Called
2020-07-05 13:46:06,776 INFO c.A.A.c.TraineeController [http-nio-8080-exec-3] Get All Trainee Called
2020-07-05 13:46:06,783 INFO c.A.A.c.AcademicController [http-nio-8080-exec-5] Get Assessment Called with id AU0120
2020-07-05 13:46:10,886 INFO c.A.A.c.AcademicController [http-nio-8080-exec-6] Get Assessment Called with id AU0120
2020-07-05 13:46:10,896 INFO c.A.A.c.AcademicController [http-nio-8080-exec-4] Get Assessment Called with id AU0120
2020-07-05 13:47:02,078 INFO c.A.A.c.CourseController [http-nio-8080-exec-1] Get course Called
2020-07-05 13:47:02,080 INFO c.A.A.c.AssessmentController [http-nio-8080-exec-2] Get Assessment Called
2020-07-05 13:47:02,092 INFO c.A.A.c.TraineeController [http-nio-8080-exec-3] Get All Trainee Called
2020-07-05 13:47:02,095 INFO c.A.A.c.CourseController [http-nio-8080-exec-5] Get course Called
2020-07-05 13:47:02,101 INFO c.A.A.c.AssessmentController [http-nio-8080-exec-9] Get Assessment Called
2020-07-05 13:47:02,104 INFO c.A.A.c.AcademicController [http-nio-8080-exec-7] Get Assessment Called with id AU0120
2020-07-05 13:47:02,124 INFO c.A.A.c.TraineeController [http-nio-8080-exec-8] Get All Trainee Called
2020-07-05 13:47:02,140 INFO c.A.A.c.AcademicController [http-nio-8080-exec-10] Get Assessment Called with id AU0120
2020-07-05 13:47:06,794 INFO c.A.A.c.AcademicController [http-nio-8080-exec-6] Get Assessment Called with id AU0120
2020-07-05 13:47:06,813 INFO c.A.A.c.AcademicController [http-nio-8080-exec-4] Get Assessment Called with id AU0120
2020-07-05 13:47:38,122 INFO c.A.A.c.CourseController [http-nio-8080-exec-1] Get course Called
2020-07-05 13:47:38,130 INFO c.A.A.c.AssessmentController [http-nio-8080-exec-2] Get Assessment Called
2020-07-05 13:47:38,139 INFO c.A.A.c.TraineeController [http-nio-8080-exec-3] Get All Trainee Called
2020-07-05 13:47:38,144 INFO c.A.A.c.CourseController [http-nio-8080-exec-5] Get course Called
2020-07-05 13:47:38,149 INFO c.A.A.c.AssessmentController [http-nio-8080-exec-9] Get Assessment Called
2020-07-05 13:47:38,150 INFO c.A.A.c.AcademicController [http-nio-8080-exec-7] Get Assessment Called with id AU0120
2020-07-05 13:47:38,159 INFO c.A.A.c.TraineeController [http-nio-8080-exec-8] Get All Trainee Called
2020-07-05 13:47:38,162 INFO c.A.A.c.AcademicController [http-nio-8080-exec-10] Get Assessment Called with id AU0120
2020-07-05 13:47:41,887 INFO c.A.A.c.AcademicController [http-nio-8080-exec-6] Get Assessment Called with id AU0120
2020-07-05 13:47:41,897 INFO c.A.A.c.AcademicController [http-nio-8080-exec-4] Get Assessment Called with id AU0120
2020-07-05 13:47:53,852 INFO c.A.A.c.CourseController [http-nio-8080-exec-1] Get course Called
2020-07-05 13:47:53,861 INFO c.A.A.c.AssessmentController [http-nio-8080-exec-2] Get Assessment Called
2020-07-05 13:47:53,870 INFO c.A.A.c.TraineeController [http-nio-8080-exec-3] Get All Trainee Called
2020-07-05 13:47:53,883 INFO c.A.A.c.CourseController [http-nio-8080-exec-5] Get course Called
2020-07-05 13:47:53,888 INFO c.A.A.c.AcademicController [http-nio-8080-exec-9] Get Assessment Called with id AU0120
2020-07-05 13:47:53,890 INFO c.A.A.c.AssessmentController [http-nio-8080-exec-7] Get Assessment Called
2020-07-05 13:47:53,903 INFO c.A.A.c.TraineeController [http-nio-8080-exec-8] Get All Trainee Called
2020-07-05 13:47:53,915 INFO c.A.A.c.AcademicController [http-nio-8080-exec-10] Get Assessment Called with id AU0120
2020-07-05 13:47:58,222 INFO c.A.A.c.AcademicController [http-nio-8080-exec-6] Get Assessment Called with id AU0120
2020-07-05 13:47:58,229 INFO c.A.A.c.AcademicController [http-nio-8080-exec-4] Get Assessment Called with id AU0120
2020-07-05 13:48:15,027 INFO c.A.A.c.AssessmentController [http-nio-8080-exec-2] Get Assessment Called
2020-07-05 13:48:15,028 INFO c.A.A.c.CourseController [http-nio-8080-exec-1] Get course Called
2020-07-05 13:48:15,045 INFO c.A.A.c.TraineeController [http-nio-8080-exec-3] Get All Trainee Called
2020-07-05 13:48:15,046 INFO c.A.A.c.AcademicController [http-nio-8080-exec-5] Get Assessment Called with id AU0120
2020-07-05 13:48:15,050 INFO c.A.A.c.AssessmentController [http-nio-8080-exec-7] Get Assessment Called
2020-07-05 13:48:15,055 INFO c.A.A.c.CourseController [http-nio-8080-exec-9] Get course Called
2020-07-05 13:48:15,064 INFO c.A.A.c.AcademicController [http-nio-8080-exec-10] Get Assessment Called with id AU0120
2020-07-05 13:48:15,064 INFO c.A.A.c.TraineeController [http-nio-8080-exec-8] Get All Trainee Called
2020-07-05 13:48:18,215 INFO c.A.A.c.AcademicController [http-nio-8080-exec-3] Get Assessment Called with id AU0130
2020-07-05 13:48:18,227 INFO c.A.A.c.AcademicController [http-nio-8080-exec-5] Get Assessment Called with id AU0130
2020-07-05 13:48:56,385 INFO c.A.A.c.CourseController [http-nio-8080-exec-9] Get course Called
2020-07-05 13:48:56,392 INFO c.A.A.c.AssessmentController [http-nio-8080-exec-10] Get Assessment Called
2020-07-05 13:48:56,401 INFO c.A.A.c.TraineeController [http-nio-8080-exec-2] Get All Trainee Called
2020-07-05 13:48:56,404 INFO c.A.A.c.CourseController [http-nio-8080-exec-8] Get course Called
2020-07-05 13:48:56,410 INFO c.A.A.c.AssessmentController [http-nio-8080-exec-1] Get Assessment Called
2020-07-05 13:48:56,420 INFO c.A.A.c.TraineeController [http-nio-8080-exec-4] Get All Trainee Called
2020-07-05 13:48:56,423 INFO c.A.A.c.AcademicController [http-nio-8080-exec-6] Get Assessment Called with id AU0120
2020-07-05 13:48:56,435 INFO c.A.A.c.AcademicController [http-nio-8080-exec-3] Get Assessment Called with id AU0120
2020-07-05 13:49:00,033 INFO c.A.A.c.AcademicController [http-nio-8080-exec-5] Get Assessment Called with id AU0120
2020-07-05 13:49:00,041 INFO c.A.A.c.AcademicController [http-nio-8080-exec-7] Get Assessment Called with id AU0120
2020-07-05 13:59:09,555 INFO c.A.A.c.CourseController [http-nio-8080-exec-1] Get course Called
2020-07-05 13:59:09,567 INFO c.A.A.c.AssessmentController [http-nio-8080-exec-4] Get Assessment Called
2020-07-05 13:59:09,567 INFO c.A.A.c.TraineeController [http-nio-8080-exec-6] Get All Trainee Called
2020-07-05 13:59:09,580 INFO c.A.A.c.CourseController [http-nio-8080-exec-3] Get course Called
2020-07-05 13:59:09,580 INFO c.A.A.c.AcademicController [http-nio-8080-exec-5] Get Assessment Called with id AU0120
2020-07-05 13:59:09,590 INFO c.A.A.c.AssessmentController [http-nio-8080-exec-10] Get Assessment Called
2020-07-05 13:59:09,590 INFO c.A.A.c.TraineeController [http-nio-8080-exec-7] Get All Trainee Called
2020-07-05 13:59:09,693 INFO c.A.A.c.AcademicController [http-nio-8080-exec-9] Get Assessment Called with id AU0120
2020-07-05 14:00:08,369 INFO c.A.A.c.CourseController [http-nio-8080-exec-2] Get course Called
2020-07-05 14:00:08,379 INFO c.A.A.c.AssessmentController [http-nio-8080-exec-8] Get Assessment Called
2020-07-05 14:00:08,386 INFO c.A.A.c.TraineeController [http-nio-8080-exec-1] Get All Trainee Called
2020-07-05 14:00:08,393 INFO c.A.A.c.CourseController [http-nio-8080-exec-4] Get course Called
2020-07-05 14:00:08,397 INFO c.A.A.c.AssessmentController [http-nio-8080-exec-6] Get Assessment Called
2020-07-05 14:00:08,398 INFO c.A.A.c.AcademicController [http-nio-8080-exec-3] Get Assessment Called with id AU0120
2020-07-05 14:00:08,410 INFO c.A.A.c.TraineeController [http-nio-8080-exec-5] Get All Trainee Called
2020-07-05 14:00:08,417 INFO c.A.A.c.AcademicController [http-nio-8080-exec-10] Get Assessment Called with id AU0120
2020-07-05 15:45:59,373 INFO o.s.b.a.SpringApplicationAdminMXBeanRegistrar$SpringApplicationAdmin [RMI TCP Connection(15)-127.0.0.1] Application shutdown requested.
2020-07-05 15:45:59,841 INFO o.s.o.j.AbstractEntityManagerFactoryBean [RMI TCP Connection(15)-127.0.0.1] Closing JPA EntityManagerFactory for persistence unit 'default'
2020-07-05 15:45:59,846 INFO o.s.s.c.ExecutorConfigurationSupport [RMI TCP Connection(15)-127.0.0.1] Shutting down ExecutorService 'applicationTaskExecutor'
2020-07-05 15:45:59,847 INFO c.z.h.HikariDataSource [RMI TCP Connection(15)-127.0.0.1] HikariPool-2 - Shutdown initiated...
2020-07-05 15:45:59,869 INFO c.z.h.HikariDataSource [RMI TCP Connection(15)-127.0.0.1] HikariPool-2 - Shutdown completed.
