2020-06-29 00:00:00,095 INFO o.s.m.w.MockServletContext [main] Initializing Spring TestDispatcherServlet ''
2020-06-29 00:00:00,104 INFO o.s.w.s.FrameworkServlet [main] Initializing Servlet ''
2020-06-29 00:00:00,128 INFO o.s.w.s.FrameworkServlet [main] Completed initialization in 23 ms
2020-06-29 00:00:00,169 INFO o.s.b.StartupInfoLogger [main] Started CourseControllerTest in 2.084 seconds (JVM running for 31.519)
2020-06-29 00:00:00,189 INFO c.A.A.c.CourseController [main] Get course Called with id 1
2020-06-29 00:00:00,481 INFO c.A.A.c.CourseController [main] Get course Called
2020-06-29 00:00:00,507 INFO o.s.t.c.s.AbstractTestContextBootstrapper [main] Neither @ContextConfiguration nor @ContextHierarchy found for test class [com.Accolite.AU.Cotroller.AcademicControllerTest], using SpringBootContextLoader
2020-06-29 00:00:00,509 INFO o.s.t.c.s.AbstractContextLoader [main] Could not detect default resource locations for test class [com.Accolite.AU.Cotroller.AcademicControllerTest]: no resource found for suffixes {-context.xml, Context.groovy}.
2020-06-29 00:00:00,510 INFO o.s.t.c.s.AnnotationConfigContextLoaderUtils [main] Could not detect default configuration classes for test class [com.Accolite.AU.Cotroller.AcademicControllerTest]: AcademicControllerTest does not declare any static, non-private, non-final, nested classes annotated with @Configuration.
2020-06-29 00:00:00,584 INFO o.s.b.t.c.SpringBootTestContextBootstrapper [main] Found @SpringBootConfiguration com.Accolite.AU.AuApplication for test class com.Accolite.AU.Cotroller.AcademicControllerTest
2020-06-29 00:00:00,585 INFO o.s.t.c.s.AbstractTestContextBootstrapper [main] Loaded default TestExecutionListener class names from location [META-INF/spring.factories]: [org.springframework.boot.test.mock.mockito.MockitoTestExecutionListener, org.springframework.boot.test.mock.mockito.ResetMocksTestExecutionListener, org.springframework.boot.test.autoconfigure.restdocs.RestDocsTestExecutionListener, org.springframework.boot.test.autoconfigure.web.client.MockRestServiceServerResetTestExecutionListener, org.springframework.boot.test.autoconfigure.web.servlet.MockMvcPrintOnlyOnFailureTestExecutionListener, org.springframework.boot.test.autoconfigure.web.servlet.WebDriverTestExecutionListener, org.springframework.boot.test.autoconfigure.webservices.client.MockWebServiceServerTestExecutionListener, org.springframework.test.context.web.ServletTestExecutionListener, org.springframework.test.context.support.DirtiesContextBeforeModesTestExecutionListener, org.springframework.test.context.support.DependencyInjectionTestExecutionListener, org.springframework.test.context.support.DirtiesContextTestExecutionListener, org.springframework.test.context.transaction.TransactionalTestExecutionListener, org.springframework.test.context.jdbc.SqlScriptsTestExecutionListener, org.springframework.test.context.event.EventPublishingTestExecutionListener]
2020-06-29 00:00:00,592 INFO o.s.t.c.s.AbstractTestContextBootstrapper [main] Using TestExecutionListeners: [org.springframework.test.context.web.ServletTestExecutionListener@40723407, org.springframework.test.context.support.DirtiesContextBeforeModesTestExecutionListener@ca94ce0, org.springframework.boot.test.mock.mockito.MockitoTestExecutionListener@232f6e23, org.springframework.boot.test.autoconfigure.SpringBootDependencyInjectionTestExecutionListener@19931489, org.springframework.test.context.support.DirtiesContextTestExecutionListener@4890c9b0, org.springframework.test.context.transaction.TransactionalTestExecutionListener@e98520e, org.springframework.test.context.jdbc.SqlScriptsTestExecutionListener@561e7b88, org.springframework.test.context.event.EventPublishingTestExecutionListener@57a80a9e, org.springframework.boot.test.mock.mockito.ResetMocksTestExecutionListener@193b9492, org.springframework.boot.test.autoconfigure.restdocs.RestDocsTestExecutionListener@55ffbd99, org.springframework.boot.test.autoconfigure.web.client.MockRestServiceServerResetTestExecutionListener@70185e95, org.springframework.boot.test.autoconfigure.web.servlet.MockMvcPrintOnlyOnFailureTestExecutionListener@67f346f2, org.springframework.boot.test.autoconfigure.web.servlet.WebDriverTestExecutionListener@22a9c19a, org.springframework.boot.test.autoconfigure.webservices.client.MockWebServiceServerTestExecutionListener@a92a323]
2020-06-29 00:00:00,798 INFO o.s.b.StartupInfoLogger [main] Starting AcademicControllerTest on DESKTOP-5DRKUTM with PID 11012 (started by Rohit in C:\Users\Rohit\Documents\eclipse-work\AU)
2020-06-29 00:00:00,818 INFO o.s.b.SpringApplication [main] No active profile set, falling back to default profiles: default
2020-06-29 00:00:03,719 INFO o.s.s.c.ExecutorConfigurationSupport [main] Initializing ExecutorService 'applicationTaskExecutor'
2020-06-29 00:00:04,540 WARN o.s.b.a.t.ThymeleafAutoConfiguration$DefaultTemplateResolverConfiguration [main] Cannot find template location: classpath:/templates/ (please add some templates or check your Thymeleaf configuration)
2020-06-29 00:00:04,996 INFO o.s.m.w.MockServletContext [main] Initializing Spring TestDispatcherServlet ''
2020-06-29 00:00:05,000 INFO o.s.w.s.FrameworkServlet [main] Initializing Servlet ''
2020-06-29 00:00:05,037 INFO o.s.w.s.FrameworkServlet [main] Completed initialization in 34 ms
2020-06-29 00:00:05,112 INFO o.s.b.StartupInfoLogger [main] Started AcademicControllerTest in 4.497 seconds (JVM running for 36.461)
2020-06-29 00:00:05,133 INFO c.A.A.c.AcademicController [main] Get Academic Called
2020-06-29 00:00:05,198 INFO c.A.A.c.AcademicController [main] Get Assessment Called with id 1
2020-06-29 00:00:05,219 INFO o.s.t.c.s.AbstractTestContextBootstrapper [main] Neither @ContextConfiguration nor @ContextHierarchy found for test class [com.Accolite.AU.Cotroller.AssessmentControllerTest], using SpringBootContextLoader
2020-06-29 00:00:05,221 INFO o.s.t.c.s.AbstractContextLoader [main] Could not detect default resource locations for test class [com.Accolite.AU.Cotroller.AssessmentControllerTest]: no resource found for suffixes {-context.xml, Context.groovy}.
2020-06-29 00:00:05,222 INFO o.s.t.c.s.AnnotationConfigContextLoaderUtils [main] Could not detect default configuration classes for test class [com.Accolite.AU.Cotroller.AssessmentControllerTest]: AssessmentControllerTest does not declare any static, non-private, non-final, nested classes annotated with @Configuration.
2020-06-29 00:00:05,261 INFO o.s.b.t.c.SpringBootTestContextBootstrapper [main] Found @SpringBootConfiguration com.Accolite.AU.AuApplication for test class com.Accolite.AU.Cotroller.AssessmentControllerTest
2020-06-29 00:00:05,263 INFO o.s.t.c.s.AbstractTestContextBootstrapper [main] Loaded default TestExecutionListener class names from location [META-INF/spring.factories]: [org.springframework.boot.test.mock.mockito.MockitoTestExecutionListener, org.springframework.boot.test.mock.mockito.ResetMocksTestExecutionListener, org.springframework.boot.test.autoconfigure.restdocs.RestDocsTestExecutionListener, org.springframework.boot.test.autoconfigure.web.client.MockRestServiceServerResetTestExecutionListener, org.springframework.boot.test.autoconfigure.web.servlet.MockMvcPrintOnlyOnFailureTestExecutionListener, org.springframework.boot.test.autoconfigure.web.servlet.WebDriverTestExecutionListener, org.springframework.boot.test.autoconfigure.webservices.client.MockWebServiceServerTestExecutionListener, org.springframework.test.context.web.ServletTestExecutionListener, org.springframework.test.context.support.DirtiesContextBeforeModesTestExecutionListener, org.springframework.test.context.support.DependencyInjectionTestExecutionListener, org.springframework.test.context.support.DirtiesContextTestExecutionListener, org.springframework.test.context.transaction.TransactionalTestExecutionListener, org.springframework.test.context.jdbc.SqlScriptsTestExecutionListener, org.springframework.test.context.event.EventPublishingTestExecutionListener]
2020-06-29 00:00:05,266 INFO o.s.t.c.s.AbstractTestContextBootstrapper [main] Using TestExecutionListeners: [org.springframework.test.context.web.ServletTestExecutionListener@1000fc7, org.springframework.test.context.support.DirtiesContextBeforeModesTestExecutionListener@34a84e1b, org.springframework.boot.test.mock.mockito.MockitoTestExecutionListener@3b6a4049, org.springframework.boot.test.autoconfigure.SpringBootDependencyInjectionTestExecutionListener@d4a6f4c, org.springframework.test.context.support.DirtiesContextTestExecutionListener@cb52715, org.springframework.test.context.transaction.TransactionalTestExecutionListener@7a9b780e, org.springframework.test.context.jdbc.SqlScriptsTestExecutionListener@131a171c, org.springframework.test.context.event.EventPublishingTestExecutionListener@4d743a3c, org.springframework.boot.test.mock.mockito.ResetMocksTestExecutionListener@68dc2108, org.springframework.boot.test.autoconfigure.restdocs.RestDocsTestExecutionListener@49266f15, org.springframework.boot.test.autoconfigure.web.client.MockRestServiceServerResetTestExecutionListener@ac733da, org.springframework.boot.test.autoconfigure.web.servlet.MockMvcPrintOnlyOnFailureTestExecutionListener@660e4d64, org.springframework.boot.test.autoconfigure.web.servlet.WebDriverTestExecutionListener@6fd3f4cc, org.springframework.boot.test.autoconfigure.webservices.client.MockWebServiceServerTestExecutionListener@15f760e4]
2020-06-29 00:00:05,430 INFO o.s.b.StartupInfoLogger [main] Starting AssessmentControllerTest on DESKTOP-5DRKUTM with PID 11012 (started by Rohit in C:\Users\Rohit\Documents\eclipse-work\AU)
2020-06-29 00:00:05,436 INFO o.s.b.SpringApplication [main] No active profile set, falling back to default profiles: default
2020-06-29 00:00:06,817 INFO o.s.s.c.ExecutorConfigurationSupport [main] Initializing ExecutorService 'applicationTaskExecutor'
2020-06-29 00:00:07,088 WARN o.s.b.a.t.ThymeleafAutoConfiguration$DefaultTemplateResolverConfiguration [main] Cannot find template location: classpath:/templates/ (please add some templates or check your Thymeleaf configuration)
2020-06-29 00:00:07,305 INFO o.s.m.w.MockServletContext [main] Initializing Spring TestDispatcherServlet ''
2020-06-29 00:00:07,305 INFO o.s.w.s.FrameworkServlet [main] Initializing Servlet ''
2020-06-29 00:00:07,327 INFO o.s.w.s.FrameworkServlet [main] Completed initialization in 20 ms
2020-06-29 00:00:07,365 INFO o.s.b.StartupInfoLogger [main] Started AssessmentControllerTest in 2.089 seconds (JVM running for 38.715)
2020-06-29 00:00:07,381 INFO c.A.A.c.AssessmentController [main] Get Assessment Called
2020-06-29 00:00:07,404 INFO c.A.A.c.AssessmentController [main] Get Assessment called with id 1
2020-06-29 00:00:07,457 INFO o.s.t.c.s.AbstractTestContextBootstrapper [main] Neither @ContextConfiguration nor @ContextHierarchy found for test class [com.Accolite.AU.Cotroller.UserControllerTest], using SpringBootContextLoader
2020-06-29 00:00:07,460 INFO o.s.t.c.s.AbstractContextLoader [main] Could not detect default resource locations for test class [com.Accolite.AU.Cotroller.UserControllerTest]: no resource found for suffixes {-context.xml, Context.groovy}.
2020-06-29 00:00:07,461 INFO o.s.t.c.s.AnnotationConfigContextLoaderUtils [main] Could not detect default configuration classes for test class [com.Accolite.AU.Cotroller.UserControllerTest]: UserControllerTest does not declare any static, non-private, non-final, nested classes annotated with @Configuration.
2020-06-29 00:00:07,475 INFO o.s.b.t.c.SpringBootTestContextBootstrapper [main] Found @SpringBootConfiguration com.Accolite.AU.AuApplication for test class com.Accolite.AU.Cotroller.UserControllerTest
2020-06-29 00:00:07,478 INFO o.s.t.c.s.AbstractTestContextBootstrapper [main] Loaded default TestExecutionListener class names from location [META-INF/spring.factories]: [org.springframework.boot.test.mock.mockito.MockitoTestExecutionListener, org.springframework.boot.test.mock.mockito.ResetMocksTestExecutionListener, org.springframework.boot.test.autoconfigure.restdocs.RestDocsTestExecutionListener, org.springframework.boot.test.autoconfigure.web.client.MockRestServiceServerResetTestExecutionListener, org.springframework.boot.test.autoconfigure.web.servlet.MockMvcPrintOnlyOnFailureTestExecutionListener, org.springframework.boot.test.autoconfigure.web.servlet.WebDriverTestExecutionListener, org.springframework.boot.test.autoconfigure.webservices.client.MockWebServiceServerTestExecutionListener, org.springframework.test.context.web.ServletTestExecutionListener, org.springframework.test.context.support.DirtiesContextBeforeModesTestExecutionListener, org.springframework.test.context.support.DependencyInjectionTestExecutionListener, org.springframework.test.context.support.DirtiesContextTestExecutionListener, org.springframework.test.context.transaction.TransactionalTestExecutionListener, org.springframework.test.context.jdbc.SqlScriptsTestExecutionListener, org.springframework.test.context.event.EventPublishingTestExecutionListener]
2020-06-29 00:00:07,479 INFO o.s.t.c.s.AbstractTestContextBootstrapper [main] Using TestExecutionListeners: [org.springframework.test.context.web.ServletTestExecutionListener@9f5c03, org.springframework.test.context.support.DirtiesContextBeforeModesTestExecutionListener@6ca8b8fa, org.springframework.boot.test.mock.mockito.MockitoTestExecutionListener@64097dfa, org.springframework.boot.test.autoconfigure.SpringBootDependencyInjectionTestExecutionListener@44c00745, org.springframework.test.context.support.DirtiesContextTestExecutionListener@3e45249a, org.springframework.test.context.transaction.TransactionalTestExecutionListener@170324c0, org.springframework.test.context.jdbc.SqlScriptsTestExecutionListener@384a6d77, org.springframework.test.context.event.EventPublishingTestExecutionListener@7c74af14, org.springframework.boot.test.mock.mockito.ResetMocksTestExecutionListener@6b0235f4, org.springframework.boot.test.autoconfigure.restdocs.RestDocsTestExecutionListener@65293970, org.springframework.boot.test.autoconfigure.web.client.MockRestServiceServerResetTestExecutionListener@ee3c177, org.springframework.boot.test.autoconfigure.web.servlet.MockMvcPrintOnlyOnFailureTestExecutionListener@5736d3b0, org.springframework.boot.test.autoconfigure.web.servlet.WebDriverTestExecutionListener@2de1e137, org.springframework.boot.test.autoconfigure.webservices.client.MockWebServiceServerTestExecutionListener@12fbf42]
2020-06-29 00:00:07,620 INFO o.s.b.StartupInfoLogger [main] Starting UserControllerTest on DESKTOP-5DRKUTM with PID 11012 (started by Rohit in C:\Users\Rohit\Documents\eclipse-work\AU)
2020-06-29 00:00:07,624 INFO o.s.b.SpringApplication [main] No active profile set, falling back to default profiles: default
2020-06-29 00:00:08,487 INFO o.s.s.c.ExecutorConfigurationSupport [main] Initializing ExecutorService 'applicationTaskExecutor'
2020-06-29 00:00:08,752 WARN o.s.b.a.t.ThymeleafAutoConfiguration$DefaultTemplateResolverConfiguration [main] Cannot find template location: classpath:/templates/ (please add some templates or check your Thymeleaf configuration)
2020-06-29 00:00:08,968 INFO o.s.m.w.MockServletContext [main] Initializing Spring TestDispatcherServlet ''
2020-06-29 00:00:08,968 INFO o.s.w.s.FrameworkServlet [main] Initializing Servlet ''
2020-06-29 00:00:08,988 INFO o.s.w.s.FrameworkServlet [main] Completed initialization in 18 ms
2020-06-29 00:00:09,018 INFO o.s.b.StartupInfoLogger [main] Started UserControllerTest in 1.532 seconds (JVM running for 40.368)
2020-06-29 00:00:09,034 INFO c.A.A.c.UserController [main] Get user Called
2020-06-29 00:00:09,075 INFO c.A.A.c.UserController [main] Get user Called using email 1
2020-06-29 00:00:09,099 INFO o.s.t.c.s.AbstractTestContextBootstrapper [main] Neither @ContextConfiguration nor @ContextHierarchy found for test class [com.Accolite.AU.Cotroller.TrendsControllerTest], using SpringBootContextLoader
2020-06-29 00:00:09,102 INFO o.s.t.c.s.AbstractContextLoader [main] Could not detect default resource locations for test class [com.Accolite.AU.Cotroller.TrendsControllerTest]: no resource found for suffixes {-context.xml, Context.groovy}.
2020-06-29 00:00:09,103 INFO o.s.t.c.s.AnnotationConfigContextLoaderUtils [main] Could not detect default configuration classes for test class [com.Accolite.AU.Cotroller.TrendsControllerTest]: TrendsControllerTest does not declare any static, non-private, non-final, nested classes annotated with @Configuration.
2020-06-29 00:00:09,110 INFO o.s.b.t.c.SpringBootTestContextBootstrapper [main] Found @SpringBootConfiguration com.Accolite.AU.AuApplication for test class com.Accolite.AU.Cotroller.TrendsControllerTest
2020-06-29 00:00:09,113 INFO o.s.t.c.s.AbstractTestContextBootstrapper [main] Loaded default TestExecutionListener class names from location [META-INF/spring.factories]: [org.springframework.boot.test.mock.mockito.MockitoTestExecutionListener, org.springframework.boot.test.mock.mockito.ResetMocksTestExecutionListener, org.springframework.boot.test.autoconfigure.restdocs.RestDocsTestExecutionListener, org.springframework.boot.test.autoconfigure.web.client.MockRestServiceServerResetTestExecutionListener, org.springframework.boot.test.autoconfigure.web.servlet.MockMvcPrintOnlyOnFailureTestExecutionListener, org.springframework.boot.test.autoconfigure.web.servlet.WebDriverTestExecutionListener, org.springframework.boot.test.autoconfigure.webservices.client.MockWebServiceServerTestExecutionListener, org.springframework.test.context.web.ServletTestExecutionListener, org.springframework.test.context.support.DirtiesContextBeforeModesTestExecutionListener, org.springframework.test.context.support.DependencyInjectionTestExecutionListener, org.springframework.test.context.support.DirtiesContextTestExecutionListener, org.springframework.test.context.transaction.TransactionalTestExecutionListener, org.springframework.test.context.jdbc.SqlScriptsTestExecutionListener, org.springframework.test.context.event.EventPublishingTestExecutionListener]
2020-06-29 00:00:09,117 INFO o.s.t.c.s.AbstractTestContextBootstrapper [main] Using TestExecutionListeners: [org.springframework.test.context.web.ServletTestExecutionListener@336dcc30, org.springframework.test.context.support.DirtiesContextBeforeModesTestExecutionListener@157f3d61, org.springframework.boot.test.mock.mockito.MockitoTestExecutionListener@244a2cef, org.springframework.boot.test.autoconfigure.SpringBootDependencyInjectionTestExecutionListener@bcb4404, org.springframework.test.context.support.DirtiesContextTestExecutionListener@569a0501, org.springframework.test.context.transaction.TransactionalTestExecutionListener@3a62ae86, org.springframework.test.context.jdbc.SqlScriptsTestExecutionListener@4f3ad071, org.springframework.test.context.event.EventPublishingTestExecutionListener@1e8056f6, org.springframework.boot.test.mock.mockito.ResetMocksTestExecutionListener@18b4ea2a, org.springframework.boot.test.autoconfigure.restdocs.RestDocsTestExecutionListener@378d7124, org.springframework.boot.test.autoconfigure.web.client.MockRestServiceServerResetTestExecutionListener@2ead86fc, org.springframework.boot.test.autoconfigure.web.servlet.MockMvcPrintOnlyOnFailureTestExecutionListener@32865239, org.springframework.boot.test.autoconfigure.web.servlet.WebDriverTestExecutionListener@d5c0bf9, org.springframework.boot.test.autoconfigure.webservices.client.MockWebServiceServerTestExecutionListener@51845f27]
2020-06-29 00:00:09,210 INFO o.s.b.StartupInfoLogger [main] Starting TrendsControllerTest on DESKTOP-5DRKUTM with PID 11012 (started by Rohit in C:\Users\Rohit\Documents\eclipse-work\AU)
2020-06-29 00:00:09,214 INFO o.s.b.SpringApplication [main] No active profile set, falling back to default profiles: default
2020-06-29 00:00:10,029 INFO o.s.s.c.ExecutorConfigurationSupport [main] Initializing ExecutorService 'applicationTaskExecutor'
2020-06-29 00:00:10,287 WARN o.s.b.a.t.ThymeleafAutoConfiguration$DefaultTemplateResolverConfiguration [main] Cannot find template location: classpath:/templates/ (please add some templates or check your Thymeleaf configuration)
2020-06-29 00:00:10,471 INFO o.s.m.w.MockServletContext [main] Initializing Spring TestDispatcherServlet ''
2020-06-29 00:00:10,472 INFO o.s.w.s.FrameworkServlet [main] Initializing Servlet ''
2020-06-29 00:00:10,504 INFO o.s.w.s.FrameworkServlet [main] Completed initialization in 32 ms
2020-06-29 00:00:10,537 INFO o.s.b.StartupInfoLogger [main] Started TrendsControllerTest in 1.41 seconds (JVM running for 41.886)
2020-06-29 00:00:10,546 INFO c.A.A.c.TrendsController [main] Get trends Called
2020-06-29 00:00:10,591 INFO o.s.s.c.ExecutorConfigurationSupport [SpringContextShutdownHook] Shutting down ExecutorService 'applicationTaskExecutor'
2020-06-29 00:00:10,624 INFO o.s.o.j.AbstractEntityManagerFactoryBean [SpringContextShutdownHook] Closing JPA EntityManagerFactory for persistence unit 'default'
2020-06-29 00:00:10,632 INFO o.s.s.c.ExecutorConfigurationSupport [SpringContextShutdownHook] Shutting down ExecutorService 'applicationTaskExecutor'
2020-06-29 00:00:10,639 INFO c.z.h.HikariDataSource [SpringContextShutdownHook] HikariPool-1 - Shutdown initiated...
2020-06-29 00:00:10,691 INFO o.s.s.c.ExecutorConfigurationSupport [SpringContextShutdownHook] Shutting down ExecutorService 'applicationTaskExecutor'
2020-06-29 00:00:10,697 INFO o.s.s.c.ExecutorConfigurationSupport [SpringContextShutdownHook] Shutting down ExecutorService 'applicationTaskExecutor'
2020-06-29 00:00:10,736 INFO o.s.s.c.ExecutorConfigurationSupport [SpringContextShutdownHook] Shutting down ExecutorService 'applicationTaskExecutor'
2020-06-29 00:00:10,695 INFO o.s.s.c.ExecutorConfigurationSupport [SpringContextShutdownHook] Shutting down ExecutorService 'applicationTaskExecutor'
2020-06-29 00:00:10,761 INFO o.s.s.c.ExecutorConfigurationSupport [SpringContextShutdownHook] Shutting down ExecutorService 'applicationTaskExecutor'
2020-06-29 00:00:12,619 INFO c.z.h.HikariDataSource [SpringContextShutdownHook] HikariPool-1 - Shutdown completed.
