2020-07-16 10:07:17,964 INFO o.s.b.StartupInfoLogger [restartedMain] Starting AuApplication on DESKTOP-5DRKUTM with PID 2312 (C:\Users\Rohit\Documents\eclipse-work\AU\target\classes started by Rohit in C:\Users\Rohit\Documents\eclipse-work\AU)
2020-07-16 10:07:18,008 INFO o.s.b.SpringApplication [restartedMain] No active profile set, falling back to default profiles: default
2020-07-16 10:07:18,132 INFO o.s.b.l.DeferredLog [restartedMain] Devtools property defaults active! Set 'spring.devtools.add-properties' to 'false' to disable
2020-07-16 10:07:18,133 INFO o.s.b.l.DeferredLog [restartedMain] For additional web related logging consider setting the 'logging.level.web' property to 'DEBUG'
2020-07-16 10:07:24,516 INFO o.s.d.r.c.RepositoryConfigurationDelegate [restartedMain] Bootstrapping Spring Data JPA repositories in DEFERRED mode.
2020-07-16 10:07:24,594 INFO o.s.d.r.c.RepositoryConfigurationDelegate [restartedMain] Finished Spring Data repository scanning in 54ms. Found 0 JPA repository interfaces.
2020-07-16 10:07:26,682 INFO o.s.b.w.e.t.TomcatWebServer [restartedMain] Tomcat initialized with port(s): 8080 (http)
2020-07-16 10:07:26,747 INFO o.a.j.l.DirectJDKLog [restartedMain] Initializing ProtocolHandler ["http-nio-8080"]
2020-07-16 10:07:26,748 INFO o.a.j.l.DirectJDKLog [restartedMain] Starting service [Tomcat]
2020-07-16 10:07:26,749 INFO o.a.j.l.DirectJDKLog [restartedMain] Starting Servlet engine: [Apache Tomcat/9.0.35]
2020-07-16 10:07:27,022 INFO o.a.j.l.DirectJDKLog [restartedMain] Initializing Spring embedded WebApplicationContext
2020-07-16 10:07:27,023 INFO o.s.b.w.s.c.ServletWebServerApplicationContext [restartedMain] Root WebApplicationContext: initialization completed in 8888 ms
2020-07-16 10:07:28,219 INFO o.s.s.c.ExecutorConfigurationSupport [restartedMain] Initializing ExecutorService 'applicationTaskExecutor'
2020-07-16 10:07:28,617 INFO o.h.j.i.u.LogHelper [task-1] HHH000204: Processing PersistenceUnitInfo [name: default]
2020-07-16 10:07:29,132 INFO o.h.Version [task-1] HHH000412: Hibernate ORM core version 5.4.15.Final
2020-07-16 10:07:29,769 INFO o.h.a.c.r.j.JavaReflectionManager [task-1] HCANN000001: Hibernate Commons Annotations {5.1.0.Final}
2020-07-16 10:07:30,144 INFO c.z.h.HikariDataSource [task-1] HikariPool-1 - Starting...
2020-07-16 10:07:30,546 INFO c.z.h.HikariDataSource [task-1] HikariPool-1 - Start completed.
2020-07-16 10:07:30,613 INFO o.h.d.Dialect [task-1] HHH000400: Using dialect: org.hibernate.dialect.MySQL5Dialect
2020-07-16 10:07:31,596 INFO o.h.e.t.j.p.i.JtaPlatformInitiator [task-1] HHH000490: Using JtaPlatform implementation: [org.hibernate.engine.transaction.jta.platform.internal.NoJtaPlatform]
2020-07-16 10:07:31,643 INFO o.s.o.j.AbstractEntityManagerFactoryBean [task-1] Initialized JPA EntityManagerFactory for persistence unit 'default'
2020-07-16 10:07:31,923 INFO o.s.b.d.a.OptionalLiveReloadServer [task-2] LiveReload server is running on port 35729
2020-07-16 10:07:32,330 WARN o.s.d.r.w.h.HalBrowser [restartedMain] ---
2020-07-16 10:07:32,331 WARN o.s.d.r.w.h.HalBrowser [restartedMain] Spring Data REST HAL Browser is deprecated! Prefer the HAL Explorer (artifactId: spring-data-rest-hal-explorer)!
2020-07-16 10:07:32,331 WARN o.s.d.r.w.h.HalBrowser [restartedMain] ---
2020-07-16 10:07:32,465 WARN o.s.b.a.o.j.JpaBaseConfiguration$JpaWebConfiguration [restartedMain] spring.jpa.open-in-view is enabled by default. Therefore, database queries may be performed during view rendering. Explicitly configure spring.jpa.open-in-view to disable this warning
2020-07-16 10:07:34,347 INFO o.s.b.a.e.w.EndpointLinksResolver [restartedMain] Exposing 2 endpoint(s) beneath base path '/actuator'
2020-07-16 10:07:34,569 INFO o.a.j.l.DirectJDKLog [restartedMain] Starting ProtocolHandler ["http-nio-8080"]
2020-07-16 10:07:34,698 INFO o.s.b.w.e.t.TomcatWebServer [restartedMain] Tomcat started on port(s): 8080 (http) with context path ''
2020-07-16 10:07:34,703 INFO o.s.d.r.c.DeferredRepositoryInitializationListener [restartedMain] Triggering deferred initialization of Spring Data repositories…
2020-07-16 10:07:34,705 INFO o.s.d.r.c.DeferredRepositoryInitializationListener [restartedMain] Spring Data repositories initialized!
2020-07-16 10:07:34,759 INFO o.s.b.StartupInfoLogger [restartedMain] Started AuApplication in 17.987 seconds (JVM running for 20.174)
2020-07-16 10:07:35,567 INFO o.a.j.l.DirectJDKLog [RMI TCP Connection(1)-127.0.0.1] Initializing Spring DispatcherServlet 'dispatcherServlet'
2020-07-16 10:07:35,568 INFO o.s.w.s.FrameworkServlet [RMI TCP Connection(1)-127.0.0.1] Initializing Servlet 'dispatcherServlet'
2020-07-16 10:07:35,589 INFO o.s.w.s.FrameworkServlet [RMI TCP Connection(1)-127.0.0.1] Completed initialization in 20 ms
