2020-07-06 10:46:23,340 WARN c.z.h.p.HikariPool$HouseKeeper [HikariPool-1 housekeeper] HikariPool-1 - Thread starvation or clock leap detected (housekeeper delta=12h45m1s977ms217µs548ns).
2020-07-06 10:47:38,958 INFO c.A.A.c.CourseController [http-nio-8080-exec-1] Get course Called
2020-07-06 10:47:38,961 INFO c.A.A.c.AssessmentController [http-nio-8080-exec-2] Get Assessment Called
2020-07-06 10:47:39,035 INFO c.A.A.c.AcademicController [http-nio-8080-exec-5] Get Assessment Called with id AU0120
2020-07-06 10:47:39,038 INFO c.A.A.c.TraineeController [http-nio-8080-exec-9] Get All Trainee Called
2020-07-06 10:47:39,109 INFO c.A.A.c.CourseController [http-nio-8080-exec-4] Get course Called
2020-07-06 10:47:39,114 INFO c.A.A.c.TraineeController [http-nio-8080-exec-7] Get All Trainee Called
2020-07-06 10:47:39,109 INFO c.A.A.c.AssessmentController [http-nio-8080-exec-10] Get Assessment Called
2020-07-06 10:47:39,130 INFO c.A.A.c.AcademicController [http-nio-8080-exec-6] Get Assessment Called with id AU0120
2020-07-06 10:50:04,736 INFO c.A.A.c.CourseController [http-nio-8080-exec-9] Get course Called
2020-07-06 10:50:04,751 INFO c.A.A.c.CourseController [http-nio-8080-exec-5] Get course Called
2020-07-06 10:50:04,758 INFO c.A.A.c.AssessmentController [http-nio-8080-exec-4] Get Assessment Called
2020-07-06 10:50:04,775 INFO c.A.A.c.AssessmentController [http-nio-8080-exec-7] Get Assessment Called
2020-07-06 10:50:04,787 INFO c.A.A.c.TraineeController [http-nio-8080-exec-10] Get All Trainee Called
2020-07-06 10:50:04,796 INFO c.A.A.c.AcademicController [http-nio-8080-exec-6] Get Assessment Called with id AU0120
2020-07-06 10:50:04,820 INFO c.A.A.c.TraineeController [http-nio-8080-exec-8] Get All Trainee Called
2020-07-06 10:50:04,837 INFO c.A.A.c.AcademicController [http-nio-8080-exec-1] Get Assessment Called with id AU0120
2020-07-06 10:51:13,232 INFO c.A.A.c.CourseController [http-nio-8080-exec-5] Get course Called
2020-07-06 10:51:13,245 INFO c.A.A.c.AssessmentController [http-nio-8080-exec-4] Get Assessment Called
2020-07-06 10:51:13,258 INFO c.A.A.c.CourseController [http-nio-8080-exec-7] Get course Called
2020-07-06 10:51:13,279 INFO c.A.A.c.AssessmentController [http-nio-8080-exec-10] Get Assessment Called
2020-07-06 10:51:13,286 INFO c.A.A.c.TraineeController [http-nio-8080-exec-6] Get All Trainee Called
2020-07-06 10:51:13,301 INFO c.A.A.c.AcademicController [http-nio-8080-exec-8] Get Assessment Called with id AU0120
2020-07-06 10:51:13,314 INFO c.A.A.c.TraineeController [http-nio-8080-exec-1] Get All Trainee Called
2020-07-06 10:51:13,323 INFO c.A.A.c.AcademicController [http-nio-8080-exec-2] Get Assessment Called with id AU0120
2020-07-06 10:52:07,203 INFO c.A.A.c.CourseController [http-nio-8080-exec-9] Get course Called
2020-07-06 10:52:07,220 INFO c.A.A.c.AssessmentController [http-nio-8080-exec-5] Get Assessment Called
2020-07-06 10:52:07,229 INFO c.A.A.c.TraineeController [http-nio-8080-exec-4] Get All Trainee Called
2020-07-06 10:52:07,247 INFO c.A.A.c.CourseController [http-nio-8080-exec-7] Get course Called
2020-07-06 10:52:07,254 INFO c.A.A.c.AssessmentController [http-nio-8080-exec-10] Get Assessment Called
2020-07-06 10:52:07,254 INFO c.A.A.c.AcademicController [http-nio-8080-exec-6] Get Assessment Called with id AU0120
2020-07-06 10:52:07,261 INFO c.A.A.c.TraineeController [http-nio-8080-exec-8] Get All Trainee Called
2020-07-06 10:52:07,292 INFO c.A.A.c.AcademicController [http-nio-8080-exec-1] Get Assessment Called with id AU0120
2020-07-06 10:52:18,588 INFO c.A.A.c.CourseController [http-nio-8080-exec-2] Get course Called
2020-07-06 10:52:18,602 INFO c.A.A.c.CourseController [http-nio-8080-exec-3] Get course Called
2020-07-06 10:52:18,608 INFO c.A.A.c.AssessmentController [http-nio-8080-exec-9] Get Assessment Called
2020-07-06 10:52:18,636 INFO c.A.A.c.TraineeController [http-nio-8080-exec-5] Get All Trainee Called
2020-07-06 10:52:18,640 INFO c.A.A.c.AssessmentController [http-nio-8080-exec-4] Get Assessment Called
2020-07-06 10:52:18,645 INFO c.A.A.c.AcademicController [http-nio-8080-exec-7] Get Assessment Called with id AU0120
2020-07-06 10:52:18,658 INFO c.A.A.c.TraineeController [http-nio-8080-exec-6] Get All Trainee Called
2020-07-06 10:52:18,678 INFO c.A.A.c.AcademicController [http-nio-8080-exec-10] Get Assessment Called with id AU0120
2020-07-06 10:52:47,056 INFO c.A.A.c.CourseController [http-nio-8080-exec-8] Get course Called
2020-07-06 10:52:47,067 INFO c.A.A.c.CourseController [http-nio-8080-exec-1] Get course Called
2020-07-06 10:52:47,075 INFO c.A.A.c.AssessmentController [http-nio-8080-exec-2] Get Assessment Called
2020-07-06 10:52:47,086 INFO c.A.A.c.AssessmentController [http-nio-8080-exec-3] Get Assessment Called
2020-07-06 10:52:47,090 INFO c.A.A.c.TraineeController [http-nio-8080-exec-9] Get All Trainee Called
2020-07-06 10:52:47,102 INFO c.A.A.c.TraineeController [http-nio-8080-exec-5] Get All Trainee Called
2020-07-06 10:52:47,109 INFO c.A.A.c.AcademicController [http-nio-8080-exec-4] Get Assessment Called with id AU0120
2020-07-06 10:52:47,126 INFO c.A.A.c.AcademicController [http-nio-8080-exec-7] Get Assessment Called with id AU0120
2020-07-06 10:56:49,374 INFO c.A.A.c.UserController [http-nio-8080-exec-2] Get user Called using email kmr.rht.97@gmail.com
2020-07-06 10:56:52,180 INFO c.A.A.c.UserController [http-nio-8080-exec-3] Get user Called using email kmr.rht.97@gmail.com
2020-07-06 10:57:09,383 INFO c.A.A.c.CourseController [http-nio-8080-exec-9] Get course Called
2020-07-06 10:57:09,390 INFO c.A.A.c.CourseController [http-nio-8080-exec-5] Get course Called
2020-07-06 10:57:09,396 INFO c.A.A.c.AssessmentController [http-nio-8080-exec-4] Get Assessment Called
2020-07-06 10:57:09,403 INFO c.A.A.c.AssessmentController [http-nio-8080-exec-7] Get Assessment Called
2020-07-06 10:57:09,410 INFO c.A.A.c.TraineeController [http-nio-8080-exec-6] Get All Trainee Called
2020-07-06 10:57:09,419 INFO c.A.A.c.TraineeController [http-nio-8080-exec-10] Get All Trainee Called
2020-07-06 10:57:09,425 INFO c.A.A.c.AcademicController [http-nio-8080-exec-8] Get Assessment Called with id AU0120
2020-07-06 10:57:09,454 INFO c.A.A.c.AcademicController [http-nio-8080-exec-1] Get Assessment Called with id AU0120
2020-07-06 10:57:18,392 INFO c.A.A.c.CourseController [http-nio-8080-exec-2] Get course Called
2020-07-06 10:57:18,402 INFO c.A.A.c.CourseController [http-nio-8080-exec-3] Get course Called
2020-07-06 10:57:18,407 INFO c.A.A.c.AssessmentController [http-nio-8080-exec-9] Get Assessment Called
2020-07-06 10:57:18,418 INFO c.A.A.c.AssessmentController [http-nio-8080-exec-5] Get Assessment Called
2020-07-06 10:57:18,424 INFO c.A.A.c.TraineeController [http-nio-8080-exec-4] Get All Trainee Called
2020-07-06 10:57:18,433 INFO c.A.A.c.TraineeController [http-nio-8080-exec-7] Get All Trainee Called
2020-07-06 10:57:18,438 INFO c.A.A.c.AcademicController [http-nio-8080-exec-6] Get Assessment Called with id AU0120
2020-07-06 10:57:18,448 INFO c.A.A.c.AcademicController [http-nio-8080-exec-10] Get Assessment Called with id AU0120
2020-07-06 10:59:37,464 INFO c.A.A.c.CourseController [http-nio-8080-exec-2] Get course Called
2020-07-06 10:59:37,484 INFO c.A.A.c.AssessmentController [http-nio-8080-exec-3] Get Assessment Called
2020-07-06 10:59:37,490 INFO c.A.A.c.CourseController [http-nio-8080-exec-9] Get course Called
2020-07-06 10:59:37,501 INFO c.A.A.c.TraineeController [http-nio-8080-exec-5] Get All Trainee Called
2020-07-06 10:59:37,513 INFO c.A.A.c.AssessmentController [http-nio-8080-exec-4] Get Assessment Called
2020-07-06 10:59:37,525 INFO c.A.A.c.AcademicController [http-nio-8080-exec-7] Get Assessment Called with id AU0120
2020-07-06 10:59:37,534 INFO c.A.A.c.TraineeController [http-nio-8080-exec-6] Get All Trainee Called
2020-07-06 10:59:37,551 INFO c.A.A.c.AcademicController [http-nio-8080-exec-10] Get Assessment Called with id AU0120
2020-07-06 10:59:50,082 INFO c.A.A.c.AcademicController [http-nio-8080-exec-8] Get Assessment Called with id AU0120
2020-07-06 10:59:50,091 INFO c.A.A.c.AcademicController [http-nio-8080-exec-1] Get Assessment Called with id AU0120
2020-07-06 11:01:35,520 INFO c.A.A.c.CourseController [http-nio-8080-exec-5] Get course Called
2020-07-06 11:01:35,529 INFO c.A.A.c.CourseController [http-nio-8080-exec-4] Get course Called
2020-07-06 11:01:35,537 INFO c.A.A.c.AssessmentController [http-nio-8080-exec-7] Get Assessment Called
2020-07-06 11:01:35,553 INFO c.A.A.c.AssessmentController [http-nio-8080-exec-10] Get Assessment Called
2020-07-06 11:01:35,553 INFO c.A.A.c.TraineeController [http-nio-8080-exec-6] Get All Trainee Called
2020-07-06 11:01:35,569 INFO c.A.A.c.TraineeController [http-nio-8080-exec-8] Get All Trainee Called
2020-07-06 11:01:35,576 INFO c.A.A.c.AcademicController [http-nio-8080-exec-1] Get Assessment Called with id AU0120
2020-07-06 11:01:35,597 INFO c.A.A.c.AcademicController [http-nio-8080-exec-2] Get Assessment Called with id AU0120
2020-07-06 11:02:12,084 INFO c.A.A.c.CourseController [http-nio-8080-exec-3] Get course Called
2020-07-06 11:02:12,099 INFO c.A.A.c.AssessmentController [http-nio-8080-exec-9] Get Assessment Called
2020-07-06 11:02:12,107 INFO c.A.A.c.CourseController [http-nio-8080-exec-5] Get course Called
2020-07-06 11:02:12,113 INFO c.A.A.c.TraineeController [http-nio-8080-exec-4] Get All Trainee Called
2020-07-06 11:02:12,129 INFO c.A.A.c.AssessmentController [http-nio-8080-exec-7] Get Assessment Called
2020-07-06 11:02:12,130 INFO c.A.A.c.AcademicController [http-nio-8080-exec-10] Get Assessment Called with id AU0120
2020-07-06 11:02:12,146 INFO c.A.A.c.TraineeController [http-nio-8080-exec-6] Get All Trainee Called
2020-07-06 11:02:12,155 INFO c.A.A.c.AcademicController [http-nio-8080-exec-8] Get Assessment Called with id AU0120
2020-07-06 11:02:20,238 INFO c.A.A.c.AcademicController [http-nio-8080-exec-1] Get Assessment Called with id AU0120
2020-07-06 11:02:20,246 INFO c.A.A.c.AcademicController [http-nio-8080-exec-2] Get Assessment Called with id AU0120
2020-07-06 11:02:48,778 INFO c.A.A.c.CourseController [http-nio-8080-exec-3] Get course Called
2020-07-06 11:02:48,789 INFO c.A.A.c.CourseController [http-nio-8080-exec-9] Get course Called
2020-07-06 11:02:48,794 INFO c.A.A.c.AssessmentController [http-nio-8080-exec-5] Get Assessment Called
2020-07-06 11:02:48,835 INFO c.A.A.c.TraineeController [http-nio-8080-exec-4] Get All Trainee Called
2020-07-06 11:02:48,836 INFO c.A.A.c.AcademicController [http-nio-8080-exec-7] Get Assessment Called with id AU0120
2020-07-06 11:02:48,836 INFO c.A.A.c.AssessmentController [http-nio-8080-exec-10] Get Assessment Called
2020-07-06 11:02:48,848 INFO c.A.A.c.AcademicController [http-nio-8080-exec-8] Get Assessment Called with id AU0120
2020-07-06 11:02:48,849 INFO c.A.A.c.TraineeController [http-nio-8080-exec-6] Get All Trainee Called
2020-07-06 11:02:55,068 INFO c.A.A.c.AcademicController [http-nio-8080-exec-1] Get Assessment Called with id AU0120
2020-07-06 11:02:55,074 INFO c.A.A.c.AcademicController [http-nio-8080-exec-2] Get Assessment Called with id AU0120
2020-07-06 11:03:27,987 INFO c.A.A.c.CourseController [http-nio-8080-exec-9] Get course Called
2020-07-06 11:03:28,007 INFO c.A.A.c.CourseController [http-nio-8080-exec-5] Get course Called
2020-07-06 11:03:28,013 INFO c.A.A.c.AssessmentController [http-nio-8080-exec-4] Get Assessment Called
2020-07-06 11:03:28,020 INFO c.A.A.c.TraineeController [http-nio-8080-exec-7] Get All Trainee Called
2020-07-06 11:03:28,035 INFO c.A.A.c.AssessmentController [http-nio-8080-exec-10] Get Assessment Called
2020-07-06 11:03:28,036 INFO c.A.A.c.AcademicController [http-nio-8080-exec-8] Get Assessment Called with id AU0120
2020-07-06 11:03:28,043 INFO c.A.A.c.TraineeController [http-nio-8080-exec-6] Get All Trainee Called
2020-07-06 11:03:28,054 INFO c.A.A.c.AcademicController [http-nio-8080-exec-1] Get Assessment Called with id AU0120
2020-07-06 11:04:07,580 INFO c.A.A.c.CourseController [http-nio-8080-exec-2] Get course Called
2020-07-06 11:04:07,585 INFO c.A.A.c.AssessmentController [http-nio-8080-exec-3] Get Assessment Called
2020-07-06 11:04:07,591 INFO c.A.A.c.CourseController [http-nio-8080-exec-9] Get course Called
2020-07-06 11:04:07,604 INFO c.A.A.c.TraineeController [http-nio-8080-exec-5] Get All Trainee Called
2020-07-06 11:04:07,605 INFO c.A.A.c.AssessmentController [http-nio-8080-exec-4] Get Assessment Called
2020-07-06 11:04:07,627 INFO c.A.A.c.AcademicController [http-nio-8080-exec-7] Get Assessment Called with id AU0120
2020-07-06 11:04:07,660 INFO c.A.A.c.TraineeController [http-nio-8080-exec-10] Get All Trainee Called
2020-07-06 11:04:07,703 INFO c.A.A.c.AcademicController [http-nio-8080-exec-8] Get Assessment Called with id AU0120
2020-07-06 11:04:48,877 INFO c.A.A.c.CourseController [http-nio-8080-exec-6] Get course Called
2020-07-06 11:04:48,892 INFO c.A.A.c.AssessmentController [http-nio-8080-exec-1] Get Assessment Called
2020-07-06 11:04:48,901 INFO c.A.A.c.TraineeController [http-nio-8080-exec-2] Get All Trainee Called
2020-07-06 11:04:48,904 INFO c.A.A.c.CourseController [http-nio-8080-exec-3] Get course Called
2020-07-06 11:04:48,925 INFO c.A.A.c.AssessmentController [http-nio-8080-exec-9] Get Assessment Called
2020-07-06 11:04:48,927 INFO c.A.A.c.AcademicController [http-nio-8080-exec-5] Get Assessment Called with id AU0120
2020-07-06 11:04:48,937 INFO c.A.A.c.TraineeController [http-nio-8080-exec-4] Get All Trainee Called
2020-07-06 11:04:48,994 INFO c.A.A.c.AcademicController [http-nio-8080-exec-7] Get Assessment Called with id AU0120
2020-07-06 11:05:39,843 INFO c.A.A.c.CourseController [http-nio-8080-exec-10] Get course Called
2020-07-06 11:05:39,853 INFO c.A.A.c.CourseController [http-nio-8080-exec-8] Get course Called
2020-07-06 11:05:39,888 INFO c.A.A.c.AssessmentController [http-nio-8080-exec-6] Get Assessment Called
2020-07-06 11:05:39,896 INFO c.A.A.c.TraineeController [http-nio-8080-exec-1] Get All Trainee Called
2020-07-06 11:05:39,902 INFO c.A.A.c.AcademicController [http-nio-8080-exec-1] Get Assessment Called with id AU0120
2020-07-06 11:05:39,920 INFO c.A.A.c.AssessmentController [http-nio-8080-exec-3] Get Assessment Called
2020-07-06 11:05:39,943 INFO c.A.A.c.TraineeController [http-nio-8080-exec-9] Get All Trainee Called
2020-07-06 11:05:39,958 INFO c.A.A.c.AcademicController [http-nio-8080-exec-5] Get Assessment Called with id AU0120
2020-07-06 11:06:20,361 INFO c.A.A.c.CourseController [http-nio-8080-exec-4] Get course Called
2020-07-06 11:06:20,372 INFO c.A.A.c.CourseController [http-nio-8080-exec-7] Get course Called
2020-07-06 11:06:20,382 INFO c.A.A.c.AssessmentController [http-nio-8080-exec-10] Get Assessment Called
2020-07-06 11:06:20,392 INFO c.A.A.c.AssessmentController [http-nio-8080-exec-8] Get Assessment Called
2020-07-06 11:06:20,393 INFO c.A.A.c.TraineeController [http-nio-8080-exec-6] Get All Trainee Called
2020-07-06 11:06:20,407 INFO c.A.A.c.TraineeController [http-nio-8080-exec-2] Get All Trainee Called
2020-07-06 11:06:20,416 INFO c.A.A.c.AcademicController [http-nio-8080-exec-1] Get Assessment Called with id AU0120
2020-07-06 11:06:20,432 INFO c.A.A.c.AcademicController [http-nio-8080-exec-3] Get Assessment Called with id AU0120
2020-07-06 11:06:51,084 INFO c.A.A.c.CourseController [http-nio-8080-exec-4] Get course Called
2020-07-06 11:06:51,092 INFO c.A.A.c.CourseController [http-nio-8080-exec-7] Get course Called
2020-07-06 11:06:51,097 INFO c.A.A.c.AssessmentController [http-nio-8080-exec-10] Get Assessment Called
2020-07-06 11:06:51,106 INFO c.A.A.c.AssessmentController [http-nio-8080-exec-8] Get Assessment Called
2020-07-06 11:06:51,114 INFO c.A.A.c.TraineeController [http-nio-8080-exec-6] Get All Trainee Called
2020-07-06 11:06:51,124 INFO c.A.A.c.TraineeController [http-nio-8080-exec-2] Get All Trainee Called
2020-07-06 11:06:51,129 INFO c.A.A.c.AcademicController [http-nio-8080-exec-1] Get Assessment Called with id AU0120
2020-07-06 11:06:51,137 INFO c.A.A.c.AcademicController [http-nio-8080-exec-3] Get Assessment Called with id AU0120
2020-07-06 11:08:02,704 INFO c.A.A.c.CourseController [http-nio-8080-exec-4] Get course Called
2020-07-06 11:08:02,712 INFO c.A.A.c.CourseController [http-nio-8080-exec-7] Get course Called
2020-07-06 11:08:02,714 INFO c.A.A.c.AssessmentController [http-nio-8080-exec-10] Get Assessment Called
2020-07-06 11:08:02,725 INFO c.A.A.c.AssessmentController [http-nio-8080-exec-8] Get Assessment Called
2020-07-06 11:08:02,730 INFO c.A.A.c.TraineeController [http-nio-8080-exec-6] Get All Trainee Called
2020-07-06 11:08:02,738 INFO c.A.A.c.TraineeController [http-nio-8080-exec-2] Get All Trainee Called
2020-07-06 11:08:02,750 INFO c.A.A.c.AcademicController [http-nio-8080-exec-1] Get Assessment Called with id AU0120
2020-07-06 11:08:02,759 INFO c.A.A.c.AcademicController [http-nio-8080-exec-3] Get Assessment Called with id AU0120
2020-07-06 11:08:54,087 INFO c.A.A.c.CourseController [http-nio-8080-exec-9] Get course Called
2020-07-06 11:08:54,096 INFO c.A.A.c.CourseController [http-nio-8080-exec-5] Get course Called
2020-07-06 11:08:54,101 INFO c.A.A.c.AssessmentController [http-nio-8080-exec-4] Get Assessment Called
2020-07-06 11:08:54,111 INFO c.A.A.c.AssessmentController [http-nio-8080-exec-7] Get Assessment Called
2020-07-06 11:08:54,120 INFO c.A.A.c.TraineeController [http-nio-8080-exec-10] Get All Trainee Called
2020-07-06 11:08:54,128 INFO c.A.A.c.TraineeController [http-nio-8080-exec-8] Get All Trainee Called
2020-07-06 11:08:54,133 INFO c.A.A.c.AcademicController [http-nio-8080-exec-6] Get Assessment Called with id AU0120
2020-07-06 11:08:54,140 INFO c.A.A.c.AcademicController [http-nio-8080-exec-2] Get Assessment Called with id AU0120
2020-07-06 11:09:19,086 INFO c.A.A.c.CourseController [http-nio-8080-exec-1] Get course Called
2020-07-06 11:09:19,094 INFO c.A.A.c.CourseController [http-nio-8080-exec-3] Get course Called
2020-07-06 11:09:19,101 INFO c.A.A.c.AssessmentController [http-nio-8080-exec-9] Get Assessment Called
2020-07-06 11:09:19,127 INFO c.A.A.c.TraineeController [http-nio-8080-exec-5] Get All Trainee Called
2020-07-06 11:09:19,127 INFO c.A.A.c.AssessmentController [http-nio-8080-exec-4] Get Assessment Called
2020-07-06 11:09:19,149 INFO c.A.A.c.AcademicController [http-nio-8080-exec-7] Get Assessment Called with id AU0120
2020-07-06 11:09:19,177 INFO c.A.A.c.TraineeController [http-nio-8080-exec-10] Get All Trainee Called
2020-07-06 11:09:19,191 INFO c.A.A.c.AcademicController [http-nio-8080-exec-8] Get Assessment Called with id AU0120
2020-07-06 11:09:40,864 INFO c.A.A.c.CourseController [http-nio-8080-exec-6] Get course Called
2020-07-06 11:09:40,874 INFO c.A.A.c.CourseController [http-nio-8080-exec-2] Get course Called
2020-07-06 11:09:40,880 INFO c.A.A.c.AssessmentController [http-nio-8080-exec-1] Get Assessment Called
2020-07-06 11:09:40,891 INFO c.A.A.c.AssessmentController [http-nio-8080-exec-3] Get Assessment Called
2020-07-06 11:09:40,899 INFO c.A.A.c.TraineeController [http-nio-8080-exec-9] Get All Trainee Called
2020-07-06 11:09:40,910 INFO c.A.A.c.TraineeController [http-nio-8080-exec-4] Get All Trainee Called
2020-07-06 11:09:40,919 INFO c.A.A.c.AcademicController [http-nio-8080-exec-5] Get Assessment Called with id AU0120
2020-07-06 11:09:40,933 INFO c.A.A.c.AcademicController [http-nio-8080-exec-7] Get Assessment Called with id AU0120
2020-07-06 11:10:00,234 INFO c.A.A.c.CourseController [http-nio-8080-exec-10] Get course Called
2020-07-06 11:10:00,242 INFO c.A.A.c.CourseController [http-nio-8080-exec-8] Get course Called
2020-07-06 11:10:00,246 INFO c.A.A.c.AssessmentController [http-nio-8080-exec-6] Get Assessment Called
2020-07-06 11:10:00,254 INFO c.A.A.c.AssessmentController [http-nio-8080-exec-2] Get Assessment Called
2020-07-06 11:10:00,260 INFO c.A.A.c.TraineeController [http-nio-8080-exec-1] Get All Trainee Called
2020-07-06 11:10:00,270 INFO c.A.A.c.TraineeController [http-nio-8080-exec-3] Get All Trainee Called
2020-07-06 11:10:00,272 INFO c.A.A.c.AcademicController [http-nio-8080-exec-9] Get Assessment Called with id AU0120
2020-07-06 11:10:00,286 INFO c.A.A.c.AcademicController [http-nio-8080-exec-4] Get Assessment Called with id AU0120
2020-07-06 11:10:25,759 INFO c.A.A.c.CourseController [http-nio-8080-exec-7] Get course Called
2020-07-06 11:10:25,769 INFO c.A.A.c.CourseController [http-nio-8080-exec-10] Get course Called
2020-07-06 11:10:25,773 INFO c.A.A.c.AssessmentController [http-nio-8080-exec-8] Get Assessment Called
2020-07-06 11:10:25,783 INFO c.A.A.c.AssessmentController [http-nio-8080-exec-6] Get Assessment Called
2020-07-06 11:10:25,787 INFO c.A.A.c.TraineeController [http-nio-8080-exec-2] Get All Trainee Called
2020-07-06 11:10:25,796 INFO c.A.A.c.TraineeController [http-nio-8080-exec-1] Get All Trainee Called
2020-07-06 11:10:25,803 INFO c.A.A.c.AcademicController [http-nio-8080-exec-3] Get Assessment Called with id AU0120
2020-07-06 11:10:25,813 INFO c.A.A.c.AcademicController [http-nio-8080-exec-9] Get Assessment Called with id AU0120
2020-07-06 11:10:28,254 INFO c.A.A.c.AcademicController [http-nio-8080-exec-4] Get Academic Called
2020-07-06 11:10:28,268 INFO c.A.A.c.AcademicController [http-nio-8080-exec-5] Get Academic Called
2020-07-06 11:10:30,685 INFO c.A.A.c.AcademicController [http-nio-8080-exec-7] Get Academic Called
2020-07-06 11:10:30,693 INFO c.A.A.c.AcademicController [http-nio-8080-exec-10] Get Academic Called
2020-07-06 11:10:31,582 INFO c.A.A.c.AcademicController [http-nio-8080-exec-8] Get Academic Called
2020-07-06 11:10:31,589 INFO c.A.A.c.AcademicController [http-nio-8080-exec-6] Get Academic Called
2020-07-06 11:11:21,208 INFO c.A.A.c.CourseController [http-nio-8080-exec-2] Get course Called
2020-07-06 11:11:21,216 INFO c.A.A.c.CourseController [http-nio-8080-exec-1] Get course Called
2020-07-06 11:11:21,227 INFO c.A.A.c.AssessmentController [http-nio-8080-exec-3] Get Assessment Called
2020-07-06 11:11:21,234 INFO c.A.A.c.AssessmentController [http-nio-8080-exec-9] Get Assessment Called
2020-07-06 11:11:21,240 INFO c.A.A.c.TraineeController [http-nio-8080-exec-4] Get All Trainee Called
2020-07-06 11:11:21,247 INFO c.A.A.c.TraineeController [http-nio-8080-exec-5] Get All Trainee Called
2020-07-06 11:11:21,252 INFO c.A.A.c.AcademicController [http-nio-8080-exec-7] Get Assessment Called with id AU0120
2020-07-06 11:11:21,261 INFO c.A.A.c.AcademicController [http-nio-8080-exec-10] Get Assessment Called with id AU0120
2020-07-06 11:11:25,799 INFO c.A.A.c.AcademicController [http-nio-8080-exec-8] Get Assessment Called with id AU0120
2020-07-06 11:11:25,812 INFO c.A.A.c.AcademicController [http-nio-8080-exec-6] Get Assessment Called with id AU0120
2020-07-06 11:11:29,833 INFO c.A.A.c.CourseController [http-nio-8080-exec-2] Get course Called
2020-07-06 11:11:29,841 INFO c.A.A.c.CourseController [http-nio-8080-exec-1] Get course Called
2020-07-06 11:11:29,845 INFO c.A.A.c.AssessmentController [http-nio-8080-exec-1] Get Assessment Called
2020-07-06 11:11:29,854 INFO c.A.A.c.AssessmentController [http-nio-8080-exec-9] Get Assessment Called
2020-07-06 11:11:29,861 INFO c.A.A.c.TraineeController [http-nio-8080-exec-4] Get All Trainee Called
2020-07-06 11:11:29,868 INFO c.A.A.c.TraineeController [http-nio-8080-exec-5] Get All Trainee Called
2020-07-06 11:11:29,877 INFO c.A.A.c.AcademicController [http-nio-8080-exec-7] Get Assessment Called with id AU0120
2020-07-06 11:11:29,892 INFO c.A.A.c.AcademicController [http-nio-8080-exec-10] Get Assessment Called with id AU0120
2020-07-06 11:11:34,652 INFO c.A.A.c.AcademicController [http-nio-8080-exec-8] Get Assessment Called with id AU0120
2020-07-06 11:11:34,661 INFO c.A.A.c.AcademicController [http-nio-8080-exec-6] Get Assessment Called with id AU0120
2020-07-06 11:12:08,355 INFO c.A.A.c.CourseController [http-nio-8080-exec-2] Get course Called
2020-07-06 11:12:08,365 INFO c.A.A.c.AssessmentController [http-nio-8080-exec-3] Get Assessment Called
2020-07-06 11:12:08,372 INFO c.A.A.c.CourseController [http-nio-8080-exec-1] Get course Called
2020-07-06 11:12:08,379 INFO c.A.A.c.AssessmentController [http-nio-8080-exec-9] Get Assessment Called
2020-07-06 11:12:08,391 INFO c.A.A.c.TraineeController [http-nio-8080-exec-4] Get All Trainee Called
2020-07-06 11:12:08,399 INFO c.A.A.c.TraineeController [http-nio-8080-exec-5] Get All Trainee Called
2020-07-06 11:12:08,412 INFO c.A.A.c.AcademicController [http-nio-8080-exec-7] Get Assessment Called with id AU0120
2020-07-06 11:12:08,429 INFO c.A.A.c.AcademicController [http-nio-8080-exec-10] Get Assessment Called with id AU0120
2020-07-06 11:12:38,486 INFO c.A.A.c.CourseController [http-nio-8080-exec-8] Get course Called
2020-07-06 11:12:38,494 INFO c.A.A.c.CourseController [http-nio-8080-exec-6] Get course Called
2020-07-06 11:12:38,498 INFO c.A.A.c.AssessmentController [http-nio-8080-exec-2] Get Assessment Called
2020-07-06 11:12:38,504 INFO c.A.A.c.AssessmentController [http-nio-8080-exec-3] Get Assessment Called
2020-07-06 11:12:38,514 INFO c.A.A.c.TraineeController [http-nio-8080-exec-1] Get All Trainee Called
2020-07-06 11:12:38,525 INFO c.A.A.c.TraineeController [http-nio-8080-exec-9] Get All Trainee Called
2020-07-06 11:12:38,532 INFO c.A.A.c.AcademicController [http-nio-8080-exec-4] Get Assessment Called with id AU0120
2020-07-06 11:12:38,542 INFO c.A.A.c.AcademicController [http-nio-8080-exec-5] Get Assessment Called with id AU0120
2020-07-06 11:12:56,027 INFO c.A.A.c.CourseController [http-nio-8080-exec-7] Get course Called
2020-07-06 11:12:56,036 INFO c.A.A.c.CourseController [http-nio-8080-exec-10] Get course Called
2020-07-06 11:12:56,044 INFO c.A.A.c.AssessmentController [http-nio-8080-exec-8] Get Assessment Called
2020-07-06 11:12:56,051 INFO c.A.A.c.AssessmentController [http-nio-8080-exec-6] Get Assessment Called
2020-07-06 11:12:56,075 INFO c.A.A.c.TraineeController [http-nio-8080-exec-2] Get All Trainee Called
2020-07-06 11:12:56,087 INFO c.A.A.c.TraineeController [http-nio-8080-exec-3] Get All Trainee Called
2020-07-06 11:12:56,100 INFO c.A.A.c.AcademicController [http-nio-8080-exec-1] Get Assessment Called with id AU0120
2020-07-06 11:12:56,112 INFO c.A.A.c.AcademicController [http-nio-8080-exec-9] Get Assessment Called with id AU0120
2020-07-06 11:13:11,892 INFO c.A.A.c.CourseController [http-nio-8080-exec-4] Get course Called
2020-07-06 11:13:11,901 INFO c.A.A.c.CourseController [http-nio-8080-exec-5] Get course Called
2020-07-06 11:13:11,907 INFO c.A.A.c.AssessmentController [http-nio-8080-exec-7] Get Assessment Called
2020-07-06 11:13:11,964 INFO c.A.A.c.TraineeController [http-nio-8080-exec-10] Get All Trainee Called
2020-07-06 11:13:11,964 INFO c.A.A.c.AcademicController [http-nio-8080-exec-8] Get Assessment Called with id AU0120
2020-07-06 11:13:11,966 INFO c.A.A.c.AssessmentController [http-nio-8080-exec-6] Get Assessment Called
2020-07-06 11:13:12,010 INFO c.A.A.c.TraineeController [http-nio-8080-exec-3] Get All Trainee Called
2020-07-06 11:13:12,010 INFO c.A.A.c.AcademicController [http-nio-8080-exec-2] Get Assessment Called with id AU0120
2020-07-06 11:13:34,578 INFO c.A.A.c.CourseController [http-nio-8080-exec-1] Get course Called
2020-07-06 11:13:34,591 INFO c.A.A.c.CourseController [http-nio-8080-exec-9] Get course Called
2020-07-06 11:13:34,599 INFO c.A.A.c.AssessmentController [http-nio-8080-exec-4] Get Assessment Called
2020-07-06 11:13:34,675 INFO c.A.A.c.AssessmentController [http-nio-8080-exec-5] Get Assessment Called
2020-07-06 11:13:34,680 INFO c.A.A.c.TraineeController [http-nio-8080-exec-7] Get All Trainee Called
2020-07-06 11:13:34,692 INFO c.A.A.c.AcademicController [http-nio-8080-exec-8] Get Assessment Called with id AU0120
2020-07-06 11:13:34,718 INFO c.A.A.c.TraineeController [http-nio-8080-exec-10] Get All Trainee Called
2020-07-06 11:13:34,718 INFO c.A.A.c.AcademicController [http-nio-8080-exec-6] Get Assessment Called with id AU0120
2020-07-06 11:14:06,720 INFO c.A.A.c.CourseController [http-nio-8080-exec-2] Get course Called
2020-07-06 11:14:06,732 INFO c.A.A.c.CourseController [http-nio-8080-exec-3] Get course Called
2020-07-06 11:14:06,737 INFO c.A.A.c.AssessmentController [http-nio-8080-exec-1] Get Assessment Called
2020-07-06 11:14:06,746 INFO c.A.A.c.AssessmentController [http-nio-8080-exec-9] Get Assessment Called
2020-07-06 11:14:06,751 INFO c.A.A.c.TraineeController [http-nio-8080-exec-4] Get All Trainee Called
2020-07-06 11:14:06,760 INFO c.A.A.c.TraineeController [http-nio-8080-exec-5] Get All Trainee Called
2020-07-06 11:14:06,765 INFO c.A.A.c.AcademicController [http-nio-8080-exec-7] Get Assessment Called with id AU0120
2020-07-06 11:14:06,773 INFO c.A.A.c.AcademicController [http-nio-8080-exec-8] Get Assessment Called with id AU0120
2020-07-06 11:14:20,720 INFO c.A.A.c.CourseController [http-nio-8080-exec-10] Get course Called
2020-07-06 11:14:20,727 INFO c.A.A.c.CourseController [http-nio-8080-exec-6] Get course Called
2020-07-06 11:14:20,733 INFO c.A.A.c.AssessmentController [http-nio-8080-exec-2] Get Assessment Called
2020-07-06 11:14:20,741 INFO c.A.A.c.AssessmentController [http-nio-8080-exec-3] Get Assessment Called
2020-07-06 11:14:20,747 INFO c.A.A.c.TraineeController [http-nio-8080-exec-1] Get All Trainee Called
2020-07-06 11:14:20,759 INFO c.A.A.c.TraineeController [http-nio-8080-exec-9] Get All Trainee Called
2020-07-06 11:14:20,765 INFO c.A.A.c.AcademicController [http-nio-8080-exec-4] Get Assessment Called with id AU0120
2020-07-06 11:14:20,778 INFO c.A.A.c.AcademicController [http-nio-8080-exec-5] Get Assessment Called with id AU0120
2020-07-06 11:14:38,182 INFO c.A.A.c.AcademicController [http-nio-8080-exec-8] Get Assessment Called with id AU0120
2020-07-06 11:14:38,195 INFO c.A.A.c.AcademicController [http-nio-8080-exec-10] Get Assessment Called with id AU0120
2020-07-06 11:15:45,347 INFO c.A.A.c.CourseController [http-nio-8080-exec-3] Get course Called
2020-07-06 11:15:45,355 INFO c.A.A.c.CourseController [http-nio-8080-exec-1] Get course Called
2020-07-06 11:15:45,364 INFO c.A.A.c.AssessmentController [http-nio-8080-exec-9] Get Assessment Called
2020-07-06 11:15:45,375 INFO c.A.A.c.AssessmentController [http-nio-8080-exec-4] Get Assessment Called
2020-07-06 11:15:45,388 INFO c.A.A.c.TraineeController [http-nio-8080-exec-5] Get All Trainee Called
2020-07-06 11:15:45,401 INFO c.A.A.c.TraineeController [http-nio-8080-exec-7] Get All Trainee Called
2020-07-06 11:15:45,418 INFO c.A.A.c.AcademicController [http-nio-8080-exec-8] Get Assessment Called with id AU0120
2020-07-06 11:15:45,428 INFO c.A.A.c.AcademicController [http-nio-8080-exec-10] Get Assessment Called with id AU0120
2020-07-06 11:17:52,182 INFO c.A.A.c.CourseController [http-nio-8080-exec-3] Get course Called
2020-07-06 11:17:52,257 INFO c.A.A.c.AssessmentController [http-nio-8080-exec-9] Get Assessment Called
2020-07-06 11:17:52,257 INFO c.A.A.c.CourseController [http-nio-8080-exec-1] Get course Called
2020-07-06 11:17:52,409 INFO c.A.A.c.AssessmentController [http-nio-8080-exec-4] Get Assessment Called
2020-07-06 11:17:52,436 INFO c.A.A.c.TraineeController [http-nio-8080-exec-5] Get All Trainee Called
2020-07-06 11:17:52,454 INFO c.A.A.c.TraineeController [http-nio-8080-exec-7] Get All Trainee Called
2020-07-06 11:17:52,466 INFO c.A.A.c.AcademicController [http-nio-8080-exec-8] Get Assessment Called with id AU0120
2020-07-06 11:17:52,488 INFO c.A.A.c.AcademicController [http-nio-8080-exec-10] Get Assessment Called with id AU0120
2020-07-06 11:17:56,306 INFO c.A.A.c.AcademicController [http-nio-8080-exec-6] Get Assessment Called with id AU0120
2020-07-06 11:17:56,313 INFO c.A.A.c.AcademicController [http-nio-8080-exec-2] Get Assessment Called with id AU0120
2020-07-06 11:20:07,339 INFO c.A.A.c.CourseController [http-nio-8080-exec-1] Get course Called
2020-07-06 11:20:07,339 INFO c.A.A.c.AssessmentController [http-nio-8080-exec-4] Get Assessment Called
2020-07-06 11:20:07,392 INFO c.A.A.c.AssessmentController [http-nio-8080-exec-5] Get Assessment Called
2020-07-06 11:20:07,392 INFO c.A.A.c.TraineeController [http-nio-8080-exec-7] Get All Trainee Called
2020-07-06 11:20:07,393 INFO c.A.A.c.CourseController [http-nio-8080-exec-8] Get course Called
2020-07-06 11:20:07,413 INFO c.A.A.c.AcademicController [http-nio-8080-exec-10] Get Assessment Called with id AU0120
2020-07-06 11:20:07,424 INFO c.A.A.c.TraineeController [http-nio-8080-exec-6] Get All Trainee Called
2020-07-06 11:20:07,443 INFO c.A.A.c.AcademicController [http-nio-8080-exec-2] Get Assessment Called with id AU0120
2020-07-06 11:21:00,056 INFO c.A.A.c.CourseController [http-nio-8080-exec-3] Get course Called
2020-07-06 11:21:00,064 INFO c.A.A.c.CourseController [http-nio-8080-exec-9] Get course Called
2020-07-06 11:21:00,073 INFO c.A.A.c.AssessmentController [http-nio-8080-exec-1] Get Assessment Called
2020-07-06 11:21:00,080 INFO c.A.A.c.AssessmentController [http-nio-8080-exec-4] Get Assessment Called
2020-07-06 11:21:00,085 INFO c.A.A.c.TraineeController [http-nio-8080-exec-5] Get All Trainee Called
2020-07-06 11:21:00,095 INFO c.A.A.c.TraineeController [http-nio-8080-exec-8] Get All Trainee Called
2020-07-06 11:21:00,104 INFO c.A.A.c.AcademicController [http-nio-8080-exec-7] Get Assessment Called with id AU0120
2020-07-06 11:21:00,112 INFO c.A.A.c.AcademicController [http-nio-8080-exec-10] Get Assessment Called with id AU0120
2020-07-06 11:21:17,409 INFO c.A.A.c.CourseController [http-nio-8080-exec-3] Get course Called
2020-07-06 11:21:17,417 INFO c.A.A.c.CourseController [http-nio-8080-exec-9] Get course Called
2020-07-06 11:21:17,421 INFO c.A.A.c.AssessmentController [http-nio-8080-exec-1] Get Assessment Called
2020-07-06 11:21:17,429 INFO c.A.A.c.AssessmentController [http-nio-8080-exec-4] Get Assessment Called
2020-07-06 11:21:17,434 INFO c.A.A.c.TraineeController [http-nio-8080-exec-5] Get All Trainee Called
2020-07-06 11:21:17,442 INFO c.A.A.c.TraineeController [http-nio-8080-exec-8] Get All Trainee Called
2020-07-06 11:21:17,448 INFO c.A.A.c.AcademicController [http-nio-8080-exec-8] Get Assessment Called with id AU0120
2020-07-06 11:21:17,458 INFO c.A.A.c.AcademicController [http-nio-8080-exec-10] Get Assessment Called with id AU0120
2020-07-06 11:23:47,673 INFO c.A.A.c.CourseController [http-nio-8080-exec-3] Get course Called
2020-07-06 11:23:47,682 INFO c.A.A.c.AssessmentController [http-nio-8080-exec-9] Get Assessment Called
2020-07-06 11:23:47,683 INFO c.A.A.c.CourseController [http-nio-8080-exec-1] Get course Called
2020-07-06 11:23:47,689 INFO c.A.A.c.AssessmentController [http-nio-8080-exec-4] Get Assessment Called
2020-07-06 11:23:47,707 INFO c.A.A.c.TraineeController [http-nio-8080-exec-5] Get All Trainee Called
2020-07-06 11:23:47,710 INFO c.A.A.c.AcademicController [http-nio-8080-exec-7] Get Assessment Called with id AU0120
2020-07-06 11:23:47,714 INFO c.A.A.c.TraineeController [http-nio-8080-exec-8] Get All Trainee Called
2020-07-06 11:23:47,722 INFO c.A.A.c.AcademicController [http-nio-8080-exec-10] Get Assessment Called with id AU0120
2020-07-06 11:24:06,237 INFO c.A.A.c.CourseController [http-nio-8080-exec-2] Get course Called
2020-07-06 11:24:06,245 INFO c.A.A.c.CourseController [http-nio-8080-exec-6] Get course Called
2020-07-06 11:24:06,252 INFO c.A.A.c.AssessmentController [http-nio-8080-exec-3] Get Assessment Called
2020-07-06 11:24:06,258 INFO c.A.A.c.AssessmentController [http-nio-8080-exec-9] Get Assessment Called
2020-07-06 11:24:06,264 INFO c.A.A.c.TraineeController [http-nio-8080-exec-1] Get All Trainee Called
2020-07-06 11:24:06,271 INFO c.A.A.c.TraineeController [http-nio-8080-exec-4] Get All Trainee Called
2020-07-06 11:24:06,279 INFO c.A.A.c.AcademicController [http-nio-8080-exec-5] Get Assessment Called with id AU0120
2020-07-06 11:24:06,289 INFO c.A.A.c.AcademicController [http-nio-8080-exec-7] Get Assessment Called with id AU0120
2020-07-06 11:24:16,224 INFO c.A.A.c.AcademicController [http-nio-8080-exec-8] Get Assessment Called with id AU0120
2020-07-06 11:24:16,232 INFO c.A.A.c.AcademicController [http-nio-8080-exec-10] Get Assessment Called with id AU0120
2020-07-06 11:24:47,755 INFO c.A.A.c.CourseController [http-nio-8080-exec-2] Get course Called
2020-07-06 11:24:47,762 INFO c.A.A.c.AssessmentController [http-nio-8080-exec-6] Get Assessment Called
2020-07-06 11:24:47,770 INFO c.A.A.c.CourseController [http-nio-8080-exec-3] Get course Called
2020-07-06 11:24:47,778 INFO c.A.A.c.TraineeController [http-nio-8080-exec-9] Get All Trainee Called
2020-07-06 11:24:47,789 INFO c.A.A.c.AssessmentController [http-nio-8080-exec-1] Get Assessment Called
2020-07-06 11:24:47,797 INFO c.A.A.c.TraineeController [http-nio-8080-exec-4] Get All Trainee Called
2020-07-06 11:24:47,803 INFO c.A.A.c.AcademicController [http-nio-8080-exec-5] Get Assessment Called with id AU0120
2020-07-06 11:24:47,812 INFO c.A.A.c.AcademicController [http-nio-8080-exec-7] Get Assessment Called with id AU0120
2020-07-06 11:45:19,371 INFO c.A.A.c.CourseController [http-nio-8080-exec-6] Get course Called
2020-07-06 11:45:19,385 INFO c.A.A.c.AssessmentController [http-nio-8080-exec-3] Get Assessment Called
2020-07-06 11:45:19,390 INFO c.A.A.c.CourseController [http-nio-8080-exec-9] Get course Called
2020-07-06 11:45:19,405 INFO c.A.A.c.AssessmentController [http-nio-8080-exec-1] Get Assessment Called
2020-07-06 11:45:19,419 INFO c.A.A.c.TraineeController [http-nio-8080-exec-4] Get All Trainee Called
2020-07-06 11:45:19,435 INFO c.A.A.c.TraineeController [http-nio-8080-exec-5] Get All Trainee Called
2020-07-06 11:45:19,447 INFO c.A.A.c.AcademicController [http-nio-8080-exec-7] Get Assessment Called with id AU0120
2020-07-06 11:45:19,486 INFO c.A.A.c.AcademicController [http-nio-8080-exec-10] Get Assessment Called with id AU0120
2020-07-06 11:45:47,056 INFO c.A.A.c.CourseController [http-nio-8080-exec-2] Get course Called
2020-07-06 11:45:47,068 INFO c.A.A.c.CourseController [http-nio-8080-exec-8] Get course Called
2020-07-06 11:45:47,080 INFO c.A.A.c.AssessmentController [http-nio-8080-exec-6] Get Assessment Called
2020-07-06 11:45:47,092 INFO c.A.A.c.AssessmentController [http-nio-8080-exec-3] Get Assessment Called
2020-07-06 11:45:47,099 INFO c.A.A.c.TraineeController [http-nio-8080-exec-9] Get All Trainee Called
2020-07-06 11:45:47,108 INFO c.A.A.c.TraineeController [http-nio-8080-exec-1] Get All Trainee Called
2020-07-06 11:45:47,120 INFO c.A.A.c.AcademicController [http-nio-8080-exec-4] Get Assessment Called with id AU0120
2020-07-06 11:45:47,130 INFO c.A.A.c.AcademicController [http-nio-8080-exec-5] Get Assessment Called with id AU0120
2020-07-06 11:46:48,090 INFO c.A.A.c.CourseController [http-nio-8080-exec-2] Get course Called
2020-07-06 11:46:48,102 INFO c.A.A.c.CourseController [http-nio-8080-exec-8] Get course Called
2020-07-06 11:46:48,108 INFO c.A.A.c.AssessmentController [http-nio-8080-exec-6] Get Assessment Called
2020-07-06 11:46:48,119 INFO c.A.A.c.AssessmentController [http-nio-8080-exec-3] Get Assessment Called
2020-07-06 11:46:48,123 INFO c.A.A.c.TraineeController [http-nio-8080-exec-9] Get All Trainee Called
2020-07-06 11:46:48,132 INFO c.A.A.c.TraineeController [http-nio-8080-exec-1] Get All Trainee Called
2020-07-06 11:46:48,139 INFO c.A.A.c.AcademicController [http-nio-8080-exec-4] Get Assessment Called with id AU0120
2020-07-06 11:46:48,149 INFO c.A.A.c.AcademicController [http-nio-8080-exec-5] Get Assessment Called with id AU0120
2020-07-06 11:47:20,745 INFO c.A.A.c.CourseController [http-nio-8080-exec-7] Get course Called
2020-07-06 11:47:20,754 INFO c.A.A.c.CourseController [http-nio-8080-exec-10] Get course Called
2020-07-06 11:47:20,761 INFO c.A.A.c.AssessmentController [http-nio-8080-exec-2] Get Assessment Called
2020-07-06 11:47:20,768 INFO c.A.A.c.AssessmentController [http-nio-8080-exec-8] Get Assessment Called
2020-07-06 11:47:20,774 INFO c.A.A.c.TraineeController [http-nio-8080-exec-6] Get All Trainee Called
2020-07-06 11:47:20,781 INFO c.A.A.c.TraineeController [http-nio-8080-exec-3] Get All Trainee Called
2020-07-06 11:47:20,787 INFO c.A.A.c.AcademicController [http-nio-8080-exec-9] Get Assessment Called with id AU0120
2020-07-06 11:47:20,795 INFO c.A.A.c.AcademicController [http-nio-8080-exec-1] Get Assessment Called with id AU0120
2020-07-06 11:47:39,802 INFO c.A.A.c.CourseController [http-nio-8080-exec-4] Get course Called
2020-07-06 11:47:39,826 INFO c.A.A.c.AssessmentController [http-nio-8080-exec-5] Get Assessment Called
2020-07-06 11:47:39,830 INFO c.A.A.c.CourseController [http-nio-8080-exec-7] Get course Called
2020-07-06 11:47:39,853 INFO c.A.A.c.TraineeController [http-nio-8080-exec-10] Get All Trainee Called
2020-07-06 11:47:39,865 INFO c.A.A.c.AssessmentController [http-nio-8080-exec-2] Get Assessment Called
2020-07-06 11:47:39,872 INFO c.A.A.c.AcademicController [http-nio-8080-exec-2] Get Assessment Called with id AU0120
2020-07-06 11:47:39,892 INFO c.A.A.c.TraineeController [http-nio-8080-exec-6] Get All Trainee Called
2020-07-06 11:47:39,896 INFO c.A.A.c.AcademicController [http-nio-8080-exec-3] Get Assessment Called with id AU0120
2020-07-06 11:48:28,625 INFO c.A.A.c.CourseController [http-nio-8080-exec-9] Get course Called
2020-07-06 11:48:28,633 INFO c.A.A.c.CourseController [http-nio-8080-exec-1] Get course Called
2020-07-06 11:48:28,640 INFO c.A.A.c.AssessmentController [http-nio-8080-exec-4] Get Assessment Called
2020-07-06 11:48:28,647 INFO c.A.A.c.AssessmentController [http-nio-8080-exec-5] Get Assessment Called
2020-07-06 11:48:28,652 INFO c.A.A.c.TraineeController [http-nio-8080-exec-7] Get All Trainee Called
2020-07-06 11:48:28,662 INFO c.A.A.c.TraineeController [http-nio-8080-exec-10] Get All Trainee Called
2020-07-06 11:48:28,669 INFO c.A.A.c.AcademicController [http-nio-8080-exec-8] Get Assessment Called with id AU0120
2020-07-06 11:48:28,677 INFO c.A.A.c.AcademicController [http-nio-8080-exec-2] Get Assessment Called with id AU0120
2020-07-06 11:48:51,337 INFO c.A.A.c.CourseController [http-nio-8080-exec-3] Get course Called
2020-07-06 11:48:51,347 INFO c.A.A.c.CourseController [http-nio-8080-exec-9] Get course Called
2020-07-06 11:48:51,353 INFO c.A.A.c.AssessmentController [http-nio-8080-exec-9] Get Assessment Called
2020-07-06 11:48:51,369 INFO c.A.A.c.AssessmentController [http-nio-8080-exec-4] Get Assessment Called
2020-07-06 11:48:51,380 INFO c.A.A.c.TraineeController [http-nio-8080-exec-5] Get All Trainee Called
2020-07-06 11:48:51,395 INFO c.A.A.c.TraineeController [http-nio-8080-exec-7] Get All Trainee Called
2020-07-06 11:48:51,402 INFO c.A.A.c.AcademicController [http-nio-8080-exec-10] Get Assessment Called with id AU0120
2020-07-06 11:48:51,414 INFO c.A.A.c.AcademicController [http-nio-8080-exec-8] Get Assessment Called with id AU0120
2020-07-06 11:49:12,170 INFO c.A.A.c.CourseController [http-nio-8080-exec-2] Get course Called
2020-07-06 11:49:12,178 INFO c.A.A.c.CourseController [http-nio-8080-exec-6] Get course Called
2020-07-06 11:49:12,184 INFO c.A.A.c.AssessmentController [http-nio-8080-exec-3] Get Assessment Called
2020-07-06 11:49:12,190 INFO c.A.A.c.AssessmentController [http-nio-8080-exec-1] Get Assessment Called
2020-07-06 11:49:12,198 INFO c.A.A.c.TraineeController [http-nio-8080-exec-9] Get All Trainee Called
2020-07-06 11:49:12,207 INFO c.A.A.c.TraineeController [http-nio-8080-exec-4] Get All Trainee Called
2020-07-06 11:49:12,214 INFO c.A.A.c.AcademicController [http-nio-8080-exec-5] Get Assessment Called with id AU0120
2020-07-06 11:49:12,222 INFO c.A.A.c.AcademicController [http-nio-8080-exec-7] Get Assessment Called with id AU0120
2020-07-06 11:50:29,297 INFO c.A.A.c.CourseController [http-nio-8080-exec-2] Get course Called
2020-07-06 11:50:29,305 INFO c.A.A.c.CourseController [http-nio-8080-exec-6] Get course Called
2020-07-06 11:50:29,314 INFO c.A.A.c.AssessmentController [http-nio-8080-exec-3] Get Assessment Called
2020-07-06 11:50:29,321 INFO c.A.A.c.TraineeController [http-nio-8080-exec-1] Get All Trainee Called
2020-07-06 11:50:29,324 INFO c.A.A.c.AssessmentController [http-nio-8080-exec-9] Get Assessment Called
2020-07-06 11:50:29,334 INFO c.A.A.c.TraineeController [http-nio-8080-exec-4] Get All Trainee Called
2020-07-06 11:50:29,341 INFO c.A.A.c.AcademicController [http-nio-8080-exec-5] Get Assessment Called with id AU0120
2020-07-06 11:50:29,349 INFO c.A.A.c.AcademicController [http-nio-8080-exec-7] Get Assessment Called with id AU0120
2020-07-06 11:51:12,304 INFO c.A.A.c.CourseController [http-nio-8080-exec-8] Get course Called
2020-07-06 11:51:12,319 INFO c.A.A.c.CourseController [http-nio-8080-exec-10] Get course Called
2020-07-06 11:51:12,326 INFO c.A.A.c.AssessmentController [http-nio-8080-exec-2] Get Assessment Called
2020-07-06 11:51:12,340 INFO c.A.A.c.AssessmentController [http-nio-8080-exec-6] Get Assessment Called
2020-07-06 11:51:12,346 INFO c.A.A.c.TraineeController [http-nio-8080-exec-3] Get All Trainee Called
2020-07-06 11:51:12,357 INFO c.A.A.c.TraineeController [http-nio-8080-exec-1] Get All Trainee Called
2020-07-06 11:51:12,369 INFO c.A.A.c.AcademicController [http-nio-8080-exec-9] Get Assessment Called with id AU0120
2020-07-06 11:51:12,380 INFO c.A.A.c.AcademicController [http-nio-8080-exec-4] Get Assessment Called with id AU0120
2020-07-06 11:51:26,904 INFO c.A.A.c.CourseController [http-nio-8080-exec-5] Get course Called
2020-07-06 11:51:26,911 INFO c.A.A.c.CourseController [http-nio-8080-exec-7] Get course Called
2020-07-06 11:51:26,917 INFO c.A.A.c.AssessmentController [http-nio-8080-exec-8] Get Assessment Called
2020-07-06 11:51:26,925 INFO c.A.A.c.AssessmentController [http-nio-8080-exec-10] Get Assessment Called
2020-07-06 11:51:26,933 INFO c.A.A.c.TraineeController [http-nio-8080-exec-2] Get All Trainee Called
2020-07-06 11:51:26,942 INFO c.A.A.c.TraineeController [http-nio-8080-exec-6] Get All Trainee Called
2020-07-06 11:51:26,949 INFO c.A.A.c.AcademicController [http-nio-8080-exec-3] Get Assessment Called with id AU0120
2020-07-06 11:51:26,956 INFO c.A.A.c.AcademicController [http-nio-8080-exec-1] Get Assessment Called with id AU0120
2020-07-06 11:51:55,094 INFO c.A.A.c.CourseController [http-nio-8080-exec-9] Get course Called
2020-07-06 11:51:55,118 INFO c.A.A.c.AssessmentController [http-nio-8080-exec-4] Get Assessment Called
2020-07-06 11:51:55,124 INFO c.A.A.c.CourseController [http-nio-8080-exec-5] Get course Called
2020-07-06 11:51:55,136 INFO c.A.A.c.TraineeController [http-nio-8080-exec-7] Get All Trainee Called
2020-07-06 11:51:55,153 INFO c.A.A.c.AssessmentController [http-nio-8080-exec-8] Get Assessment Called
2020-07-06 11:51:55,165 INFO c.A.A.c.AcademicController [http-nio-8080-exec-10] Get Assessment Called with id AU0120
2020-07-06 11:51:55,180 INFO c.A.A.c.TraineeController [http-nio-8080-exec-2] Get All Trainee Called
2020-07-06 11:51:55,216 INFO c.A.A.c.AcademicController [http-nio-8080-exec-6] Get Assessment Called with id AU0120
2020-07-06 11:52:39,946 INFO c.A.A.c.CourseController [http-nio-8080-exec-3] Get course Called
2020-07-06 11:52:39,959 INFO c.A.A.c.CourseController [http-nio-8080-exec-1] Get course Called
2020-07-06 11:52:39,971 INFO c.A.A.c.AssessmentController [http-nio-8080-exec-9] Get Assessment Called
2020-07-06 11:52:39,985 INFO c.A.A.c.AssessmentController [http-nio-8080-exec-4] Get Assessment Called
2020-07-06 11:52:39,991 INFO c.A.A.c.TraineeController [http-nio-8080-exec-5] Get All Trainee Called
2020-07-06 11:52:40,007 INFO c.A.A.c.TraineeController [http-nio-8080-exec-7] Get All Trainee Called
2020-07-06 11:52:40,022 INFO c.A.A.c.AcademicController [http-nio-8080-exec-8] Get Assessment Called with id AU0120
2020-07-06 11:52:40,053 INFO c.A.A.c.AcademicController [http-nio-8080-exec-10] Get Assessment Called with id AU0120
2020-07-06 11:53:15,796 INFO c.A.A.c.CourseController [http-nio-8080-exec-6] Get course Called
2020-07-06 11:53:15,811 INFO c.A.A.c.CourseController [http-nio-8080-exec-3] Get course Called
2020-07-06 11:53:15,817 INFO c.A.A.c.AssessmentController [http-nio-8080-exec-1] Get Assessment Called
2020-07-06 11:53:15,825 INFO c.A.A.c.AssessmentController [http-nio-8080-exec-9] Get Assessment Called
2020-07-06 11:53:15,830 INFO c.A.A.c.TraineeController [http-nio-8080-exec-9] Get All Trainee Called
2020-07-06 11:53:15,840 INFO c.A.A.c.TraineeController [http-nio-8080-exec-5] Get All Trainee Called
2020-07-06 11:53:15,844 INFO c.A.A.c.AcademicController [http-nio-8080-exec-7] Get Assessment Called with id AU0120
2020-07-06 11:53:15,856 INFO c.A.A.c.AcademicController [http-nio-8080-exec-8] Get Assessment Called with id AU0120
2020-07-06 11:53:35,403 INFO c.A.A.c.CourseController [http-nio-8080-exec-10] Get course Called
2020-07-06 11:53:35,412 INFO c.A.A.c.CourseController [http-nio-8080-exec-2] Get course Called
2020-07-06 11:53:35,418 INFO c.A.A.c.AssessmentController [http-nio-8080-exec-6] Get Assessment Called
2020-07-06 11:53:35,429 INFO c.A.A.c.AssessmentController [http-nio-8080-exec-3] Get Assessment Called
2020-07-06 11:53:35,435 INFO c.A.A.c.TraineeController [http-nio-8080-exec-1] Get All Trainee Called
2020-07-06 11:53:35,442 INFO c.A.A.c.TraineeController [http-nio-8080-exec-4] Get All Trainee Called
2020-07-06 11:53:35,458 INFO c.A.A.c.AcademicController [http-nio-8080-exec-9] Get Assessment Called with id AU0120
2020-07-06 11:53:35,477 INFO c.A.A.c.AcademicController [http-nio-8080-exec-5] Get Assessment Called with id AU0120
2020-07-06 11:53:55,909 INFO c.A.A.c.CourseController [http-nio-8080-exec-7] Get course Called
2020-07-06 11:53:55,919 INFO c.A.A.c.CourseController [http-nio-8080-exec-8] Get course Called
2020-07-06 11:53:55,925 INFO c.A.A.c.AssessmentController [http-nio-8080-exec-10] Get Assessment Called
2020-07-06 11:53:55,933 INFO c.A.A.c.AssessmentController [http-nio-8080-exec-2] Get Assessment Called
2020-07-06 11:53:55,938 INFO c.A.A.c.TraineeController [http-nio-8080-exec-6] Get All Trainee Called
2020-07-06 11:53:55,946 INFO c.A.A.c.TraineeController [http-nio-8080-exec-3] Get All Trainee Called
2020-07-06 11:53:55,953 INFO c.A.A.c.AcademicController [http-nio-8080-exec-1] Get Assessment Called with id AU0120
2020-07-06 11:53:55,966 INFO c.A.A.c.AcademicController [http-nio-8080-exec-4] Get Assessment Called with id AU0120
2020-07-06 11:55:02,856 INFO c.A.A.c.CourseController [http-nio-8080-exec-7] Get course Called
2020-07-06 11:55:02,881 INFO c.A.A.c.AssessmentController [http-nio-8080-exec-8] Get Assessment Called
2020-07-06 11:55:02,881 INFO c.A.A.c.CourseController [http-nio-8080-exec-10] Get course Called
2020-07-06 11:55:02,883 INFO c.A.A.c.TraineeController [http-nio-8080-exec-2] Get All Trainee Called
2020-07-06 11:55:02,885 INFO c.A.A.c.AcademicController [http-nio-8080-exec-6] Get Assessment Called with id AU0120
2020-07-06 11:55:02,891 INFO c.A.A.c.AssessmentController [http-nio-8080-exec-3] Get Assessment Called
2020-07-06 11:55:02,897 INFO c.A.A.c.TraineeController [http-nio-8080-exec-1] Get All Trainee Called
2020-07-06 11:55:02,897 INFO c.A.A.c.AcademicController [http-nio-8080-exec-4] Get Assessment Called with id AU0120
2020-07-06 11:55:04,827 INFO c.A.A.c.CourseController [http-nio-8080-exec-9] Get course Called
2020-07-06 11:55:04,830 INFO c.A.A.c.AssessmentController [http-nio-8080-exec-5] Get Assessment Called
2020-07-06 11:55:04,838 INFO c.A.A.c.TraineeController [http-nio-8080-exec-7] Get All Trainee Called
2020-07-06 11:55:04,844 INFO c.A.A.c.CourseController [http-nio-8080-exec-8] Get course Called
2020-07-06 11:55:04,844 INFO c.A.A.c.AssessmentController [http-nio-8080-exec-2] Get Assessment Called
2020-07-06 11:55:04,847 INFO c.A.A.c.AcademicController [http-nio-8080-exec-6] Get Assessment Called with id AU0120
2020-07-06 11:55:04,851 INFO c.A.A.c.TraineeController [http-nio-8080-exec-10] Get All Trainee Called
2020-07-06 11:55:04,859 INFO c.A.A.c.AcademicController [http-nio-8080-exec-3] Get Assessment Called with id AU0120
2020-07-06 11:55:10,145 INFO c.A.A.c.CourseController [http-nio-8080-exec-1] Get course Called
2020-07-06 11:55:10,151 INFO c.A.A.c.AssessmentController [http-nio-8080-exec-4] Get Assessment Called
2020-07-06 11:55:10,164 INFO c.A.A.c.CourseController [http-nio-8080-exec-9] Get course Called
2020-07-06 11:55:10,168 INFO c.A.A.c.AssessmentController [http-nio-8080-exec-5] Get Assessment Called
2020-07-06 11:55:11,052 INFO c.A.A.c.CourseController [http-nio-8080-exec-7] Get course Called
2020-07-06 11:55:11,064 INFO c.A.A.c.AssessmentController [http-nio-8080-exec-2] Get Assessment Called
2020-07-06 11:55:11,070 INFO c.A.A.c.CourseController [http-nio-8080-exec-8] Get course Called
2020-07-06 11:55:11,083 INFO c.A.A.c.AssessmentController [http-nio-8080-exec-6] Get Assessment Called
2020-07-06 11:55:15,585 INFO c.A.A.c.TraineeController [http-nio-8080-exec-10] Get Assessment Called with id AS01
2020-07-06 11:55:15,661 INFO c.A.A.c.TraineeController [http-nio-8080-exec-3] Get Assessment Called with id AS01
2020-07-06 11:59:06,547 INFO c.A.A.c.CourseController [http-nio-8080-exec-7] Get course Called
2020-07-06 11:59:06,556 INFO c.A.A.c.CourseController [http-nio-8080-exec-2] Get course Called
2020-07-06 11:59:06,559 INFO c.A.A.c.AssessmentController [http-nio-8080-exec-8] Get Assessment Called
2020-07-06 11:59:06,570 INFO c.A.A.c.AssessmentController [http-nio-8080-exec-10] Get Assessment Called
2020-07-06 11:59:06,571 INFO c.A.A.c.TraineeController [http-nio-8080-exec-6] Get All Trainee Called
2020-07-06 11:59:06,582 INFO c.A.A.c.TraineeController [http-nio-8080-exec-3] Get All Trainee Called
2020-07-06 11:59:06,590 INFO c.A.A.c.AcademicController [http-nio-8080-exec-1] Get Assessment Called with id AU0120
2020-07-06 11:59:06,600 INFO c.A.A.c.AcademicController [http-nio-8080-exec-4] Get Assessment Called with id AU0120
2020-07-06 11:59:07,729 INFO c.A.A.c.TraineeController [http-nio-8080-exec-9] Get Assessment Called with id AS01
2020-07-06 11:59:07,737 INFO c.A.A.c.TraineeController [http-nio-8080-exec-5] Get Assessment Called with id AS01
2020-07-06 12:00:11,331 INFO c.A.A.c.CourseController [http-nio-8080-exec-8] Get course Called
2020-07-06 12:00:11,342 INFO c.A.A.c.CourseController [http-nio-8080-exec-10] Get course Called
2020-07-06 12:00:11,348 INFO c.A.A.c.AssessmentController [http-nio-8080-exec-6] Get Assessment Called
2020-07-06 12:00:11,371 INFO c.A.A.c.TraineeController [http-nio-8080-exec-3] Get All Trainee Called
2020-07-06 12:00:11,373 INFO c.A.A.c.AssessmentController [http-nio-8080-exec-1] Get Assessment Called
2020-07-06 12:00:11,388 INFO c.A.A.c.TraineeController [http-nio-8080-exec-4] Get All Trainee Called
2020-07-06 12:00:11,400 INFO c.A.A.c.AcademicController [http-nio-8080-exec-9] Get Assessment Called with id AU0120
2020-07-06 12:00:11,408 INFO c.A.A.c.AcademicController [http-nio-8080-exec-5] Get Assessment Called with id AU0120
2020-07-06 12:00:12,778 INFO c.A.A.c.TraineeController [http-nio-8080-exec-7] Get Assessment Called with id AS01
2020-07-06 12:00:12,783 INFO c.A.A.c.TraineeController [http-nio-8080-exec-2] Get Assessment Called with id AS01
2020-07-06 12:00:58,200 INFO c.A.A.c.CourseController [http-nio-8080-exec-8] Get course Called
2020-07-06 12:00:58,208 INFO c.A.A.c.AssessmentController [http-nio-8080-exec-10] Get Assessment Called
2020-07-06 12:00:58,214 INFO c.A.A.c.CourseController [http-nio-8080-exec-10] Get course Called
2020-07-06 12:00:58,219 INFO c.A.A.c.AssessmentController [http-nio-8080-exec-3] Get Assessment Called
2020-07-06 12:00:58,224 INFO c.A.A.c.TraineeController [http-nio-8080-exec-1] Get All Trainee Called
2020-07-06 12:00:58,236 INFO c.A.A.c.TraineeController [http-nio-8080-exec-4] Get All Trainee Called
2020-07-06 12:00:58,239 INFO c.A.A.c.AcademicController [http-nio-8080-exec-9] Get Assessment Called with id AU0120
2020-07-06 12:00:58,252 INFO c.A.A.c.AcademicController [http-nio-8080-exec-5] Get Assessment Called with id AU0120
2020-07-06 12:00:59,206 INFO c.A.A.c.TraineeController [http-nio-8080-exec-7] Get Assessment Called with id AS01
2020-07-06 12:00:59,213 INFO c.A.A.c.TraineeController [http-nio-8080-exec-2] Get Assessment Called with id AS01
2020-07-06 12:01:19,118 INFO c.A.A.c.CourseController [http-nio-8080-exec-8] Get course Called
2020-07-06 12:01:19,130 INFO c.A.A.c.CourseController [http-nio-8080-exec-6] Get course Called
2020-07-06 12:01:19,140 INFO c.A.A.c.AssessmentController [http-nio-8080-exec-10] Get Assessment Called
2020-07-06 12:01:19,156 INFO c.A.A.c.AssessmentController [http-nio-8080-exec-1] Get Assessment Called
2020-07-06 12:01:19,156 INFO c.A.A.c.TraineeController [http-nio-8080-exec-3] Get All Trainee Called
2020-07-06 12:01:19,185 INFO c.A.A.c.AcademicController [http-nio-8080-exec-4] Get Assessment Called with id AU0120
2020-07-06 12:01:19,199 INFO c.A.A.c.TraineeController [http-nio-8080-exec-9] Get All Trainee Called
2020-07-06 12:01:19,228 INFO c.A.A.c.AcademicController [http-nio-8080-exec-5] Get Assessment Called with id AU0120
2020-07-06 12:01:20,732 INFO c.A.A.c.TraineeController [http-nio-8080-exec-7] Get Assessment Called with id AS01
2020-07-06 12:01:20,744 INFO c.A.A.c.TraineeController [http-nio-8080-exec-2] Get Assessment Called with id AS01
2020-07-06 12:01:37,100 INFO c.A.A.c.CourseController [http-nio-8080-exec-8] Get course Called
2020-07-06 12:01:37,109 INFO c.A.A.c.CourseController [http-nio-8080-exec-6] Get course Called
2020-07-06 12:01:37,117 INFO c.A.A.c.AssessmentController [http-nio-8080-exec-10] Get Assessment Called
2020-07-06 12:01:37,124 INFO c.A.A.c.AssessmentController [http-nio-8080-exec-3] Get Assessment Called
2020-07-06 12:01:37,130 INFO c.A.A.c.TraineeController [http-nio-8080-exec-1] Get All Trainee Called
2020-07-06 12:01:37,138 INFO c.A.A.c.TraineeController [http-nio-8080-exec-4] Get All Trainee Called
2020-07-06 12:01:37,143 INFO c.A.A.c.AcademicController [http-nio-8080-exec-9] Get Assessment Called with id AU0120
2020-07-06 12:01:37,151 INFO c.A.A.c.AcademicController [http-nio-8080-exec-5] Get Assessment Called with id AU0120
2020-07-06 12:01:38,331 INFO c.A.A.c.TraineeController [http-nio-8080-exec-7] Get Assessment Called with id AS01
2020-07-06 12:01:38,345 INFO c.A.A.c.TraineeController [http-nio-8080-exec-2] Get Assessment Called with id AS01
2020-07-06 12:01:52,469 INFO c.A.A.c.CourseController [http-nio-8080-exec-8] Get course Called
2020-07-06 12:01:52,478 INFO c.A.A.c.CourseController [http-nio-8080-exec-6] Get course Called
2020-07-06 12:01:52,484 INFO c.A.A.c.AssessmentController [http-nio-8080-exec-10] Get Assessment Called
2020-07-06 12:01:52,490 INFO c.A.A.c.AssessmentController [http-nio-8080-exec-3] Get Assessment Called
2020-07-06 12:01:52,497 INFO c.A.A.c.TraineeController [http-nio-8080-exec-1] Get All Trainee Called
2020-07-06 12:01:52,507 INFO c.A.A.c.TraineeController [http-nio-8080-exec-4] Get All Trainee Called
2020-07-06 12:01:52,514 INFO c.A.A.c.AcademicController [http-nio-8080-exec-9] Get Assessment Called with id AU0120
2020-07-06 12:01:52,521 INFO c.A.A.c.AcademicController [http-nio-8080-exec-5] Get Assessment Called with id AU0120
2020-07-06 12:01:53,270 INFO c.A.A.c.TraineeController [http-nio-8080-exec-7] Get Assessment Called with id AS01
2020-07-06 12:01:53,275 INFO c.A.A.c.TraineeController [http-nio-8080-exec-2] Get Assessment Called with id AS01
2020-07-06 12:02:09,573 INFO c.A.A.c.CourseController [http-nio-8080-exec-8] Get course Called
2020-07-06 12:02:09,583 INFO c.A.A.c.CourseController [http-nio-8080-exec-6] Get course Called
2020-07-06 12:02:09,590 INFO c.A.A.c.AssessmentController [http-nio-8080-exec-10] Get Assessment Called
2020-07-06 12:02:09,599 INFO c.A.A.c.AssessmentController [http-nio-8080-exec-3] Get Assessment Called
2020-07-06 12:02:09,608 INFO c.A.A.c.TraineeController [http-nio-8080-exec-1] Get All Trainee Called
2020-07-06 12:02:09,616 INFO c.A.A.c.TraineeController [http-nio-8080-exec-4] Get All Trainee Called
2020-07-06 12:02:09,623 INFO c.A.A.c.AcademicController [http-nio-8080-exec-9] Get Assessment Called with id AU0120
2020-07-06 12:02:09,635 INFO c.A.A.c.AcademicController [http-nio-8080-exec-5] Get Assessment Called with id AU0120
2020-07-06 12:02:10,404 INFO c.A.A.c.TraineeController [http-nio-8080-exec-7] Get Assessment Called with id AS01
2020-07-06 12:02:10,411 INFO c.A.A.c.TraineeController [http-nio-8080-exec-2] Get Assessment Called with id AS01
2020-07-06 12:02:24,920 INFO c.A.A.c.CourseController [http-nio-8080-exec-6] Get course Called
2020-07-06 12:02:24,937 INFO c.A.A.c.CourseController [http-nio-8080-exec-10] Get course Called
2020-07-06 12:02:24,943 INFO c.A.A.c.AssessmentController [http-nio-8080-exec-3] Get Assessment Called
2020-07-06 12:02:24,950 INFO c.A.A.c.AssessmentController [http-nio-8080-exec-1] Get Assessment Called
2020-07-06 12:02:24,958 INFO c.A.A.c.TraineeController [http-nio-8080-exec-4] Get All Trainee Called
2020-07-06 12:02:24,965 INFO c.A.A.c.TraineeController [http-nio-8080-exec-9] Get All Trainee Called
2020-07-06 12:02:24,973 INFO c.A.A.c.AcademicController [http-nio-8080-exec-5] Get Assessment Called with id AU0120
2020-07-06 12:02:24,983 INFO c.A.A.c.AcademicController [http-nio-8080-exec-7] Get Assessment Called with id AU0120
2020-07-06 12:02:25,701 INFO c.A.A.c.TraineeController [http-nio-8080-exec-2] Get Assessment Called with id AS01
2020-07-06 12:02:25,708 INFO c.A.A.c.TraineeController [http-nio-8080-exec-8] Get Assessment Called with id AS01
2020-07-06 12:02:53,075 INFO c.A.A.c.CourseController [http-nio-8080-exec-6] Get course Called
2020-07-06 12:02:53,083 INFO c.A.A.c.CourseController [http-nio-8080-exec-10] Get course Called
2020-07-06 12:02:53,091 INFO c.A.A.c.AssessmentController [http-nio-8080-exec-3] Get Assessment Called
2020-07-06 12:02:53,100 INFO c.A.A.c.AssessmentController [http-nio-8080-exec-1] Get Assessment Called
2020-07-06 12:02:53,106 INFO c.A.A.c.TraineeController [http-nio-8080-exec-4] Get All Trainee Called
2020-07-06 12:02:53,113 INFO c.A.A.c.TraineeController [http-nio-8080-exec-9] Get All Trainee Called
2020-07-06 12:02:53,120 INFO c.A.A.c.AcademicController [http-nio-8080-exec-5] Get Assessment Called with id AU0120
2020-07-06 12:02:53,127 INFO c.A.A.c.AcademicController [http-nio-8080-exec-7] Get Assessment Called with id AU0120
2020-07-06 12:02:54,377 INFO c.A.A.c.TraineeController [http-nio-8080-exec-2] Get Assessment Called with id AS01
2020-07-06 12:02:54,385 INFO c.A.A.c.TraineeController [http-nio-8080-exec-8] Get Assessment Called with id AS01
2020-07-06 12:03:09,793 INFO c.A.A.c.CourseController [http-nio-8080-exec-6] Get course Called
2020-07-06 12:03:09,800 INFO c.A.A.c.CourseController [http-nio-8080-exec-10] Get course Called
2020-07-06 12:03:09,814 INFO c.A.A.c.AssessmentController [http-nio-8080-exec-3] Get Assessment Called
2020-07-06 12:03:09,823 INFO c.A.A.c.AssessmentController [http-nio-8080-exec-1] Get Assessment Called
2020-07-06 12:03:09,834 INFO c.A.A.c.TraineeController [http-nio-8080-exec-4] Get All Trainee Called
2020-07-06 12:03:09,843 INFO c.A.A.c.TraineeController [http-nio-8080-exec-9] Get All Trainee Called
2020-07-06 12:03:09,855 INFO c.A.A.c.AcademicController [http-nio-8080-exec-5] Get Assessment Called with id AU0120
2020-07-06 12:03:09,872 INFO c.A.A.c.AcademicController [http-nio-8080-exec-7] Get Assessment Called with id AU0120
2020-07-06 12:03:11,443 INFO c.A.A.c.TraineeController [http-nio-8080-exec-2] Get Assessment Called with id AS01
2020-07-06 12:03:11,450 INFO c.A.A.c.TraineeController [http-nio-8080-exec-8] Get Assessment Called with id AS01
2020-07-06 12:03:29,798 INFO c.A.A.c.CourseController [http-nio-8080-exec-6] Get course Called
2020-07-06 12:03:29,805 INFO c.A.A.c.CourseController [http-nio-8080-exec-10] Get course Called
2020-07-06 12:03:29,811 INFO c.A.A.c.AssessmentController [http-nio-8080-exec-3] Get Assessment Called
2020-07-06 12:03:29,818 INFO c.A.A.c.AssessmentController [http-nio-8080-exec-1] Get Assessment Called
2020-07-06 12:03:29,825 INFO c.A.A.c.TraineeController [http-nio-8080-exec-4] Get All Trainee Called
2020-07-06 12:03:29,841 INFO c.A.A.c.TraineeController [http-nio-8080-exec-9] Get All Trainee Called
2020-07-06 12:03:29,847 INFO c.A.A.c.AcademicController [http-nio-8080-exec-5] Get Assessment Called with id AU0120
2020-07-06 12:03:29,859 INFO c.A.A.c.AcademicController [http-nio-8080-exec-7] Get Assessment Called with id AU0120
2020-07-06 12:03:31,119 INFO c.A.A.c.TraineeController [http-nio-8080-exec-2] Get Assessment Called with id AS01
2020-07-06 12:03:31,128 INFO c.A.A.c.TraineeController [http-nio-8080-exec-8] Get Assessment Called with id AS01
2020-07-06 12:03:52,406 INFO c.A.A.c.CourseController [http-nio-8080-exec-6] Get course Called
2020-07-06 12:03:52,413 INFO c.A.A.c.CourseController [http-nio-8080-exec-10] Get course Called
2020-07-06 12:03:52,419 INFO c.A.A.c.AssessmentController [http-nio-8080-exec-3] Get Assessment Called
2020-07-06 12:03:52,425 INFO c.A.A.c.AssessmentController [http-nio-8080-exec-1] Get Assessment Called
2020-07-06 12:03:52,432 INFO c.A.A.c.TraineeController [http-nio-8080-exec-4] Get All Trainee Called
2020-07-06 12:03:52,441 INFO c.A.A.c.TraineeController [http-nio-8080-exec-9] Get All Trainee Called
2020-07-06 12:03:52,451 INFO c.A.A.c.AcademicController [http-nio-8080-exec-5] Get Assessment Called with id AU0120
2020-07-06 12:03:52,459 INFO c.A.A.c.AcademicController [http-nio-8080-exec-7] Get Assessment Called with id AU0120
2020-07-06 12:03:53,725 INFO c.A.A.c.TraineeController [http-nio-8080-exec-2] Get Assessment Called with id AS01
2020-07-06 12:03:53,741 INFO c.A.A.c.TraineeController [http-nio-8080-exec-8] Get Assessment Called with id AS01
2020-07-06 12:04:10,668 INFO c.A.A.c.CourseController [http-nio-8080-exec-6] Get course Called
2020-07-06 12:04:10,677 INFO c.A.A.c.CourseController [http-nio-8080-exec-10] Get course Called
2020-07-06 12:04:10,686 INFO c.A.A.c.AssessmentController [http-nio-8080-exec-3] Get Assessment Called
2020-07-06 12:04:10,694 INFO c.A.A.c.AssessmentController [http-nio-8080-exec-1] Get Assessment Called
2020-07-06 12:04:10,703 INFO c.A.A.c.TraineeController [http-nio-8080-exec-4] Get All Trainee Called
2020-07-06 12:04:10,710 INFO c.A.A.c.TraineeController [http-nio-8080-exec-9] Get All Trainee Called
2020-07-06 12:04:10,715 INFO c.A.A.c.AcademicController [http-nio-8080-exec-5] Get Assessment Called with id AU0120
2020-07-06 12:04:10,727 INFO c.A.A.c.AcademicController [http-nio-8080-exec-7] Get Assessment Called with id AU0120
2020-07-06 12:04:11,308 INFO c.A.A.c.TraineeController [http-nio-8080-exec-2] Get Assessment Called with id AS01
2020-07-06 12:04:11,322 INFO c.A.A.c.TraineeController [http-nio-8080-exec-8] Get Assessment Called with id AS01
2020-07-06 12:04:26,160 INFO c.A.A.c.CourseController [http-nio-8080-exec-6] Get course Called
2020-07-06 12:04:26,168 INFO c.A.A.c.CourseController [http-nio-8080-exec-10] Get course Called
2020-07-06 12:04:26,174 INFO c.A.A.c.AssessmentController [http-nio-8080-exec-3] Get Assessment Called
2020-07-06 12:04:26,183 INFO c.A.A.c.AssessmentController [http-nio-8080-exec-1] Get Assessment Called
2020-07-06 12:04:26,190 INFO c.A.A.c.TraineeController [http-nio-8080-exec-4] Get All Trainee Called
2020-07-06 12:04:26,198 INFO c.A.A.c.TraineeController [http-nio-8080-exec-9] Get All Trainee Called
2020-07-06 12:04:26,206 INFO c.A.A.c.AcademicController [http-nio-8080-exec-5] Get Assessment Called with id AU0120
2020-07-06 12:04:26,219 INFO c.A.A.c.AcademicController [http-nio-8080-exec-7] Get Assessment Called with id AU0120
2020-07-06 12:04:27,350 INFO c.A.A.c.TraineeController [http-nio-8080-exec-2] Get Assessment Called with id AS01
2020-07-06 12:04:27,358 INFO c.A.A.c.TraineeController [http-nio-8080-exec-8] Get Assessment Called with id AS01
2020-07-06 12:04:53,774 INFO c.A.A.c.AcademicController [http-nio-8080-exec-6] Get Assessment Called with id AU0120
2020-07-06 12:04:53,788 INFO c.A.A.c.AcademicController [http-nio-8080-exec-10] Get Assessment Called with id AU0120
2020-07-06 12:56:59,842 INFO c.A.A.c.CourseController [http-nio-8080-exec-4] Get course Called
2020-07-06 12:56:59,854 INFO c.A.A.c.AssessmentController [http-nio-8080-exec-9] Get Assessment Called
2020-07-06 12:56:59,856 INFO c.A.A.c.CourseController [http-nio-8080-exec-5] Get course Called
2020-07-06 12:56:59,863 INFO c.A.A.c.TraineeController [http-nio-8080-exec-7] Get All Trainee Called
2020-07-06 12:56:59,870 INFO c.A.A.c.AssessmentController [http-nio-8080-exec-2] Get Assessment Called
2020-07-06 12:56:59,876 INFO c.A.A.c.TraineeController [http-nio-8080-exec-8] Get All Trainee Called
2020-07-06 12:56:59,883 INFO c.A.A.c.AcademicController [http-nio-8080-exec-6] Get Assessment Called with id AU0120
2020-07-06 12:56:59,894 INFO c.A.A.c.AcademicController [http-nio-8080-exec-10] Get Assessment Called with id AU0120
2020-07-06 12:57:01,257 INFO c.A.A.c.TraineeController [http-nio-8080-exec-3] Get Assessment Called with id AS01
2020-07-06 12:57:01,262 INFO c.A.A.c.TraineeController [http-nio-8080-exec-1] Get Assessment Called with id AS01
2020-07-06 12:57:28,835 INFO c.A.A.c.CourseController [http-nio-8080-exec-4] Get course Called
2020-07-06 12:57:28,844 INFO c.A.A.c.CourseController [http-nio-8080-exec-9] Get course Called
2020-07-06 12:57:28,849 INFO c.A.A.c.AssessmentController [http-nio-8080-exec-5] Get Assessment Called
2020-07-06 12:57:28,856 INFO c.A.A.c.AssessmentController [http-nio-8080-exec-7] Get Assessment Called
2020-07-06 12:57:28,863 INFO c.A.A.c.TraineeController [http-nio-8080-exec-2] Get All Trainee Called
2020-07-06 12:57:28,870 INFO c.A.A.c.TraineeController [http-nio-8080-exec-8] Get All Trainee Called
2020-07-06 12:57:28,876 INFO c.A.A.c.AcademicController [http-nio-8080-exec-6] Get Assessment Called with id AU0120
2020-07-06 12:57:28,883 INFO c.A.A.c.AcademicController [http-nio-8080-exec-10] Get Assessment Called with id AU0120
2020-07-06 12:57:29,897 INFO c.A.A.c.TraineeController [http-nio-8080-exec-3] Get Assessment Called with id AS01
2020-07-06 12:57:29,903 INFO c.A.A.c.TraineeController [http-nio-8080-exec-1] Get Assessment Called with id AS01
2020-07-06 12:57:55,256 INFO c.A.A.c.CourseController [http-nio-8080-exec-4] Get course Called
2020-07-06 12:57:55,277 INFO c.A.A.c.CourseController [http-nio-8080-exec-9] Get course Called
2020-07-06 12:57:55,285 INFO c.A.A.c.AssessmentController [http-nio-8080-exec-5] Get Assessment Called
2020-07-06 12:57:55,305 INFO c.A.A.c.AssessmentController [http-nio-8080-exec-7] Get Assessment Called
2020-07-06 12:57:55,305 INFO c.A.A.c.TraineeController [http-nio-8080-exec-2] Get All Trainee Called
2020-07-06 12:57:55,327 INFO c.A.A.c.TraineeController [http-nio-8080-exec-8] Get All Trainee Called
2020-07-06 12:57:55,328 INFO c.A.A.c.AcademicController [http-nio-8080-exec-6] Get Assessment Called with id AU0120
2020-07-06 12:57:55,366 INFO c.A.A.c.AcademicController [http-nio-8080-exec-10] Get Assessment Called with id AU0120
2020-07-06 12:57:57,038 INFO c.A.A.c.TraineeController [http-nio-8080-exec-3] Get Assessment Called with id AS01
2020-07-06 12:57:57,048 INFO c.A.A.c.TraineeController [http-nio-8080-exec-1] Get Assessment Called with id AS01
2020-07-06 12:59:24,877 INFO c.A.A.c.CourseController [http-nio-8080-exec-7] Get course Called
2020-07-06 12:59:24,896 INFO c.A.A.c.CourseController [http-nio-8080-exec-2] Get course Called
2020-07-06 12:59:24,899 INFO c.A.A.c.AssessmentController [http-nio-8080-exec-8] Get Assessment Called
2020-07-06 12:59:24,912 INFO c.A.A.c.AssessmentController [http-nio-8080-exec-6] Get Assessment Called
2020-07-06 12:59:24,920 INFO c.A.A.c.TraineeController [http-nio-8080-exec-10] Get All Trainee Called
2020-07-06 12:59:24,942 INFO c.A.A.c.AcademicController [http-nio-8080-exec-3] Get Assessment Called with id AU0120
2020-07-06 12:59:24,955 INFO c.A.A.c.TraineeController [http-nio-8080-exec-1] Get All Trainee Called
2020-07-06 12:59:24,962 INFO c.A.A.c.AcademicController [http-nio-8080-exec-4] Get Assessment Called with id AU0120
2020-07-06 12:59:28,425 INFO c.A.A.c.TraineeController [http-nio-8080-exec-9] Get Assessment Called with id AS01
2020-07-06 12:59:28,432 INFO c.A.A.c.TraineeController [http-nio-8080-exec-5] Get Assessment Called with id AS01
2020-07-06 12:59:49,677 INFO c.A.A.c.CourseController [http-nio-8080-exec-2] Get course Called
2020-07-06 12:59:49,684 INFO c.A.A.c.CourseController [http-nio-8080-exec-8] Get course Called
2020-07-06 12:59:49,696 INFO c.A.A.c.AssessmentController [http-nio-8080-exec-6] Get Assessment Called
2020-07-06 12:59:49,711 INFO c.A.A.c.AssessmentController [http-nio-8080-exec-10] Get Assessment Called
2020-07-06 12:59:49,718 INFO c.A.A.c.TraineeController [http-nio-8080-exec-3] Get All Trainee Called
2020-07-06 12:59:49,727 INFO c.A.A.c.TraineeController [http-nio-8080-exec-1] Get All Trainee Called
2020-07-06 12:59:49,738 INFO c.A.A.c.AcademicController [http-nio-8080-exec-4] Get Assessment Called with id AU0120
2020-07-06 12:59:49,748 INFO c.A.A.c.AcademicController [http-nio-8080-exec-9] Get Assessment Called with id AU0120
2020-07-06 12:59:51,377 INFO c.A.A.c.TraineeController [http-nio-8080-exec-5] Get Assessment Called with id AS01
2020-07-06 12:59:51,383 INFO c.A.A.c.TraineeController [http-nio-8080-exec-7] Get Assessment Called with id AS01
2020-07-06 15:26:14,876 WARN c.z.h.p.HikariPool$HouseKeeper [HikariPool-1 housekeeper] HikariPool-1 - Thread starvation or clock leap detected (housekeeper delta=2m7s435ms798µs250ns).
2020-07-06 15:26:32,695 INFO c.A.A.c.TraineeController [http-nio-8080-exec-6] Get Assessment Called with id AS01
2020-07-06 15:26:33,531 INFO c.A.A.c.CourseController [http-nio-8080-exec-10] Get course Called
2020-07-06 15:26:33,791 INFO c.A.A.c.TraineeController [http-nio-8080-exec-1] Get All Trainee Called
2020-07-06 15:26:33,791 INFO c.A.A.c.AssessmentController [http-nio-8080-exec-3] Get Assessment Called
2020-07-06 15:26:33,897 INFO c.A.A.c.AssessmentController [http-nio-8080-exec-4] Get Assessment Called
2020-07-06 15:26:33,898 INFO c.A.A.c.CourseController [http-nio-8080-exec-9] Get course Called
2020-07-06 15:26:33,902 INFO c.A.A.c.TraineeController [http-nio-8080-exec-5] Get Assessment Called with id AS01
2020-07-06 15:26:34,455 INFO c.A.A.c.AcademicController [http-nio-8080-exec-7] Get Assessment Called with id AU0120
2020-07-06 15:26:34,475 INFO c.A.A.c.AcademicController [http-nio-8080-exec-2] Get Assessment Called with id AU0120
2020-07-06 15:26:35,003 INFO c.A.A.c.TraineeController [http-nio-8080-exec-8] Get All Trainee Called
2020-07-06 15:53:35,689 INFO c.A.A.c.TraineeController [http-nio-8080-exec-9] Get Assessment Called with id AS01
2020-07-06 15:53:35,726 INFO c.A.A.c.TraineeController [http-nio-8080-exec-5] Get Assessment Called with id AS01
2020-07-06 15:53:37,418 INFO c.A.A.c.CourseController [http-nio-8080-exec-7] Get course Called
2020-07-06 15:53:37,432 INFO c.A.A.c.CourseController [http-nio-8080-exec-2] Get course Called
2020-07-06 15:53:37,439 INFO c.A.A.c.AssessmentController [http-nio-8080-exec-1] Get Assessment Called
2020-07-06 15:53:37,446 INFO c.A.A.c.AssessmentController [http-nio-8080-exec-8] Get Assessment Called
2020-07-06 15:53:37,470 INFO c.A.A.c.TraineeController [http-nio-8080-exec-10] Get All Trainee Called
2020-07-06 15:53:37,496 INFO c.A.A.c.AcademicController [http-nio-8080-exec-3] Get Assessment Called with id AU0120
2020-07-06 15:53:37,503 INFO c.A.A.c.TraineeController [http-nio-8080-exec-6] Get All Trainee Called
2020-07-06 15:53:37,542 INFO c.A.A.c.AcademicController [http-nio-8080-exec-4] Get Assessment Called with id AU0120
2020-07-06 15:53:42,846 INFO c.A.A.c.CourseController [http-nio-8080-exec-9] Get course Called
2020-07-06 15:53:42,854 INFO c.A.A.c.CourseController [http-nio-8080-exec-5] Get course Called
2020-07-06 15:53:42,857 INFO c.A.A.c.AssessmentController [http-nio-8080-exec-7] Get Assessment Called
2020-07-06 15:53:42,865 INFO c.A.A.c.AssessmentController [http-nio-8080-exec-2] Get Assessment Called
2020-07-06 15:53:44,073 INFO c.A.A.c.CourseController [http-nio-8080-exec-1] Get course Called
2020-07-06 15:53:44,075 INFO c.A.A.c.AssessmentController [http-nio-8080-exec-8] Get Assessment Called
2020-07-06 15:53:44,090 INFO c.A.A.c.CourseController [http-nio-8080-exec-10] Get course Called
2020-07-06 15:53:44,091 INFO c.A.A.c.AssessmentController [http-nio-8080-exec-6] Get Assessment Called
2020-07-06 15:53:50,719 INFO c.A.A.c.TraineeController [http-nio-8080-exec-3] Get Assessment Called with id AS02
2020-07-06 15:53:50,727 INFO c.A.A.c.TraineeController [http-nio-8080-exec-4] Get Assessment Called with id AS02
2020-07-06 15:55:08,632 INFO c.A.A.c.TraineeController [http-nio-8080-exec-7] Get Assessment Called with id AS02
2020-07-06 15:55:08,646 INFO c.A.A.c.TraineeController [http-nio-8080-exec-2] Get Assessment Called with id AS02
2020-07-06 15:55:13,491 INFO c.A.A.c.CourseController [http-nio-8080-exec-1] Get course Called
2020-07-06 15:55:13,511 INFO c.A.A.c.CourseController [http-nio-8080-exec-8] Get course Called
2020-07-06 15:55:13,725 INFO c.A.A.c.AssessmentController [http-nio-8080-exec-10] Get Assessment Called
2020-07-06 15:55:13,749 INFO c.A.A.c.AssessmentController [http-nio-8080-exec-6] Get Assessment Called
2020-07-06 15:55:13,770 INFO c.A.A.c.TraineeController [http-nio-8080-exec-3] Get All Trainee Called
2020-07-06 15:55:13,798 INFO c.A.A.c.TraineeController [http-nio-8080-exec-4] Get All Trainee Called
2020-07-06 15:55:13,829 INFO c.A.A.c.AcademicController [http-nio-8080-exec-9] Get Assessment Called with id AU0120
2020-07-06 15:55:13,986 INFO c.A.A.c.AcademicController [http-nio-8080-exec-5] Get Assessment Called with id AU0120
2020-07-06 15:55:19,173 INFO c.A.A.c.TraineeController [http-nio-8080-exec-7] Get Assessment Called with id AS02
2020-07-06 15:55:19,197 INFO c.A.A.c.TraineeController [http-nio-8080-exec-2] Get Assessment Called with id AS02
2020-07-06 15:56:07,473 INFO c.A.A.c.TraineeController [http-nio-8080-exec-1] Get Assessment Called with id AS02
2020-07-06 15:56:07,481 INFO c.A.A.c.TraineeController [http-nio-8080-exec-8] Get Assessment Called with id AS02
2020-07-06 15:56:12,643 INFO c.A.A.c.CourseController [http-nio-8080-exec-10] Get course Called
2020-07-06 15:56:12,715 INFO c.A.A.c.TraineeController [http-nio-8080-exec-3] Get All Trainee Called
2020-07-06 15:56:12,660 INFO c.A.A.c.AssessmentController [http-nio-8080-exec-6] Get Assessment Called
2020-07-06 15:56:13,079 INFO c.A.A.c.TraineeController [http-nio-8080-exec-4] Get All Trainee Called
2020-07-06 15:56:13,079 INFO c.A.A.c.CourseController [http-nio-8080-exec-9] Get course Called
2020-07-06 15:56:13,113 INFO c.A.A.c.AcademicController [http-nio-8080-exec-5] Get Assessment Called with id AU0120
2020-07-06 15:56:13,117 INFO c.A.A.c.AssessmentController [http-nio-8080-exec-7] Get Assessment Called
2020-07-06 15:56:13,176 INFO c.A.A.c.AcademicController [http-nio-8080-exec-2] Get Assessment Called with id AU0120
2020-07-06 18:59:54,716 INFO c.A.A.c.TraineeController [http-nio-8080-exec-10] Get Assessment Called with id AS02
2020-07-06 18:59:54,864 INFO c.A.A.c.TraineeController [http-nio-8080-exec-9] Get Assessment Called with id AS02
2020-07-06 18:59:58,046 INFO c.A.A.c.CourseController [http-nio-8080-exec-4] Get course Called
2020-07-06 18:59:58,167 INFO c.A.A.c.CourseController [http-nio-8080-exec-6] Get course Called
2020-07-06 18:59:58,224 INFO c.A.A.c.AssessmentController [http-nio-8080-exec-5] Get Assessment Called
2020-07-06 18:59:58,288 INFO c.A.A.c.AssessmentController [http-nio-8080-exec-7] Get Assessment Called
2020-07-06 18:59:58,319 INFO c.A.A.c.TraineeController [http-nio-8080-exec-2] Get All Trainee Called
2020-07-06 18:59:58,334 INFO c.A.A.c.TraineeController [http-nio-8080-exec-3] Get All Trainee Called
2020-07-06 18:59:58,381 INFO c.A.A.c.AcademicController [http-nio-8080-exec-8] Get Assessment Called with id AU0120
2020-07-06 18:59:58,403 INFO c.A.A.c.AcademicController [http-nio-8080-exec-1] Get Assessment Called with id AU0120
2020-07-06 19:00:18,870 INFO c.A.A.c.TraineeController [http-nio-8080-exec-10] Get Assessment Called with id AS02
2020-07-06 19:00:18,881 INFO c.A.A.c.TraineeController [http-nio-8080-exec-9] Get Assessment Called with id AS02
2020-07-06 19:00:21,327 INFO c.A.A.c.CourseController [http-nio-8080-exec-4] Get course Called
2020-07-06 19:00:21,347 INFO c.A.A.c.CourseController [http-nio-8080-exec-6] Get course Called
2020-07-06 19:00:21,361 INFO c.A.A.c.AssessmentController [http-nio-8080-exec-5] Get Assessment Called
2020-07-06 19:00:21,370 INFO c.A.A.c.AssessmentController [http-nio-8080-exec-7] Get Assessment Called
2020-07-06 19:00:21,378 INFO c.A.A.c.TraineeController [http-nio-8080-exec-2] Get All Trainee Called
2020-07-06 19:00:21,393 INFO c.A.A.c.TraineeController [http-nio-8080-exec-3] Get All Trainee Called
2020-07-06 19:00:21,401 INFO c.A.A.c.AcademicController [http-nio-8080-exec-8] Get Assessment Called with id AU0120
2020-07-06 19:00:21,426 INFO c.A.A.c.AcademicController [http-nio-8080-exec-1] Get Assessment Called with id AU0120
2020-07-06 19:03:31,820 INFO c.A.A.c.TraineeController [http-nio-8080-exec-9] Get Assessment Called with id AS02
2020-07-06 19:03:31,847 INFO c.A.A.c.TraineeController [http-nio-8080-exec-4] Get Assessment Called with id AS02
2020-07-06 19:03:35,375 INFO c.A.A.c.CourseController [http-nio-8080-exec-6] Get course Called
2020-07-06 19:03:35,412 INFO c.A.A.c.CourseController [http-nio-8080-exec-5] Get course Called
2020-07-06 19:03:35,424 INFO c.A.A.c.AssessmentController [http-nio-8080-exec-7] Get Assessment Called
2020-07-06 19:03:35,438 INFO c.A.A.c.AssessmentController [http-nio-8080-exec-2] Get Assessment Called
2020-07-06 19:03:35,448 INFO c.A.A.c.TraineeController [http-nio-8080-exec-3] Get All Trainee Called
2020-07-06 19:03:35,480 INFO c.A.A.c.TraineeController [http-nio-8080-exec-8] Get All Trainee Called
2020-07-06 19:03:35,493 INFO c.A.A.c.AcademicController [http-nio-8080-exec-1] Get Assessment Called with id AU0120
2020-07-06 19:03:35,511 INFO c.A.A.c.AcademicController [http-nio-8080-exec-10] Get Assessment Called with id AU0120
2020-07-06 19:03:38,824 INFO c.A.A.c.TraineeController [http-nio-8080-exec-9] Get Assessment Called with id AS02
2020-07-06 19:03:38,830 INFO c.A.A.c.TraineeController [http-nio-8080-exec-4] Get Assessment Called with id AS02
2020-07-06 19:05:21,224 INFO c.A.A.c.TraineeController [http-nio-8080-exec-5] Get Assessment Called with id AS02
2020-07-06 19:05:21,237 INFO c.A.A.c.TraineeController [http-nio-8080-exec-7] Get Assessment Called with id AS02
2020-07-06 19:05:24,106 INFO c.A.A.c.CourseController [http-nio-8080-exec-2] Get course Called
2020-07-06 19:05:24,150 INFO c.A.A.c.CourseController [http-nio-8080-exec-3] Get course Called
2020-07-06 19:05:24,172 INFO c.A.A.c.AssessmentController [http-nio-8080-exec-8] Get Assessment Called
2020-07-06 19:05:24,226 INFO c.A.A.c.AssessmentController [http-nio-8080-exec-1] Get Assessment Called
2020-07-06 19:05:24,236 INFO c.A.A.c.TraineeController [http-nio-8080-exec-10] Get All Trainee Called
2020-07-06 19:05:24,247 INFO c.A.A.c.TraineeController [http-nio-8080-exec-9] Get All Trainee Called
2020-07-06 19:05:24,308 INFO c.A.A.c.AcademicController [http-nio-8080-exec-4] Get Assessment Called with id AU0120
2020-07-06 19:05:24,320 INFO c.A.A.c.AcademicController [http-nio-8080-exec-6] Get Assessment Called with id AU0120
2020-07-06 19:05:54,581 INFO c.A.A.c.TraineeController [http-nio-8080-exec-5] Get Assessment Called with id AS02
2020-07-06 19:05:54,596 INFO c.A.A.c.TraineeController [http-nio-8080-exec-7] Get Assessment Called with id AS02
2020-07-06 19:05:57,156 INFO c.A.A.c.CourseController [http-nio-8080-exec-2] Get course Called
2020-07-06 19:05:57,172 INFO c.A.A.c.CourseController [http-nio-8080-exec-3] Get course Called
2020-07-06 19:05:57,194 INFO c.A.A.c.AssessmentController [http-nio-8080-exec-8] Get Assessment Called
2020-07-06 19:05:57,279 INFO c.A.A.c.AssessmentController [http-nio-8080-exec-1] Get Assessment Called
2020-07-06 19:05:57,289 INFO c.A.A.c.TraineeController [http-nio-8080-exec-10] Get All Trainee Called
2020-07-06 19:05:57,296 INFO c.A.A.c.TraineeController [http-nio-8080-exec-9] Get All Trainee Called
2020-07-06 19:05:57,307 INFO c.A.A.c.AcademicController [http-nio-8080-exec-4] Get Assessment Called with id AU0120
2020-07-06 19:05:57,313 INFO c.A.A.c.AcademicController [http-nio-8080-exec-6] Get Assessment Called with id AU0120
2020-07-06 19:07:34,163 INFO c.A.A.c.TraineeController [http-nio-8080-exec-7] Get Assessment Called with id AS02
2020-07-06 19:07:34,176 INFO c.A.A.c.TraineeController [http-nio-8080-exec-2] Get Assessment Called with id AS02
2020-07-06 19:07:38,305 INFO c.A.A.c.CourseController [http-nio-8080-exec-3] Get course Called
2020-07-06 19:07:38,312 INFO c.A.A.c.CourseController [http-nio-8080-exec-8] Get course Called
2020-07-06 19:07:38,323 INFO c.A.A.c.AssessmentController [http-nio-8080-exec-1] Get Assessment Called
2020-07-06 19:07:38,332 INFO c.A.A.c.AssessmentController [http-nio-8080-exec-10] Get Assessment Called
2020-07-06 19:07:38,342 INFO c.A.A.c.TraineeController [http-nio-8080-exec-9] Get All Trainee Called
2020-07-06 19:07:38,357 INFO c.A.A.c.TraineeController [http-nio-8080-exec-4] Get All Trainee Called
2020-07-06 19:07:38,385 INFO c.A.A.c.AcademicController [http-nio-8080-exec-6] Get Assessment Called with id AU0120
2020-07-06 19:07:38,391 INFO c.A.A.c.AcademicController [http-nio-8080-exec-5] Get Assessment Called with id AU0120
2020-07-06 19:08:18,756 INFO c.A.A.c.TraineeController [http-nio-8080-exec-7] Get Assessment Called with id AS02
2020-07-06 19:08:18,763 INFO c.A.A.c.TraineeController [http-nio-8080-exec-2] Get Assessment Called with id AS02
2020-07-06 19:08:21,325 INFO c.A.A.c.CourseController [http-nio-8080-exec-3] Get course Called
2020-07-06 19:08:21,334 INFO c.A.A.c.CourseController [http-nio-8080-exec-8] Get course Called
2020-07-06 19:08:21,348 INFO c.A.A.c.AssessmentController [http-nio-8080-exec-1] Get Assessment Called
2020-07-06 19:08:21,397 INFO c.A.A.c.AssessmentController [http-nio-8080-exec-10] Get Assessment Called
2020-07-06 19:08:21,406 INFO c.A.A.c.TraineeController [http-nio-8080-exec-9] Get All Trainee Called
2020-07-06 19:08:21,413 INFO c.A.A.c.TraineeController [http-nio-8080-exec-4] Get All Trainee Called
2020-07-06 19:08:21,428 INFO c.A.A.c.AcademicController [http-nio-8080-exec-6] Get Assessment Called with id AU0120
2020-07-06 19:08:21,437 INFO c.A.A.c.AcademicController [http-nio-8080-exec-5] Get Assessment Called with id AU0120
2020-07-06 19:10:30,072 INFO c.A.A.c.TraineeController [http-nio-8080-exec-2] Get Assessment Called with id AS02
2020-07-06 19:10:30,163 INFO c.A.A.c.TraineeController [http-nio-8080-exec-3] Get Assessment Called with id AS02
2020-07-06 19:10:33,578 INFO c.A.A.c.CourseController [http-nio-8080-exec-8] Get course Called
2020-07-06 19:10:33,593 INFO c.A.A.c.CourseController [http-nio-8080-exec-1] Get course Called
2020-07-06 19:10:33,600 INFO c.A.A.c.AssessmentController [http-nio-8080-exec-10] Get Assessment Called
2020-07-06 19:10:33,612 INFO c.A.A.c.AssessmentController [http-nio-8080-exec-9] Get Assessment Called
2020-07-06 19:10:33,620 INFO c.A.A.c.TraineeController [http-nio-8080-exec-4] Get All Trainee Called
2020-07-06 19:10:33,651 INFO c.A.A.c.TraineeController [http-nio-8080-exec-6] Get All Trainee Called
2020-07-06 19:10:33,660 INFO c.A.A.c.AcademicController [http-nio-8080-exec-5] Get Assessment Called with id AU0120
2020-07-06 19:10:33,791 INFO c.A.A.c.AcademicController [http-nio-8080-exec-7] Get Assessment Called with id AU0120
2020-07-06 21:47:37,942 INFO c.A.A.c.AssessmentController [http-nio-8080-exec-10] Get Assessment Called
2020-07-06 21:47:37,942 INFO c.A.A.c.CourseController [http-nio-8080-exec-1] Get course Called
2020-07-06 21:47:37,942 INFO c.A.A.c.TraineeController [http-nio-8080-exec-3] Get All Trainee Called
2020-07-06 21:47:39,661 INFO c.A.A.c.AcademicController [http-nio-8080-exec-8] Get Assessment Called with id AU0120
2020-07-06 21:47:39,903 INFO c.A.A.c.TraineeController [http-nio-8080-exec-9] Get Assessment Called with id AS02
2020-07-06 21:47:42,602 INFO c.A.A.c.CourseController [http-nio-8080-exec-4] Get course Called
2020-07-06 21:47:44,005 INFO c.A.A.c.AssessmentController [http-nio-8080-exec-6] Get Assessment Called
2020-07-06 21:47:44,592 INFO c.A.A.c.TraineeController [http-nio-8080-exec-5] Get Assessment Called with id AS02
2020-07-06 21:47:44,593 INFO c.A.A.c.AcademicController [http-nio-8080-exec-6] Get Assessment Called with id AU0120
2020-07-06 21:47:44,593 INFO c.A.A.c.TraineeController [http-nio-8080-exec-7] Get All Trainee Called
2020-07-06 21:49:14,172 INFO c.A.A.c.TraineeController [http-nio-8080-exec-9] Get Assessment Called with id AS02
2020-07-06 21:49:14,181 INFO c.A.A.c.TraineeController [http-nio-8080-exec-2] Get Assessment Called with id AS02
2020-07-06 21:49:24,385 INFO c.A.A.c.CourseController [http-nio-8080-exec-7] Get course Called
2020-07-06 21:49:24,804 INFO c.A.A.c.CourseController [http-nio-8080-exec-6] Get course Called
2020-07-06 21:49:25,993 INFO c.A.A.c.AssessmentController [http-nio-8080-exec-5] Get Assessment Called
2020-07-06 21:49:26,269 INFO c.A.A.c.AssessmentController [http-nio-8080-exec-8] Get Assessment Called
2020-07-06 21:49:26,406 INFO c.A.A.c.TraineeController [http-nio-8080-exec-4] Get All Trainee Called
2020-07-06 21:49:26,814 INFO c.A.A.c.TraineeController [http-nio-8080-exec-10] Get All Trainee Called
2020-07-06 21:49:27,249 INFO c.A.A.c.AcademicController [http-nio-8080-exec-3] Get Assessment Called with id AU0120
2020-07-06 21:49:27,854 INFO c.A.A.c.AcademicController [http-nio-8080-exec-1] Get Assessment Called with id AU0120
2020-07-06 21:50:10,209 INFO c.A.A.c.TraineeController [http-nio-8080-exec-9] Get Assessment Called with id AS02
2020-07-06 21:50:10,240 INFO c.A.A.c.TraineeController [http-nio-8080-exec-2] Get Assessment Called with id AS02
2020-07-06 21:50:13,528 INFO c.A.A.c.CourseController [http-nio-8080-exec-7] Get course Called
2020-07-06 21:50:13,548 INFO c.A.A.c.CourseController [http-nio-8080-exec-6] Get course Called
2020-07-06 21:50:13,560 INFO c.A.A.c.AssessmentController [http-nio-8080-exec-5] Get Assessment Called
2020-07-06 21:50:13,732 INFO c.A.A.c.AssessmentController [http-nio-8080-exec-8] Get Assessment Called
2020-07-06 21:50:13,849 INFO c.A.A.c.TraineeController [http-nio-8080-exec-4] Get All Trainee Called
2020-07-06 21:50:13,976 INFO c.A.A.c.TraineeController [http-nio-8080-exec-10] Get All Trainee Called
2020-07-06 21:50:14,010 INFO c.A.A.c.AcademicController [http-nio-8080-exec-3] Get Assessment Called with id AU0120
2020-07-06 21:50:14,023 INFO c.A.A.c.AcademicController [http-nio-8080-exec-1] Get Assessment Called with id AU0120
2020-07-06 21:50:34,634 INFO c.A.A.c.TraineeController [http-nio-8080-exec-9] Get Assessment Called with id AS02
2020-07-06 21:50:34,702 INFO c.A.A.c.TraineeController [http-nio-8080-exec-2] Get Assessment Called with id AS02
2020-07-06 21:50:45,376 INFO c.A.A.c.CourseController [http-nio-8080-exec-7] Get course Called
2020-07-06 21:50:45,422 INFO c.A.A.c.CourseController [http-nio-8080-exec-6] Get course Called
2020-07-06 21:50:45,463 INFO c.A.A.c.AssessmentController [http-nio-8080-exec-5] Get Assessment Called
2020-07-06 21:50:45,469 INFO c.A.A.c.AssessmentController [http-nio-8080-exec-8] Get Assessment Called
2020-07-06 21:50:45,568 INFO c.A.A.c.TraineeController [http-nio-8080-exec-4] Get All Trainee Called
2020-07-06 21:50:45,601 INFO c.A.A.c.TraineeController [http-nio-8080-exec-10] Get All Trainee Called
2020-07-06 21:50:45,620 INFO c.A.A.c.AcademicController [http-nio-8080-exec-3] Get Assessment Called with id AU0120
2020-07-06 21:50:45,632 INFO c.A.A.c.AcademicController [http-nio-8080-exec-1] Get Assessment Called with id AU0120
2020-07-06 21:50:52,345 INFO c.A.A.c.TraineeController [http-nio-8080-exec-9] Get Assessment Called with id AS02
2020-07-06 21:50:52,368 INFO c.A.A.c.TraineeController [http-nio-8080-exec-2] Get Assessment Called with id AS02
2020-07-06 21:51:24,375 INFO c.A.A.c.TraineeController [http-nio-8080-exec-7] Get Assessment Called with id AS02
2020-07-06 21:51:24,388 INFO c.A.A.c.TraineeController [http-nio-8080-exec-6] Get Assessment Called with id AS02
2020-07-06 21:51:28,165 INFO c.A.A.c.CourseController [http-nio-8080-exec-5] Get course Called
2020-07-06 21:51:28,211 INFO c.A.A.c.AssessmentController [http-nio-8080-exec-8] Get Assessment Called
2020-07-06 21:51:28,243 INFO c.A.A.c.CourseController [http-nio-8080-exec-4] Get course Called
2020-07-06 21:51:28,276 INFO c.A.A.c.AssessmentController [http-nio-8080-exec-10] Get Assessment Called
2020-07-06 21:51:28,283 INFO c.A.A.c.TraineeController [http-nio-8080-exec-3] Get All Trainee Called
2020-07-06 21:51:28,291 INFO c.A.A.c.TraineeController [http-nio-8080-exec-1] Get All Trainee Called
2020-07-06 21:51:28,327 INFO c.A.A.c.AcademicController [http-nio-8080-exec-9] Get Assessment Called with id AU0120
2020-07-06 21:51:28,389 INFO c.A.A.c.AcademicController [http-nio-8080-exec-2] Get Assessment Called with id AU0120
2020-07-06 21:53:38,526 INFO c.A.A.c.TraineeController [http-nio-8080-exec-8] Get Assessment Called with id AS02
2020-07-06 21:53:38,755 INFO c.A.A.c.TraineeController [http-nio-8080-exec-5] Get Assessment Called with id AS02
2020-07-06 21:53:41,870 INFO c.A.A.c.CourseController [http-nio-8080-exec-4] Get course Called
2020-07-06 21:53:41,974 INFO c.A.A.c.AssessmentController [http-nio-8080-exec-10] Get Assessment Called
2020-07-06 21:53:41,974 INFO c.A.A.c.TraineeController [http-nio-8080-exec-3] Get All Trainee Called
2020-07-06 21:53:42,206 INFO c.A.A.c.CourseController [http-nio-8080-exec-1] Get course Called
2020-07-06 21:53:42,255 INFO c.A.A.c.AssessmentController [http-nio-8080-exec-9] Get Assessment Called
2020-07-06 21:53:42,255 INFO c.A.A.c.AcademicController [http-nio-8080-exec-6] Get Assessment Called with id AU0120
2020-07-06 21:53:42,261 INFO c.A.A.c.TraineeController [http-nio-8080-exec-2] Get All Trainee Called
2020-07-06 21:53:42,274 INFO c.A.A.c.AcademicController [http-nio-8080-exec-7] Get Assessment Called with id AU0120
2020-07-06 21:54:37,172 INFO c.A.A.c.TraineeController [http-nio-8080-exec-5] Get Assessment Called with id AS02
2020-07-06 21:54:37,179 INFO c.A.A.c.TraineeController [http-nio-8080-exec-4] Get Assessment Called with id AS02
2020-07-06 21:54:40,023 INFO c.A.A.c.CourseController [http-nio-8080-exec-3] Get course Called
2020-07-06 21:54:40,031 INFO c.A.A.c.CourseController [http-nio-8080-exec-10] Get course Called
2020-07-06 21:54:40,042 INFO c.A.A.c.AssessmentController [http-nio-8080-exec-1] Get Assessment Called
2020-07-06 21:54:40,094 INFO c.A.A.c.AssessmentController [http-nio-8080-exec-9] Get Assessment Called
2020-07-06 21:54:40,105 INFO c.A.A.c.TraineeController [http-nio-8080-exec-6] Get All Trainee Called
2020-07-06 21:54:40,407 INFO c.A.A.c.TraineeController [http-nio-8080-exec-2] Get All Trainee Called
2020-07-06 21:54:40,413 INFO c.A.A.c.AcademicController [http-nio-8080-exec-7] Get Assessment Called with id AU0120
2020-07-06 21:54:40,486 INFO c.A.A.c.AcademicController [http-nio-8080-exec-8] Get Assessment Called with id AU0120
2020-07-06 21:56:02,534 INFO c.A.A.c.TraineeController [http-nio-8080-exec-10] Get Assessment Called with id AS02
2020-07-06 21:56:02,603 INFO c.A.A.c.TraineeController [http-nio-8080-exec-1] Get Assessment Called with id AS02
2020-07-06 21:56:05,039 INFO c.A.A.c.CourseController [http-nio-8080-exec-9] Get course Called
2020-07-06 21:56:05,091 INFO c.A.A.c.TraineeController [http-nio-8080-exec-6] Get All Trainee Called
2020-07-06 21:56:05,092 INFO c.A.A.c.AssessmentController [http-nio-8080-exec-2] Get Assessment Called
2020-07-06 21:56:05,093 INFO c.A.A.c.AcademicController [http-nio-8080-exec-7] Get Assessment Called with id AU0120
2020-07-06 21:56:05,097 INFO c.A.A.c.CourseController [http-nio-8080-exec-8] Get course Called
2020-07-06 21:56:05,298 INFO c.A.A.c.AssessmentController [http-nio-8080-exec-5] Get Assessment Called
2020-07-06 21:56:05,298 INFO c.A.A.c.AcademicController [http-nio-8080-exec-9] Get Assessment Called with id AU0120
2020-07-06 21:56:05,299 INFO c.A.A.c.TraineeController [http-nio-8080-exec-4] Get All Trainee Called
2020-07-06 21:56:16,531 INFO c.A.A.c.TraineeController [http-nio-8080-exec-10] Get Assessment Called with id AS02
2020-07-06 21:56:16,539 INFO c.A.A.c.TraineeController [http-nio-8080-exec-1] Get Assessment Called with id AS02
2020-07-06 21:57:54,201 INFO c.A.A.c.TraineeController [http-nio-8080-exec-9] Get Assessment Called with id AS02
2020-07-06 21:57:54,389 INFO c.A.A.c.TraineeController [http-nio-8080-exec-4] Get Assessment Called with id AS02
2020-07-06 21:58:00,149 INFO c.A.A.c.CourseController [http-nio-8080-exec-10] Get course Called
2020-07-06 21:58:00,217 INFO c.A.A.c.CourseController [http-nio-8080-exec-1] Get course Called
2020-07-06 21:58:00,219 INFO c.A.A.c.AssessmentController [http-nio-8080-exec-6] Get Assessment Called
2020-07-06 21:58:00,266 INFO c.A.A.c.AssessmentController [http-nio-8080-exec-2] Get Assessment Called
2020-07-06 21:58:00,326 INFO c.A.A.c.TraineeController [http-nio-8080-exec-3] Get All Trainee Called
2020-07-06 21:58:00,407 INFO c.A.A.c.TraineeController [http-nio-8080-exec-8] Get All Trainee Called
2020-07-06 21:58:00,453 INFO c.A.A.c.AcademicController [http-nio-8080-exec-7] Get Assessment Called with id AU0120
2020-07-06 21:58:00,486 INFO c.A.A.c.AcademicController [http-nio-8080-exec-5] Get Assessment Called with id AU0120
2020-07-06 22:00:53,588 INFO o.s.b.a.SpringApplicationAdminMXBeanRegistrar$SpringApplicationAdmin [RMI TCP Connection(8)-127.0.0.1] Application shutdown requested.
2020-07-06 22:01:34,898 INFO o.s.o.j.AbstractEntityManagerFactoryBean [RMI TCP Connection(8)-127.0.0.1] Closing JPA EntityManagerFactory for persistence unit 'default'
2020-07-06 22:01:39,950 INFO o.s.s.c.ExecutorConfigurationSupport [RMI TCP Connection(8)-127.0.0.1] Shutting down ExecutorService 'applicationTaskExecutor'
2020-07-06 22:01:46,226 INFO c.z.h.HikariDataSource [RMI TCP Connection(8)-127.0.0.1] HikariPool-1 - Shutdown initiated...
2020-07-06 22:01:48,541 INFO c.z.h.HikariDataSource [RMI TCP Connection(8)-127.0.0.1] HikariPool-1 - Shutdown completed.
