2020-07-17 09:48:42,383 INFO o.s.b.StartupInfoLogger [restartedMain] Starting AuApplication on DESKTOP-5DRKUTM with PID 15984 (C:\Users\Rohit\Documents\eclipse-work\AU\target\classes started by Rohit in C:\Users\Rohit\Documents\eclipse-work\AU)
2020-07-17 09:48:42,395 INFO o.s.b.SpringApplication [restartedMain] No active profile set, falling back to default profiles: default
2020-07-17 09:48:42,471 INFO o.s.b.l.DeferredLog [restartedMain] Devtools property defaults active! Set 'spring.devtools.add-properties' to 'false' to disable
2020-07-17 09:48:42,471 INFO o.s.b.l.DeferredLog [restartedMain] For additional web related logging consider setting the 'logging.level.web' property to 'DEBUG'
2020-07-17 09:48:48,987 INFO o.s.d.r.c.RepositoryConfigurationDelegate [restartedMain] Bootstrapping Spring Data JPA repositories in DEFERRED mode.
2020-07-17 09:48:49,069 INFO o.s.d.r.c.RepositoryConfigurationDelegate [restartedMain] Finished Spring Data repository scanning in 57ms. Found 0 JPA repository interfaces.
2020-07-17 09:48:55,659 INFO o.s.b.w.e.t.TomcatWebServer [restartedMain] Tomcat initialized with port(s): 8080 (http)
2020-07-17 09:48:55,794 INFO o.a.j.l.DirectJDKLog [restartedMain] Initializing ProtocolHandler ["http-nio-8080"]
2020-07-17 09:48:55,795 INFO o.a.j.l.DirectJDKLog [restartedMain] Starting service [Tomcat]
2020-07-17 09:48:55,795 INFO o.a.j.l.DirectJDKLog [restartedMain] Starting Servlet engine: [Apache Tomcat/9.0.35]
2020-07-17 09:48:56,378 INFO o.a.j.l.DirectJDKLog [restartedMain] Initializing Spring embedded WebApplicationContext
2020-07-17 09:48:56,378 INFO o.s.b.w.s.c.ServletWebServerApplicationContext [restartedMain] Root WebApplicationContext: initialization completed in 13905 ms
2020-07-17 09:48:57,983 INFO o.s.s.c.ExecutorConfigurationSupport [restartedMain] Initializing ExecutorService 'applicationTaskExecutor'
2020-07-17 09:48:58,527 INFO o.h.j.i.u.LogHelper [task-1] HHH000204: Processing PersistenceUnitInfo [name: default]
2020-07-17 09:48:58,966 INFO o.h.Version [task-1] HHH000412: Hibernate ORM core version 5.4.15.Final
2020-07-17 09:48:59,677 INFO o.h.a.c.r.j.JavaReflectionManager [task-1] HCANN000001: Hibernate Commons Annotations {5.1.0.Final}
2020-07-17 09:49:00,127 INFO c.z.h.HikariDataSource [task-1] HikariPool-1 - Starting...
2020-07-17 09:49:00,451 INFO c.z.h.HikariDataSource [task-1] HikariPool-1 - Start completed.
2020-07-17 09:49:00,525 INFO o.h.d.Dialect [task-1] HHH000400: Using dialect: org.hibernate.dialect.MySQL5Dialect
2020-07-17 09:49:01,295 INFO o.h.e.t.j.p.i.JtaPlatformInitiator [task-1] HHH000490: Using JtaPlatform implementation: [org.hibernate.engine.transaction.jta.platform.internal.NoJtaPlatform]
2020-07-17 09:49:01,427 INFO o.s.o.j.AbstractEntityManagerFactoryBean [task-1] Initialized JPA EntityManagerFactory for persistence unit 'default'
2020-07-17 09:49:02,811 INFO o.s.b.d.a.OptionalLiveReloadServer [task-2] LiveReload server is running on port 35729
2020-07-17 09:49:03,054 WARN o.s.d.r.w.h.HalBrowser [restartedMain] ---
2020-07-17 09:49:03,055 WARN o.s.d.r.w.h.HalBrowser [restartedMain] Spring Data REST HAL Browser is deprecated! Prefer the HAL Explorer (artifactId: spring-data-rest-hal-explorer)!
2020-07-17 09:49:03,055 WARN o.s.d.r.w.h.HalBrowser [restartedMain] ---
2020-07-17 09:49:03,277 WARN o.s.b.a.o.j.JpaBaseConfiguration$JpaWebConfiguration [restartedMain] spring.jpa.open-in-view is enabled by default. Therefore, database queries may be performed during view rendering. Explicitly configure spring.jpa.open-in-view to disable this warning
2020-07-17 09:49:05,601 INFO o.s.b.a.e.w.EndpointLinksResolver [restartedMain] Exposing 2 endpoint(s) beneath base path '/actuator'
2020-07-17 09:49:05,694 INFO o.a.j.l.DirectJDKLog [restartedMain] Starting ProtocolHandler ["http-nio-8080"]
2020-07-17 09:49:05,757 INFO o.s.b.w.e.t.TomcatWebServer [restartedMain] Tomcat started on port(s): 8080 (http) with context path ''
2020-07-17 09:49:05,760 INFO o.s.d.r.c.DeferredRepositoryInitializationListener [restartedMain] Triggering deferred initialization of Spring Data repositories…
2020-07-17 09:49:05,761 INFO o.s.d.r.c.DeferredRepositoryInitializationListener [restartedMain] Spring Data repositories initialized!
2020-07-17 09:49:05,797 INFO o.s.b.StartupInfoLogger [restartedMain] Started AuApplication in 23.922 seconds (JVM running for 25.85)
2020-07-17 09:49:06,513 INFO o.a.j.l.DirectJDKLog [RMI TCP Connection(1)-127.0.0.1] Initializing Spring DispatcherServlet 'dispatcherServlet'
2020-07-17 09:49:06,514 INFO o.s.w.s.FrameworkServlet [RMI TCP Connection(1)-127.0.0.1] Initializing Servlet 'dispatcherServlet'
2020-07-17 09:49:06,535 INFO o.s.w.s.FrameworkServlet [RMI TCP Connection(1)-127.0.0.1] Completed initialization in 21 ms
2020-07-17 09:53:47,237 INFO c.A.A.c.UserController [http-nio-8080-exec-1] Get user Called using email kmr.rht.97@gmail.com
2020-07-17 09:54:05,850 INFO c.A.A.c.UserController [http-nio-8080-exec-2] Get user Called using email kmr.rht.97@gmail.com
2020-07-17 09:54:05,886 INFO c.A.A.c.UserController [http-nio-8080-exec-3] Get user Called using email kmr.rht.97@gmail.com
2020-07-17 09:54:16,140 INFO c.A.A.c.UserController [http-nio-8080-exec-4] Get user Called using email kmr.rht.97@gmail.com
2020-07-17 09:54:16,171 INFO c.A.A.c.UserController [http-nio-8080-exec-5] Get user Called using email kmr.rht.97@gmail.com
2020-07-17 09:55:17,516 INFO c.A.A.c.UserController [http-nio-8080-exec-10] Get user Called using email kmr.rht.97@gmail.com
2020-07-17 09:55:17,533 INFO c.A.A.c.UserController [http-nio-8080-exec-9] Get user Called using email kmr.rht.97@gmail.com
2020-07-17 09:55:30,192 INFO c.A.A.c.UserController [http-nio-8080-exec-8] Get user Called using email kmr.rht.97@gmail.com
2020-07-17 09:55:30,201 INFO c.A.A.c.UserController [http-nio-8080-exec-7] Get user Called using email kmr.rht.97@gmail.com
2020-07-17 11:00:11,285 INFO o.s.b.a.SpringApplicationAdminMXBeanRegistrar$SpringApplicationAdmin [RMI TCP Connection(4)-127.0.0.1] Application shutdown requested.
2020-07-17 11:00:12,051 INFO o.s.o.j.AbstractEntityManagerFactoryBean [RMI TCP Connection(4)-127.0.0.1] Closing JPA EntityManagerFactory for persistence unit 'default'
2020-07-17 11:00:12,074 INFO o.s.s.c.ExecutorConfigurationSupport [RMI TCP Connection(4)-127.0.0.1] Shutting down ExecutorService 'applicationTaskExecutor'
2020-07-17 11:00:12,083 INFO c.z.h.HikariDataSource [RMI TCP Connection(4)-127.0.0.1] HikariPool-1 - Shutdown initiated...
2020-07-17 11:00:12,099 INFO c.z.h.HikariDataSource [RMI TCP Connection(4)-127.0.0.1] HikariPool-1 - Shutdown completed.
